<?xml version="1.0" encoding="UTF-8"?>
<testsuite xmlns:xsi="http://www.w3.org/2001/XMLSchema-instance" xsi:noNamespaceSchemaLocation="https://maven.apache.org/surefire/maven-surefire-plugin/xsd/surefire-test-report.xsd" version="3.0.2" name="TestSuite" time="119.066" tests="3" errors="0" skipped="0" failures="1">
  <properties>
    <property name="java.specification.version" value="22"/>
    <property name="sun.cpu.isalist" value="amd64"/>
    <property name="sun.jnu.encoding" value="Cp1252"/>
    <property name="java.class.path" value="C:\Users\rakk0001\eclipse-workspace\CustomServicesAutomation\target\test-classes;C:\Users\rakk0001\eclipse-workspace\CustomServicesAutomation\target\classes;C:\Users\rakk0001\.m2\repository\io\rest-assured\rest-assured\5.4.0\rest-assured-5.4.0.jar;C:\Users\rakk0001\.m2\repository\org\apache\groovy\groovy\4.0.16\groovy-4.0.16.jar;C:\Users\rakk0001\.m2\repository\org\apache\groovy\groovy-xml\4.0.16\groovy-xml-4.0.16.jar;C:\Users\rakk0001\.m2\repository\org\apache\httpcomponents\httpclient\4.5.13\httpclient-4.5.13.jar;C:\Users\rakk0001\.m2\repository\org\apache\httpcomponents\httpcore\4.4.13\httpcore-4.4.13.jar;C:\Users\rakk0001\.m2\repository\commons-logging\commons-logging\1.2\commons-logging-1.2.jar;C:\Users\rakk0001\.m2\repository\org\apache\httpcomponents\httpmime\4.5.13\httpmime-4.5.13.jar;C:\Users\rakk0001\.m2\repository\org\hamcrest\hamcrest\2.2\hamcrest-2.2.jar;C:\Users\rakk0001\.m2\repository\org\ccil\cowan\tagsoup\tagsoup\1.2.1\tagsoup-1.2.1.jar;C:\Users\rakk0001\.m2\repository\io\rest-assured\xml-path\5.4.0\xml-path-5.4.0.jar;C:\Users\rakk0001\.m2\repository\io\rest-assured\json-path\5.4.0\json-path-5.4.0.jar;C:\Users\rakk0001\.m2\repository\org\apache\groovy\groovy-json\4.0.16\groovy-json-4.0.16.jar;C:\Users\rakk0001\.m2\repository\io\rest-assured\rest-assured-common\5.4.0\rest-assured-common-5.4.0.jar;C:\Users\rakk0001\.m2\repository\org\json\json\20240303\json-20240303.jar;C:\Users\rakk0001\.m2\repository\com\github\scribejava\scribejava-apis\8.3.3\scribejava-apis-8.3.3.jar;C:\Users\rakk0001\.m2\repository\com\github\scribejava\scribejava-core\8.3.3\scribejava-core-8.3.3.jar;C:\Users\rakk0001\.m2\repository\com\github\scribejava\scribejava-java8\8.3.3\scribejava-java8-8.3.3.jar;C:\Users\rakk0001\.m2\repository\com\fasterxml\jackson\core\jackson-databind\2.14.0\jackson-databind-2.14.0.jar;C:\Users\rakk0001\.m2\repository\com\fasterxml\jackson\core\jackson-annotations\2.14.0\jackson-annotations-2.14.0.jar;C:\Users\rakk0001\.m2\repository\com\fasterxml\jackson\core\jackson-core\2.14.0\jackson-core-2.14.0.jar;C:\Users\rakk0001\.m2\repository\org\testng\testng\7.10.2\testng-7.10.2.jar;C:\Users\rakk0001\.m2\repository\org\slf4j\slf4j-api\1.7.36\slf4j-api-1.7.36.jar;C:\Users\rakk0001\.m2\repository\com\beust\jcommander\1.82\jcommander-1.82.jar;C:\Users\rakk0001\.m2\repository\org\webjars\jquery\3.7.1\jquery-3.7.1.jar;C:\Users\rakk0001\.m2\repository\io\rest-assured\json-schema-validator\5.5.0\json-schema-validator-5.5.0.jar;C:\Users\rakk0001\.m2\repository\com\github\java-json-tools\json-schema-validator\2.2.14\json-schema-validator-2.2.14.jar;C:\Users\rakk0001\.m2\repository\com\github\java-json-tools\jackson-coreutils-equivalence\1.0\jackson-coreutils-equivalence-1.0.jar;C:\Users\rakk0001\.m2\repository\com\github\java-json-tools\jackson-coreutils\2.0\jackson-coreutils-2.0.jar;C:\Users\rakk0001\.m2\repository\com\github\java-json-tools\msg-simple\1.2\msg-simple-1.2.jar;C:\Users\rakk0001\.m2\repository\com\github\java-json-tools\btf\1.3\btf-1.3.jar;C:\Users\rakk0001\.m2\repository\com\github\java-json-tools\json-schema-core\1.2.14\json-schema-core-1.2.14.jar;C:\Users\rakk0001\.m2\repository\com\github\java-json-tools\uri-template\0.10\uri-template-0.10.jar;C:\Users\rakk0001\.m2\repository\org\mozilla\rhino\1.7.7.2\rhino-1.7.7.2.jar;C:\Users\rakk0001\.m2\repository\com\sun\mail\mailapi\1.6.2\mailapi-1.6.2.jar;C:\Users\rakk0001\.m2\repository\joda-time\joda-time\2.10.5\joda-time-2.10.5.jar;C:\Users\rakk0001\.m2\repository\com\googlecode\libphonenumber\libphonenumber\8.11.1\libphonenumber-8.11.1.jar;C:\Users\rakk0001\.m2\repository\com\google\code\findbugs\jsr305\3.0.2\jsr305-3.0.2.jar;C:\Users\rakk0001\.m2\repository\net\sf\jopt-simple\jopt-simple\5.0.4\jopt-simple-5.0.4.jar;C:\Users\rakk0001\.m2\repository\com\google\guava\guava\33.2.1-jre\guava-33.2.1-jre.jar;C:\Users\rakk0001\.m2\repository\com\google\guava\failureaccess\1.0.2\failureaccess-1.0.2.jar;C:\Users\rakk0001\.m2\repository\com\google\guava\listenablefuture\9999.0-empty-to-avoid-conflict-with-guava\listenablefuture-9999.0-empty-to-avoid-conflict-with-guava.jar;C:\Users\rakk0001\.m2\repository\org\checkerframework\checker-qual\3.42.0\checker-qual-3.42.0.jar;C:\Users\rakk0001\.m2\repository\com\google\errorprone\error_prone_annotations\2.26.1\error_prone_annotations-2.26.1.jar;C:\Users\rakk0001\.m2\repository\com\google\j2objc\j2objc-annotations\3.0.0\j2objc-annotations-3.0.0.jar;C:\Users\rakk0001\.m2\repository\com\github\javafaker\javafaker\0.15\javafaker-0.15.jar;C:\Users\rakk0001\.m2\repository\org\apache\commons\commons-lang3\3.5\commons-lang3-3.5.jar;C:\Users\rakk0001\.m2\repository\org\yaml\snakeyaml\1.20\snakeyaml-1.20-android.jar;C:\Users\rakk0001\.m2\repository\com\github\mifmif\generex\1.0.2\generex-1.0.2.jar;C:\Users\rakk0001\.m2\repository\dk\brics\automaton\automaton\1.11-8\automaton-1.11-8.jar;C:\Users\rakk0001\.m2\repository\com\aventstack\extentreports\5.1.2\extentreports-5.1.2.jar;C:\Users\rakk0001\.m2\repository\io\reactivex\rxjava3\rxjava\3.1.6\rxjava-3.1.6.jar;C:\Users\rakk0001\.m2\repository\org\reactivestreams\reactive-streams\1.0.4\reactive-streams-1.0.4.jar;C:\Users\rakk0001\.m2\repository\org\freemarker\freemarker\2.3.32\freemarker-2.3.32.jar;C:\Users\rakk0001\.m2\repository\org\projectlombok\lombok\1.18.26\lombok-1.18.26.jar;C:\Users\rakk0001\.m2\repository\com\google\code\gson\gson\2.10.1\gson-2.10.1.jar;C:\Users\rakk0001\.m2\repository\org\apache\poi\poi\5.3.0\poi-5.3.0.jar;C:\Users\rakk0001\.m2\repository\commons-codec\commons-codec\1.17.0\commons-codec-1.17.0.jar;C:\Users\rakk0001\.m2\repository\org\apache\commons\commons-collections4\4.4\commons-collections4-4.4.jar;C:\Users\rakk0001\.m2\repository\org\apache\commons\commons-math3\3.6.1\commons-math3-3.6.1.jar;C:\Users\rakk0001\.m2\repository\commons-io\commons-io\2.16.1\commons-io-2.16.1.jar;C:\Users\rakk0001\.m2\repository\com\zaxxer\SparseBitSet\1.3\SparseBitSet-1.3.jar;C:\Users\rakk0001\.m2\repository\org\apache\logging\log4j\log4j-api\2.23.1\log4j-api-2.23.1.jar;C:\Users\rakk0001\.m2\repository\org\apache\poi\poi-ooxml\5.3.0\poi-ooxml-5.3.0.jar;C:\Users\rakk0001\.m2\repository\org\apache\poi\poi-ooxml-lite\5.3.0\poi-ooxml-lite-5.3.0.jar;C:\Users\rakk0001\.m2\repository\org\apache\xmlbeans\xmlbeans\5.2.1\xmlbeans-5.2.1.jar;C:\Users\rakk0001\.m2\repository\org\apache\commons\commons-compress\1.26.2\commons-compress-1.26.2.jar;C:\Users\rakk0001\.m2\repository\com\github\virtuald\curvesapi\1.08\curvesapi-1.08.jar;C:\Users\rakk0001\.m2\repository\com\googlecode\json-simple\json-simple\1.1.1\json-simple-1.1.1.jar;C:\Users\rakk0001\.m2\repository\junit\junit\4.10\junit-4.10.jar;C:\Users\rakk0001\.m2\repository\org\hamcrest\hamcrest-core\1.1\hamcrest-core-1.1.jar;C:\Users\rakk0001\.m2\repository\org\skyscreamer\jsonassert\1.5.3\jsonassert-1.5.3.jar;C:\Users\rakk0001\.m2\repository\com\vaadin\external\google\android-json\0.0.20131108.vaadin1\android-json-0.0.20131108.vaadin1.jar;"/>
    <property name="java.vm.vendor" value="Eclipse Adoptium"/>
    <property name="sun.arch.data.model" value="64"/>
    <property name="user.variant" value=""/>
    <property name="java.vendor.url" value="https://adoptium.net/"/>
    <property name="user.timezone" value="Asia/Calcutta"/>
    <property name="os.name" value="Windows 11"/>
    <property name="java.vm.specification.version" value="22"/>
    <property name="sun.java.launcher" value="SUN_STANDARD"/>
    <property name="user.country" value="IN"/>
    <property name="sun.boot.library.path" value="C:\Users\rakk0001\.p2\pool\plugins\org.eclipse.justj.openjdk.hotspot.jre.full.win32.x86_64_22.0.1.v20240426-1149\jre\bin"/>
    <property name="sun.java.command" value="C:\Users\rakk0001\AppData\Local\Temp\surefire16288186356907938248\surefirebooter-20240902123326883_3.jar C:\Users\rakk0001\AppData\Local\Temp\surefire16288186356907938248 2024-09-02T12-33-26_661-jvmRun1 surefire-20240902123326883_1tmp surefire_0-20240902123326883_2tmp"/>
    <property name="jdk.debug" value="release"/>
    <property name="surefire.test.class.path" value="C:\Users\rakk0001\eclipse-workspace\CustomServicesAutomation\target\test-classes;C:\Users\rakk0001\eclipse-workspace\CustomServicesAutomation\target\classes;C:\Users\rakk0001\.m2\repository\io\rest-assured\rest-assured\5.4.0\rest-assured-5.4.0.jar;C:\Users\rakk0001\.m2\repository\org\apache\groovy\groovy\4.0.16\groovy-4.0.16.jar;C:\Users\rakk0001\.m2\repository\org\apache\groovy\groovy-xml\4.0.16\groovy-xml-4.0.16.jar;C:\Users\rakk0001\.m2\repository\org\apache\httpcomponents\httpclient\4.5.13\httpclient-4.5.13.jar;C:\Users\rakk0001\.m2\repository\org\apache\httpcomponents\httpcore\4.4.13\httpcore-4.4.13.jar;C:\Users\rakk0001\.m2\repository\commons-logging\commons-logging\1.2\commons-logging-1.2.jar;C:\Users\rakk0001\.m2\repository\org\apache\httpcomponents\httpmime\4.5.13\httpmime-4.5.13.jar;C:\Users\rakk0001\.m2\repository\org\hamcrest\hamcrest\2.2\hamcrest-2.2.jar;C:\Users\rakk0001\.m2\repository\org\ccil\cowan\tagsoup\tagsoup\1.2.1\tagsoup-1.2.1.jar;C:\Users\rakk0001\.m2\repository\io\rest-assured\xml-path\5.4.0\xml-path-5.4.0.jar;C:\Users\rakk0001\.m2\repository\io\rest-assured\json-path\5.4.0\json-path-5.4.0.jar;C:\Users\rakk0001\.m2\repository\org\apache\groovy\groovy-json\4.0.16\groovy-json-4.0.16.jar;C:\Users\rakk0001\.m2\repository\io\rest-assured\rest-assured-common\5.4.0\rest-assured-common-5.4.0.jar;C:\Users\rakk0001\.m2\repository\org\json\json\20240303\json-20240303.jar;C:\Users\rakk0001\.m2\repository\com\github\scribejava\scribejava-apis\8.3.3\scribejava-apis-8.3.3.jar;C:\Users\rakk0001\.m2\repository\com\github\scribejava\scribejava-core\8.3.3\scribejava-core-8.3.3.jar;C:\Users\rakk0001\.m2\repository\com\github\scribejava\scribejava-java8\8.3.3\scribejava-java8-8.3.3.jar;C:\Users\rakk0001\.m2\repository\com\fasterxml\jackson\core\jackson-databind\2.14.0\jackson-databind-2.14.0.jar;C:\Users\rakk0001\.m2\repository\com\fasterxml\jackson\core\jackson-annotations\2.14.0\jackson-annotations-2.14.0.jar;C:\Users\rakk0001\.m2\repository\com\fasterxml\jackson\core\jackson-core\2.14.0\jackson-core-2.14.0.jar;C:\Users\rakk0001\.m2\repository\org\testng\testng\7.10.2\testng-7.10.2.jar;C:\Users\rakk0001\.m2\repository\org\slf4j\slf4j-api\1.7.36\slf4j-api-1.7.36.jar;C:\Users\rakk0001\.m2\repository\com\beust\jcommander\1.82\jcommander-1.82.jar;C:\Users\rakk0001\.m2\repository\org\webjars\jquery\3.7.1\jquery-3.7.1.jar;C:\Users\rakk0001\.m2\repository\io\rest-assured\json-schema-validator\5.5.0\json-schema-validator-5.5.0.jar;C:\Users\rakk0001\.m2\repository\com\github\java-json-tools\json-schema-validator\2.2.14\json-schema-validator-2.2.14.jar;C:\Users\rakk0001\.m2\repository\com\github\java-json-tools\jackson-coreutils-equivalence\1.0\jackson-coreutils-equivalence-1.0.jar;C:\Users\rakk0001\.m2\repository\com\github\java-json-tools\jackson-coreutils\2.0\jackson-coreutils-2.0.jar;C:\Users\rakk0001\.m2\repository\com\github\java-json-tools\msg-simple\1.2\msg-simple-1.2.jar;C:\Users\rakk0001\.m2\repository\com\github\java-json-tools\btf\1.3\btf-1.3.jar;C:\Users\rakk0001\.m2\repository\com\github\java-json-tools\json-schema-core\1.2.14\json-schema-core-1.2.14.jar;C:\Users\rakk0001\.m2\repository\com\github\java-json-tools\uri-template\0.10\uri-template-0.10.jar;C:\Users\rakk0001\.m2\repository\org\mozilla\rhino\1.7.7.2\rhino-1.7.7.2.jar;C:\Users\rakk0001\.m2\repository\com\sun\mail\mailapi\1.6.2\mailapi-1.6.2.jar;C:\Users\rakk0001\.m2\repository\joda-time\joda-time\2.10.5\joda-time-2.10.5.jar;C:\Users\rakk0001\.m2\repository\com\googlecode\libphonenumber\libphonenumber\8.11.1\libphonenumber-8.11.1.jar;C:\Users\rakk0001\.m2\repository\com\google\code\findbugs\jsr305\3.0.2\jsr305-3.0.2.jar;C:\Users\rakk0001\.m2\repository\net\sf\jopt-simple\jopt-simple\5.0.4\jopt-simple-5.0.4.jar;C:\Users\rakk0001\.m2\repository\com\google\guava\guava\33.2.1-jre\guava-33.2.1-jre.jar;C:\Users\rakk0001\.m2\repository\com\google\guava\failureaccess\1.0.2\failureaccess-1.0.2.jar;C:\Users\rakk0001\.m2\repository\com\google\guava\listenablefuture\9999.0-empty-to-avoid-conflict-with-guava\listenablefuture-9999.0-empty-to-avoid-conflict-with-guava.jar;C:\Users\rakk0001\.m2\repository\org\checkerframework\checker-qual\3.42.0\checker-qual-3.42.0.jar;C:\Users\rakk0001\.m2\repository\com\google\errorprone\error_prone_annotations\2.26.1\error_prone_annotations-2.26.1.jar;C:\Users\rakk0001\.m2\repository\com\google\j2objc\j2objc-annotations\3.0.0\j2objc-annotations-3.0.0.jar;C:\Users\rakk0001\.m2\repository\com\github\javafaker\javafaker\0.15\javafaker-0.15.jar;C:\Users\rakk0001\.m2\repository\org\apache\commons\commons-lang3\3.5\commons-lang3-3.5.jar;C:\Users\rakk0001\.m2\repository\org\yaml\snakeyaml\1.20\snakeyaml-1.20-android.jar;C:\Users\rakk0001\.m2\repository\com\github\mifmif\generex\1.0.2\generex-1.0.2.jar;C:\Users\rakk0001\.m2\repository\dk\brics\automaton\automaton\1.11-8\automaton-1.11-8.jar;C:\Users\rakk0001\.m2\repository\com\aventstack\extentreports\5.1.2\extentreports-5.1.2.jar;C:\Users\rakk0001\.m2\repository\io\reactivex\rxjava3\rxjava\3.1.6\rxjava-3.1.6.jar;C:\Users\rakk0001\.m2\repository\org\reactivestreams\reactive-streams\1.0.4\reactive-streams-1.0.4.jar;C:\Users\rakk0001\.m2\repository\org\freemarker\freemarker\2.3.32\freemarker-2.3.32.jar;C:\Users\rakk0001\.m2\repository\org\projectlombok\lombok\1.18.26\lombok-1.18.26.jar;C:\Users\rakk0001\.m2\repository\com\google\code\gson\gson\2.10.1\gson-2.10.1.jar;C:\Users\rakk0001\.m2\repository\org\apache\poi\poi\5.3.0\poi-5.3.0.jar;C:\Users\rakk0001\.m2\repository\commons-codec\commons-codec\1.17.0\commons-codec-1.17.0.jar;C:\Users\rakk0001\.m2\repository\org\apache\commons\commons-collections4\4.4\commons-collections4-4.4.jar;C:\Users\rakk0001\.m2\repository\org\apache\commons\commons-math3\3.6.1\commons-math3-3.6.1.jar;C:\Users\rakk0001\.m2\repository\commons-io\commons-io\2.16.1\commons-io-2.16.1.jar;C:\Users\rakk0001\.m2\repository\com\zaxxer\SparseBitSet\1.3\SparseBitSet-1.3.jar;C:\Users\rakk0001\.m2\repository\org\apache\logging\log4j\log4j-api\2.23.1\log4j-api-2.23.1.jar;C:\Users\rakk0001\.m2\repository\org\apache\poi\poi-ooxml\5.3.0\poi-ooxml-5.3.0.jar;C:\Users\rakk0001\.m2\repository\org\apache\poi\poi-ooxml-lite\5.3.0\poi-ooxml-lite-5.3.0.jar;C:\Users\rakk0001\.m2\repository\org\apache\xmlbeans\xmlbeans\5.2.1\xmlbeans-5.2.1.jar;C:\Users\rakk0001\.m2\repository\org\apache\commons\commons-compress\1.26.2\commons-compress-1.26.2.jar;C:\Users\rakk0001\.m2\repository\com\github\virtuald\curvesapi\1.08\curvesapi-1.08.jar;C:\Users\rakk0001\.m2\repository\com\googlecode\json-simple\json-simple\1.1.1\json-simple-1.1.1.jar;C:\Users\rakk0001\.m2\repository\junit\junit\4.10\junit-4.10.jar;C:\Users\rakk0001\.m2\repository\org\hamcrest\hamcrest-core\1.1\hamcrest-core-1.1.jar;C:\Users\rakk0001\.m2\repository\org\skyscreamer\jsonassert\1.5.3\jsonassert-1.5.3.jar;C:\Users\rakk0001\.m2\repository\com\vaadin\external\google\android-json\0.0.20131108.vaadin1\android-json-0.0.20131108.vaadin1.jar;"/>
    <property name="sun.cpu.endian" value="little"/>
    <property name="user.home" value="C:\Users\rakk0001"/>
    <property name="user.language" value="en"/>
    <property name="java.specification.vendor" value="Oracle Corporation"/>
    <property name="java.version.date" value="2024-04-16"/>
    <property name="java.home" value="C:\Users\rakk0001\.p2\pool\plugins\org.eclipse.justj.openjdk.hotspot.jre.full.win32.x86_64_22.0.1.v20240426-1149\jre"/>
    <property name="file.separator" value="\"/>
    <property name="basedir" value="C:\Users\rakk0001\eclipse-workspace\CustomServicesAutomation"/>
    <property name="style.color" value="always"/>
    <property name="java.vm.compressedOopsMode" value="Zero based"/>
    <property name="line.separator" value="&#10;"/>
    <property name="java.vm.specification.vendor" value="Oracle Corporation"/>
    <property name="java.specification.name" value="Java Platform API Specification"/>
    <property name="surefire.real.class.path" value="C:\Users\rakk0001\AppData\Local\Temp\surefire16288186356907938248\surefirebooter-20240902123326883_3.jar"/>
    <property name="user.script" value=""/>
    <property name="sun.management.compiler" value="HotSpot 64-Bit Tiered Compilers"/>
    <property name="java.runtime.version" value="22.0.1+8"/>
    <property name="user.name" value="rakk0001"/>
    <property name="stdout.encoding" value="Cp1252"/>
    <property name="path.separator" value=";"/>
    <property name="os.version" value="10.0"/>
    <property name="java.runtime.name" value="OpenJDK Runtime Environment"/>
    <property name="file.encoding" value="UTF-8"/>
    <property name="java.vm.name" value="OpenJDK 64-Bit Server VM"/>
    <property name="java.vendor.version" value="Temurin-22.0.1+8"/>
    <property name="localRepository" value="C:\Users\rakk0001\.m2\repository"/>
    <property name="java.vendor.url.bug" value="https://github.com/adoptium/adoptium-support/issues"/>
    <property name="java.io.tmpdir" value="C:\Users\rakk0001\AppData\Local\Temp\"/>
    <property name="java.version" value="22.0.1"/>
    <property name="user.dir" value="C:\Users\rakk0001\eclipse-workspace\CustomServicesAutomation"/>
    <property name="os.arch" value="amd64"/>
    <property name="java.vm.specification.name" value="Java Virtual Machine Specification"/>
    <property name="sun.os.patch.level" value=""/>
    <property name="native.encoding" value="Cp1252"/>
    <property name="java.library.path" value="C:\Users\rakk0001\.p2\pool\plugins\org.eclipse.justj.openjdk.hotspot.jre.full.win32.x86_64_22.0.1.v20240426-1149\jre\bin;C:\Windows\Sun\Java\bin;C:\Windows\system32;C:\Windows;C:/Users/rakk0001/.p2/pool/plugins/org.eclipse.justj.openjdk.hotspot.jre.full.win32.x86_64_22.0.1.v20240426-1149/jre/bin/server;C:/Users/rakk0001/.p2/pool/plugins/org.eclipse.justj.openjdk.hotspot.jre.full.win32.x86_64_22.0.1.v20240426-1149/jre/bin;C:\Program Files\Common Files\Oracle\Java\javapath;C:\Windows\system32;C:\Windows;C:\Windows\System32\Wbem;C:\Windows\System32\WindowsPowerShell\v1.0\;C:\Windows\System32\OpenSSH\;C:\Program Files\dotnet\;C:\Program Files\nodejs\;C:\apache-maven-3.9.8\bin;C:\apache-maven-3.9.8\bin;C:\Program Files\Java\jdk-22\bin;C:\Program Files\Git\cmd;C:\Python312\Scripts\;C:\Python312\;C:\Users\rakk0001\AppData\Local\Programs\Python\Launcher\;C:\Users\rakk0001\AppData\Local\Microsoft\WindowsApps;C:\Users\rakk0001\AppData\Roaming\npm;C:\apache-maven-3.9.8\bin;;C:\Program Files\JetBrains\IntelliJ IDEA Community Edition 2024.2.0.2\bin;;C:\Users\rakk0001\OneDrive - SpatialNetworX\Desktop;;."/>
    <property name="java.vm.info" value="mixed mode"/>
    <property name="stderr.encoding" value="Cp1252"/>
    <property name="java.vendor" value="Eclipse Adoptium"/>
    <property name="java.vm.version" value="22.0.1+8"/>
    <property name="sun.io.unicode.encoding" value="UnicodeLittle"/>
    <property name="java.class.version" value="66.0"/>
  </properties>
  <testcase name="PayloadReport_ThirdParty[Third_Party, CG-SH3-264f, 2, ./ExpectedOutput/ExpectedBody.txt](1)" classname="api.test.ShawTests" time="59.106">
    <system-out><![CDATA[2024-09-02T07:03:28.799204100Z main ERROR Log4j2 could not find a logging implementation. Please add log4j-core to the classpath. Using SimpleLogger to log to the console...
{
    "Summary": [
        [
            "Date",
            "2024-09-02 17:04:24"
        ],
        [
            "User",
            "SPATIALNETWORX\\rakk0001"
        ],
        [
            "Request URL",
            "http://10.246.4.103/spatialSTORM/spatialSUITE/v8_6_2/custom/PayloadReport?ReportType=Third_Party&Sheath=CG-SH3-264f&Segment=2"
        ],
        [
            "Request Processing time (s)",
            27.5970536
        ]
    ],
    "Issues": [
        
    ],
    "Data": [
        {
            "PAYLOAD": "PIF-11283",
            "SHEATH": "CG-SH3-264f",
            "NOTES": "Gulf Canada Square",
            "FIBRE_SYSTEM": "CG-10:CG-467:fs7",
            "BUFFER": "Blue",
            "FIBRE": "Blue",
            "END": "CG-10-1-1",
            "START": "CG-1739-1-4",
            "FIBRE_OWNER": "Group Telecom"
        },
        {
            "PAYLOAD": "PIF-11283",
            "SHEATH": "CG-SH3-264f",
            "NOTES": "Gulf Canada Square",
            "FIBRE_SYSTEM": "CG-10:CG-467:fs7",
            "BUFFER": "Blue",
            "FIBRE": "Orange",
            "END": "CG-10-1-1",
            "START": "CG-1739-1-4",
            "FIBRE_OWNER": "Group Telecom"
        },
        {
            "PAYLOAD": "PIF-11298",
            "SHEATH": "CG-SH3-264f",
            "NOTES": "CPR0004CGE",
            "FIBRE_SYSTEM": "CG-10:CG-467:fs3",
            "BUFFER": "Blue",
            "FIBRE": "Green",
            "END": "CG-10-1-1",
            "START": "CG-1739-1-4",
            "FIBRE_OWNER": "Group Telecom"
        },
        {
            "PAYLOAD": "PIF-11298",
            "SHEATH": "CG-SH3-264f",
            "NOTES": "CPR0004CGE",
            "FIBRE_SYSTEM": "CG-10:CG-467:fs3",
            "BUFFER": "Blue",
            "FIBRE": "Brown",
            "END": "CG-10-1-1",
            "START": "CG-1739-1-4",
            "FIBRE_OWNER": "Group Telecom"
        },
        {
            "PAYLOAD": "PIF-10146",
            "SHEATH": "CG-SH3-264f",
            "NOTES": "Royal Park Tower",
            "FIBRE_SYSTEM": "CG-10:CG-497:fs1",
            "BUFFER": "Blue",
            "FIBRE": "Slate",
            "END": "CG-10-1-1",
            "START": "CG-1739-1-4",
            "FIBRE_OWNER": "Group Telecom"
        },
        {
            "PAYLOAD": "PIF-10146",
            "SHEATH": "CG-SH3-264f",
            "NOTES": "Royal Park Tower",
            "FIBRE_SYSTEM": "CG-10:CG-497:fs1",
            "BUFFER": "Blue",
            "FIBRE": "White",
            "END": "CG-10-1-1",
            "START": "CG-1739-1-4",
            "FIBRE_OWNER": "Group Telecom"
        },
        {
            "PAYLOAD": "PIF-10021",
            "SHEATH": "CG-SH3-264f",
            "NOTES": "Nova Chem Bldg",
            "FIBRE_SYSTEM": "CG-10:CG-611:fs1",
            "BUFFER": "Blue",
            "FIBRE": "Red",
            "END": "CG-10-1-1",
            "START": "CG-1739-1-4",
            "FIBRE_OWNER": "Group Telecom"
        },
        {
            "PAYLOAD": "PIF-10021",
            "SHEATH": "CG-SH3-264f",
            "NOTES": "Nova Chem Bldg",
            "FIBRE_SYSTEM": "CG-10:CG-611:fs1",
            "BUFFER": "Blue",
            "FIBRE": "Black",
            "END": "CG-10-1-1",
            "START": "CG-1739-1-4",
            "FIBRE_OWNER": "Group Telecom"
        },
        {
            "PAYLOAD": "PIF-10868",
            "SHEATH": "CG-SH3-264f",
            "NOTES": "Bankers Hall",
            "FIBRE_SYSTEM": "CG-10:CG-260:fs3",
            "BUFFER": "Blue",
            "FIBRE": "Yellow",
            "END": "CG-10-1-1",
            "START": "CG-1739-1-4",
            "FIBRE_OWNER": "Group Telecom"
        },
        {
            "PAYLOAD": "PIF-10868",
            "SHEATH": "CG-SH3-264f",
            "NOTES": "Bankers Hall",
            "FIBRE_SYSTEM": "CG-10:CG-260:fs3",
            "BUFFER": "Blue",
            "FIBRE": "Violet",
            "END": "CG-10-1-1",
            "START": "CG-1739-1-4",
            "FIBRE_OWNER": "Group Telecom"
        },
        {
            "PAYLOAD": "81915",
            "SHEATH": "CG-SH3-264f",
            "NOTES": "Bell IDP U06633",
            "FIBRE_SYSTEM": "CG-10:CG-88:fs19",
            "BUFFER": "Blue",
            "FIBRE": "Rose",
            "END": "CG-10-1-1",
            "START": "CG-1739-1-4",
            "FIBRE_OWNER": "Group Telecom"
        },
        {
            "PAYLOAD": "81915",
            "SHEATH": "CG-SH3-264f",
            "NOTES": "Bell IDP U06633",
            "FIBRE_SYSTEM": "CG-10:CG-88:fs19",
            "BUFFER": "Blue",
            "FIBRE": "Aqua",
            "END": "CG-10-1-1",
            "START": "CG-1739-1-4",
            "FIBRE_OWNER": "Group Telecom"
        },
        {
            "PAYLOAD": "1275",
            "SHEATH": "CG-SH3-264f",
            "NOTES": "Western Gas Tower",
            "FIBRE_SYSTEM": "CG-10:CG-749:fs8",
            "BUFFER": "Orange",
            "FIBRE": "Blue",
            "END": "CG-10-1-1",
            "START": "CG-1739-1-4",
            "FIBRE_OWNER": "Group Telecom"
        },
        {
            "PAYLOAD": "1275",
            "SHEATH": "CG-SH3-264f",
            "NOTES": "Western Gas Tower",
            "FIBRE_SYSTEM": "CG-10:CG-749:fs8",
            "BUFFER": "Orange",
            "FIBRE": "Orange",
            "END": "CG-10-1-1",
            "START": "CG-1739-1-4",
            "FIBRE_OWNER": "Group Telecom"
        },
        {
            "PAYLOAD": "PIF-11359",
            "SHEATH": "CG-SH3-264f",
            "NOTES": "Manulife House II",
            "FIBRE_SYSTEM": "CG-10:CG-365xx:fs2",
            "BUFFER": "Orange",
            "FIBRE": "Green",
            "END": "CG-10-1-1",
            "START": "CG-1739-1-4",
            "FIBRE_OWNER": "Group Telecom"
        },
        {
            "PAYLOAD": "PIF-11359",
            "SHEATH": "CG-SH3-264f",
            "NOTES": "Manulife House II",
            "FIBRE_SYSTEM": "CG-10:CG-365xx:fs2",
            "BUFFER": "Orange",
            "FIBRE": "Brown",
            "END": "CG-10-1-1",
            "START": "CG-1739-1-4",
            "FIBRE_OWNER": "Group Telecom"
        },
        {
            "PAYLOAD": "PIF-10598",
            "SHEATH": "CG-SH3-264f",
            "NOTES": "Sprint",
            "FIBRE_SYSTEM": "CG-10:CG-88:fs3",
            "BUFFER": "Orange",
            "FIBRE": "Slate",
            "END": "CG-10-1-1",
            "START": "CG-1739-1-4",
            "FIBRE_OWNER": "Group Telecom"
        },
        {
            "PAYLOAD": "PIF-10598",
            "SHEATH": "CG-SH3-264f",
            "NOTES": "Sprint",
            "FIBRE_SYSTEM": "CG-10:CG-88:fs3",
            "BUFFER": "Orange",
            "FIBRE": "White",
            "END": "CG-10-1-1",
            "START": "CG-1739-1-4",
            "FIBRE_OWNER": "Group Telecom"
        },
        {
            "PAYLOAD": "PIF-1490",
            "SHEATH": "CG-SH3-264f",
            "NOTES": "Scotia Centre",
            "FIBRE_SYSTEM": "CG-10:CG-556:fs1",
            "BUFFER": "Orange",
            "FIBRE": "Red",
            "END": "CG-10-1-1",
            "START": "CG-1739-1-4",
            "FIBRE_OWNER": "Group Telecom"
        },
        {
            "PAYLOAD": "PIF-1490",
            "SHEATH": "CG-SH3-264f",
            "NOTES": "Scotia Centre",
            "FIBRE_SYSTEM": "CG-10:CG-556:fs1",
            "BUFFER": "Orange",
            "FIBRE": "Black",
            "END": "CG-10-1-1",
            "START": "CG-1739-1-4",
            "FIBRE_OWNER": "Group Telecom"
        },
        {
            "PAYLOAD": null,
            "SHEATH": "CG-SH3-264f",
            "NOTES": "Group Telecom",
            "FIBRE_SYSTEM": null,
            "BUFFER": "Orange",
            "FIBRE": "Rose",
            "END": "CG-10-1-1",
            "START": "CG-1739-1-4",
            "FIBRE_OWNER": "Group Telecom"
        },
        {
            "PAYLOAD": null,
            "SHEATH": "CG-SH3-264f",
            "NOTES": "Group Telecom",
            "FIBRE_SYSTEM": null,
            "BUFFER": "Orange",
            "FIBRE": "Aqua",
            "END": "CG-10-1-1",
            "START": "CG-1739-1-4",
            "FIBRE_OWNER": "Group Telecom"
        },
        {
            "PAYLOAD": null,
            "SHEATH": "CG-SH3-264f",
            "NOTES": null,
            "FIBRE_SYSTEM": null,
            "BUFFER": "Green",
            "FIBRE": "Blue",
            "END": "CG-10-1-1",
            "START": "CG-1739-1-4",
            "FIBRE_OWNER": "Group Telecom"
        },
        {
            "PAYLOAD": null,
            "SHEATH": "CG-SH3-264f",
            "NOTES": null,
            "FIBRE_SYSTEM": null,
            "BUFFER": "Green",
            "FIBRE": "Orange",
            "END": "CG-10-1-1",
            "START": "CG-1739-1-4",
            "FIBRE_OWNER": "Group Telecom"
        },
        {
            "PAYLOAD": "PIF-10942",
            "SHEATH": "CG-SH3-264f",
            "NOTES": "Cascade Bldg",
            "FIBRE_SYSTEM": "CG-10:CG-429:fs1",
            "BUFFER": "Green",
            "FIBRE": "Green",
            "END": "CG-10-1-1",
            "START": "CG-1739-1-4",
            "FIBRE_OWNER": "Group Telecom"
        },
        {
            "PAYLOAD": "PIF-10942",
            "SHEATH": "CG-SH3-264f",
            "NOTES": "Cascade Bldg",
            "FIBRE_SYSTEM": "CG-10:CG-429:fs1",
            "BUFFER": "Green",
            "FIBRE": "Brown",
            "END": "CG-10-1-1",
            "START": "CG-1739-1-4",
            "FIBRE_OWNER": "Group Telecom"
        },
        {
            "PAYLOAD": "PIF-10182",
            "SHEATH": "CG-SH3-264f",
            "NOTES": "Dorchester Sq",
            "FIBRE_SYSTEM": "CG-10:CG-456:fs1",
            "BUFFER": "Green",
            "FIBRE": "Slate",
            "END": "CG-10-1-1",
            "START": "CG-1739-1-4",
            "FIBRE_OWNER": "Group Telecom"
        },
        {
            "PAYLOAD": null,
            "SHEATH": "CG-SH3-264f",
            "NOTES": "Dorchester Sq",
            "FIBRE_SYSTEM": null,
            "BUFFER": "Green",
            "FIBRE": "White",
            "END": "CG-10-1-1",
            "START": "CG-1739-1-4",
            "FIBRE_OWNER": "Group Telecom"
        },
        {
            "PAYLOAD": "PIF-10501",
            "SHEATH": "CG-SH3-264f",
            "NOTES": "1st West Profsl Bldg",
            "FIBRE_SYSTEM": "CG-10:CG-710:fs1",
            "BUFFER": "Green",
            "FIBRE": "Red",
            "END": "CG-10-1-1",
            "START": "CG-1739-1-4",
            "FIBRE_OWNER": "Group Telecom"
        },
        {
            "PAYLOAD": "PIF-10501",
            "SHEATH": "CG-SH3-264f",
            "NOTES": "1st West Profsl Bldg",
            "FIBRE_SYSTEM": "CG-10:CG-710:fs1",
            "BUFFER": "Green",
            "FIBRE": "Black",
            "END": "CG-10-1-1",
            "START": "CG-1739-1-4",
            "FIBRE_OWNER": "Group Telecom"
        },
        {
            "PAYLOAD": null,
            "SHEATH": "CG-SH3-264f",
            "NOTES": null,
            "FIBRE_SYSTEM": null,
            "BUFFER": "Green",
            "FIBRE": "Yellow",
            "END": "CG-10-1-1",
            "START": "CG-1739-1-4",
            "FIBRE_OWNER": "Group Telecom"
        },
        {
            "PAYLOAD": null,
            "SHEATH": "CG-SH3-264f",
            "NOTES": null,
            "FIBRE_SYSTEM": null,
            "BUFFER": "Green",
            "FIBRE": "Violet",
            "END": "CG-10-1-1",
            "START": "CG-1739-1-4",
            "FIBRE_OWNER": "Group Telecom"
        },
        {
            "PAYLOAD": null,
            "SHEATH": "CG-SH3-264f",
            "NOTES": null,
            "FIBRE_SYSTEM": null,
            "BUFFER": "Green",
            "FIBRE": "Rose",
            "END": "CG-10-1-1",
            "START": "CG-1739-1-4",
            "FIBRE_OWNER": "Group Telecom"
        },
        {
            "PAYLOAD": null,
            "SHEATH": "CG-SH3-264f",
            "NOTES": null,
            "FIBRE_SYSTEM": null,
            "BUFFER": "Green",
            "FIBRE": "Aqua",
            "END": "CG-10-1-1",
            "START": "CG-1739-1-4",
            "FIBRE_OWNER": "Group Telecom"
        },
        {
            "PAYLOAD": "PIF-11111",
            "SHEATH": "CG-SH3-264f",
            "NOTES": "Smart Technologies",
            "FIBRE_SYSTEM": "CG-10:CG-1058:fs1",
            "BUFFER": "Brown",
            "FIBRE": "Blue",
            "END": "CG-10-1-1",
            "START": "CG-1739-1-4",
            "FIBRE_OWNER": "Group Telecom"
        },
        {
            "PAYLOAD": "PIF-11111",
            "SHEATH": "CG-SH3-264f",
            "NOTES": "Smart Technologies",
            "FIBRE_SYSTEM": "CG-10:CG-1058:fs1",
            "BUFFER": "Brown",
            "FIBRE": "Orange",
            "END": "CG-10-1-1",
            "START": "CG-1739-1-4",
            "FIBRE_OWNER": "Group Telecom"
        },
        {
            "PAYLOAD": "PIF-10567",
            "SHEATH": "CG-SH3-264f",
            "NOTES": "Palliser Sq 1",
            "FIBRE_SYSTEM": "CG-10:CG-721:fs1",
            "BUFFER": "Brown",
            "FIBRE": "Green",
            "END": "CG-10-1-1",
            "START": "CG-1739-1-4",
            "FIBRE_OWNER": "Group Telecom"
        },
        {
            "PAYLOAD": "PIF-10567",
            "SHEATH": "CG-SH3-264f",
            "NOTES": "Palliser Sq 1",
            "FIBRE_SYSTEM": "CG-10:CG-721:fs1",
            "BUFFER": "Brown",
            "FIBRE": "Brown",
            "END": "CG-10-1-1",
            "START": "CG-1739-1-4",
            "FIBRE_OWNER": "Group Telecom"
        },
        {
            "PAYLOAD": null,
            "SHEATH": "CG-SH3-264f",
            "NOTES": null,
            "FIBRE_SYSTEM": null,
            "BUFFER": "Brown",
            "FIBRE": "Slate",
            "END": "CG-10-1-1",
            "START": "CG-1739-1-4",
            "FIBRE_OWNER": "Group Telecom"
        },
        {
            "PAYLOAD": null,
            "SHEATH": "CG-SH3-264f",
            "NOTES": null,
            "FIBRE_SYSTEM": null,
            "BUFFER": "Brown",
            "FIBRE": "White",
            "END": "CG-10-1-1",
            "START": "CG-1739-1-4",
            "FIBRE_OWNER": "Group Telecom"
        },
        {
            "PAYLOAD": "PIF-10391",
            "SHEATH": "CG-SH3-264f",
            "NOTES": "Sutton Hall Bldg",
            "FIBRE_SYSTEM": "CG-10:CG-767:fs1",
            "BUFFER": "Brown",
            "FIBRE": "Red",
            "END": "CG-10-1-1",
            "START": "CG-1739-1-4",
            "FIBRE_OWNER": "Group Telecom"
        },
        {
            "PAYLOAD": "PIF-10391",
            "SHEATH": "CG-SH3-264f",
            "NOTES": "Sutton Hall Bldg",
            "FIBRE_SYSTEM": "CG-10:CG-767:fs1",
            "BUFFER": "Brown",
            "FIBRE": "Black",
            "END": "CG-10-1-1",
            "START": "CG-1739-1-4",
            "FIBRE_OWNER": "Group Telecom"
        },
        {
            "PAYLOAD": "PIF-10322",
            "SHEATH": "CG-SH3-264f",
            "NOTES": "Bankers Hall",
            "FIBRE_SYSTEM": "CG-10:CG-260:fs4",
            "BUFFER": "Brown",
            "FIBRE": "Yellow",
            "END": "CG-10-1-1",
            "START": "CG-1739-1-4",
            "FIBRE_OWNER": "Group Telecom"
        },
        {
            "PAYLOAD": "PIF-10322",
            "SHEATH": "CG-SH3-264f",
            "NOTES": "Bankers Hall",
            "FIBRE_SYSTEM": "CG-10:CG-260:fs4",
            "BUFFER": "Brown",
            "FIBRE": "Violet",
            "END": "CG-10-1-1",
            "START": "CG-1739-1-4",
            "FIBRE_OWNER": "Group Telecom"
        },
        {
            "PAYLOAD": "81915",
            "SHEATH": "CG-SH3-264f",
            "NOTES": "Bell IDP U06633",
            "FIBRE_SYSTEM": "CG-10:CG-88:fs19",
            "BUFFER": "Brown",
            "FIBRE": "Rose",
            "END": "CG-10-1-1",
            "START": "CG-1739-1-4",
            "FIBRE_OWNER": "Group Telecom"
        },
        {
            "PAYLOAD": "81915",
            "SHEATH": "CG-SH3-264f",
            "NOTES": "Bell IDP U06633",
            "FIBRE_SYSTEM": "CG-10:CG-88:fs19",
            "BUFFER": "Brown",
            "FIBRE": "Aqua",
            "END": "CG-10-1-1",
            "START": "CG-1739-1-4",
            "FIBRE_OWNER": "Group Telecom"
        },
        {
            "PAYLOAD": null,
            "SHEATH": "CG-SH3-264f",
            "NOTES": "OC1 Ring",
            "FIBRE_SYSTEM": null,
            "BUFFER": "Slate",
            "FIBRE": "Blue",
            "END": "CG-10-1-1",
            "START": "CG-1739-1-4",
            "FIBRE_OWNER": "Group Telecom"
        },
        {
            "PAYLOAD": null,
            "SHEATH": "CG-SH3-264f",
            "NOTES": "OC1 Ring",
            "FIBRE_SYSTEM": null,
            "BUFFER": "Slate",
            "FIBRE": "Orange",
            "END": "CG-10-1-1",
            "START": "CG-1739-1-4",
            "FIBRE_OWNER": "Group Telecom"
        },
        {
            "PAYLOAD": null,
            "SHEATH": "CG-SH3-264f",
            "NOTES": null,
            "FIBRE_SYSTEM": null,
            "BUFFER": "Slate",
            "FIBRE": "Green",
            "END": "CG-10-1-1",
            "START": "CG-1739-1-4",
            "FIBRE_OWNER": "Group Telecom"
        },
        {
            "PAYLOAD": null,
            "SHEATH": "CG-SH3-264f",
            "NOTES": null,
            "FIBRE_SYSTEM": null,
            "BUFFER": "Slate",
            "FIBRE": "Brown",
            "END": "CG-10-1-1",
            "START": "CG-1739-1-4",
            "FIBRE_OWNER": "Group Telecom"
        },
        {
            "PAYLOAD": null,
            "SHEATH": "CG-SH3-264f",
            "NOTES": null,
            "FIBRE_SYSTEM": null,
            "BUFFER": "Slate",
            "FIBRE": "Slate",
            "END": "CG-10-1-1",
            "START": "CG-1739-1-4",
            "FIBRE_OWNER": "Group Telecom"
        },
        {
            "PAYLOAD": null,
            "SHEATH": "CG-SH3-264f",
            "NOTES": null,
            "FIBRE_SYSTEM": null,
            "BUFFER": "Slate",
            "FIBRE": "White",
            "END": "CG-10-1-1",
            "START": "CG-1739-1-4",
            "FIBRE_OWNER": "Group Telecom"
        },
        {
            "PAYLOAD": null,
            "SHEATH": "CG-SH3-264f",
            "NOTES": null,
            "FIBRE_SYSTEM": null,
            "BUFFER": "Slate",
            "FIBRE": "Red",
            "END": "CG-10-1-1",
            "START": "CG-1739-1-4",
            "FIBRE_OWNER": "Group Telecom"
        },
        {
            "PAYLOAD": null,
            "SHEATH": "CG-SH3-264f",
            "NOTES": null,
            "FIBRE_SYSTEM": null,
            "BUFFER": "Slate",
            "FIBRE": "Black",
            "END": "CG-10-1-1",
            "START": "CG-1739-1-4",
            "FIBRE_OWNER": "Group Telecom"
        },
        {
            "PAYLOAD": "PIF-10514",
            "SHEATH": "CG-SH3-264f",
            "NOTES": "Nova Chemicals",
            "FIBRE_SYSTEM": "CG-10:CG-611:fs3",
            "BUFFER": "Slate",
            "FIBRE": "Yellow",
            "END": "CG-10-1-1",
            "START": "CG-1739-1-4",
            "FIBRE_OWNER": "Group Telecom"
        },
        {
            "PAYLOAD": "PIF-10514",
            "SHEATH": "CG-SH3-264f",
            "NOTES": "Nova Chemicals",
            "FIBRE_SYSTEM": "CG-10:CG-611:fs3",
            "BUFFER": "Slate",
            "FIBRE": "Violet",
            "END": "CG-10-1-1",
            "START": "CG-1739-1-4",
            "FIBRE_OWNER": "Group Telecom"
        },
        {
            "PAYLOAD": "PIF-10107",
            "SHEATH": "CG-SH3-264f",
            "NOTES": "Can OXY Ring",
            "FIBRE_SYSTEM": "CG-218:CG-344:fs2",
            "BUFFER": "Slate",
            "FIBRE": "Rose",
            "END": "CG-10-1-1",
            "START": "CG-1739-1-4",
            "FIBRE_OWNER": "Group Telecom"
        },
        {
            "PAYLOAD": "PIF-10107",
            "SHEATH": "CG-SH3-264f",
            "NOTES": "Can OXY Ring",
            "FIBRE_SYSTEM": "CG-218:CG-344:fs2",
            "BUFFER": "Slate",
            "FIBRE": "Aqua",
            "END": "CG-10-1-1",
            "START": "CG-1739-1-4",
            "FIBRE_OWNER": "Group Telecom"
        },
        {
            "PAYLOAD": "PIF-10587",
            "SHEATH": "CG-SH3-264f",
            "NOTES": "Can West Centre",
            "FIBRE_SYSTEM": "CG-10:CG-860:fs1",
            "BUFFER": "White",
            "FIBRE": "Blue",
            "END": "CG-10-1-1",
            "START": "CG-1739-1-4",
            "FIBRE_OWNER": "Group Telecom"
        },
        {
            "PAYLOAD": "PIF-10587",
            "SHEATH": "CG-SH3-264f",
            "NOTES": "Can West Centre",
            "FIBRE_SYSTEM": "CG-10:CG-860:fs1",
            "BUFFER": "White",
            "FIBRE": "Orange",
            "END": "CG-10-1-1",
            "START": "CG-1739-1-4",
            "FIBRE_OWNER": "Group Telecom"
        },
        {
            "PAYLOAD": "PIF-10649",
            "SHEATH": "CG-SH3-264f",
            "NOTES": "Bankers Hall",
            "FIBRE_SYSTEM": "CG-10:CG-260:fs2",
            "BUFFER": "White",
            "FIBRE": "Green",
            "END": "CG-10-1-1",
            "START": "CG-1739-1-4",
            "FIBRE_OWNER": "Group Telecom"
        },
        {
            "PAYLOAD": "PIF-10649",
            "SHEATH": "CG-SH3-264f",
            "NOTES": "Bankers Hall",
            "FIBRE_SYSTEM": "CG-10:CG-260:fs2",
            "BUFFER": "White",
            "FIBRE": "Brown",
            "END": "CG-10-1-1",
            "START": "CG-1739-1-4",
            "FIBRE_OWNER": "Group Telecom"
        },
        {
            "PAYLOAD": "PIF-10455",
            "SHEATH": "CG-SH3-264f",
            "NOTES": "Fairmore Bldg",
            "FIBRE_SYSTEM": "CG-10:CG-940:fs1",
            "BUFFER": "White",
            "FIBRE": "Red",
            "END": "CG-10-1-1",
            "START": "CG-1739-1-4",
            "FIBRE_OWNER": "Group Telecom"
        },
        {
            "PAYLOAD": "PIF-10455",
            "SHEATH": "CG-SH3-264f",
            "NOTES": "Fairmore Bldg",
            "FIBRE_SYSTEM": "CG-10:CG-940:fs1",
            "BUFFER": "White",
            "FIBRE": "Black",
            "END": "CG-10-1-1",
            "START": "CG-1739-1-4",
            "FIBRE_OWNER": "Group Telecom"
        },
        {
            "PAYLOAD": "PIF-11082",
            "SHEATH": "CG-SH3-264f",
            "NOTES": "CG-10:CG-1019:fs1",
            "FIBRE_SYSTEM": "CG-10:CG-1019:fs1",
            "BUFFER": "White",
            "FIBRE": "Yellow",
            "END": "CG-10-1-1",
            "START": "CG-1739-1-4",
            "FIBRE_OWNER": "Group Telecom"
        },
        {
            "PAYLOAD": "PIF-11082",
            "SHEATH": "CG-SH3-264f",
            "NOTES": "CG-10:CG-1019:fs1",
            "FIBRE_SYSTEM": "CG-10:CG-1019:fs1",
            "BUFFER": "White",
            "FIBRE": "Violet",
            "END": "CG-10-1-1",
            "START": "CG-1739-1-4",
            "FIBRE_OWNER": "Group Telecom"
        },
        {
            "PAYLOAD": "PIF-11196",
            "SHEATH": "CG-SH3-264f",
            "NOTES": "Western Gas Tower",
            "FIBRE_SYSTEM": "CG-10:CG-749:fs3",
            "BUFFER": "White",
            "FIBRE": "Rose",
            "END": "CG-10-1-1",
            "START": "CG-1739-1-4",
            "FIBRE_OWNER": "Group Telecom"
        },
        {
            "PAYLOAD": "PIF-11196",
            "SHEATH": "CG-SH3-264f",
            "NOTES": "Western Gas Tower",
            "FIBRE_SYSTEM": "CG-10:CG-749:fs3",
            "BUFFER": "White",
            "FIBRE": "Aqua",
            "END": "CG-10-1-1",
            "START": "CG-1739-1-4",
            "FIBRE_OWNER": "Group Telecom"
        },
        {
            "PAYLOAD": "PIF-10075",
            "SHEATH": "CG-SH3-264f",
            "NOTES": "TD Square",
            "FIBRE_SYSTEM": "CG-10:CG-468:fs2",
            "BUFFER": "Red",
            "FIBRE": "Blue",
            "END": "CG-10-1-1",
            "START": "CG-1739-1-4",
            "FIBRE_OWNER": "Group Telecom"
        },
        {
            "PAYLOAD": "PIF-10075",
            "SHEATH": "CG-SH3-264f",
            "NOTES": "TD Square",
            "FIBRE_SYSTEM": "CG-10:CG-468:fs2",
            "BUFFER": "Red",
            "FIBRE": "Orange",
            "END": "CG-10-1-1",
            "START": "CG-1739-1-4",
            "FIBRE_OWNER": "Group Telecom"
        },
        {
            "PAYLOAD": "78722",
            "SHEATH": "CG-SH3-264f",
            "NOTES": "Bell IDP U06360.1.1C",
            "FIBRE_SYSTEM": "CG-10:CG-430:fs2",
            "BUFFER": "Red",
            "FIBRE": "Green",
            "END": "CG-10-1-1",
            "START": "CG-1739-1-4",
            "FIBRE_OWNER": "Group Telecom"
        },
        {
            "PAYLOAD": "78722",
            "SHEATH": "CG-SH3-264f",
            "NOTES": "Bell IDP U06360.1.1C",
            "FIBRE_SYSTEM": "CG-10:CG-430:fs2",
            "BUFFER": "Red",
            "FIBRE": "Brown",
            "END": "CG-10-1-1",
            "START": "CG-1739-1-4",
            "FIBRE_OWNER": "Group Telecom"
        },
        {
            "PAYLOAD": null,
            "SHEATH": "CG-SH3-264f",
            "NOTES": null,
            "FIBRE_SYSTEM": null,
            "BUFFER": "Red",
            "FIBRE": "Slate",
            "END": "CG-10-1-1",
            "START": "CG-1739-1-4",
            "FIBRE_OWNER": "Group Telecom"
        },
        {
            "PAYLOAD": null,
            "SHEATH": "CG-SH3-264f",
            "NOTES": null,
            "FIBRE_SYSTEM": null,
            "BUFFER": "Red",
            "FIBRE": "White",
            "END": "CG-10-1-1",
            "START": "CG-1739-1-4",
            "FIBRE_OWNER": "Group Telecom"
        },
        {
            "PAYLOAD": null,
            "SHEATH": "CG-SH3-264f",
            "NOTES": null,
            "FIBRE_SYSTEM": null,
            "BUFFER": "Red",
            "FIBRE": "Red",
            "END": "CG-10-1-1",
            "START": "CG-1739-1-4",
            "FIBRE_OWNER": "Group Telecom"
        },
        {
            "PAYLOAD": "PIF-2799",
            "SHEATH": "CG-SH3-264f",
            "NOTES": "Sprint",
            "FIBRE_SYSTEM": "CG-10:CG-88:fs8",
            "BUFFER": "Red",
            "FIBRE": "Black",
            "END": "CG-10-1-1",
            "START": "CG-1739-1-4",
            "FIBRE_OWNER": "Group Telecom"
        },
        {
            "PAYLOAD": "PIF-10071",
            "SHEATH": "CG-SH3-264f",
            "NOTES": "Gulf Canada Sq",
            "FIBRE_SYSTEM": "CG-10:CG-467:fs1",
            "BUFFER": "Red",
            "FIBRE": "Yellow",
            "END": "CG-10-1-1",
            "START": "CG-1739-1-4",
            "FIBRE_OWNER": "Group Telecom"
        },
        {
            "PAYLOAD": "PIF-10071",
            "SHEATH": "CG-SH3-264f",
            "NOTES": "Gulf Canada Sq",
            "FIBRE_SYSTEM": "CG-10:CG-467:fs1",
            "BUFFER": "Red",
            "FIBRE": "Violet",
            "END": "CG-10-1-1",
            "START": "CG-1739-1-4",
            "FIBRE_OWNER": "Group Telecom"
        },
        {
            "PAYLOAD": "PIF-11069",
            "SHEATH": "CG-SH3-264f",
            "NOTES": "CG-10:CG-260:fs6",
            "FIBRE_SYSTEM": "CG-10:CG-260:fs6",
            "BUFFER": "Red",
            "FIBRE": "Rose",
            "END": "CG-10-1-1",
            "START": "CG-1739-1-4",
            "FIBRE_OWNER": "Group Telecom"
        },
        {
            "PAYLOAD": "PIF-11069",
            "SHEATH": "CG-SH3-264f",
            "NOTES": "CG-10:CG-260:fs6",
            "FIBRE_SYSTEM": "CG-10:CG-260:fs6",
            "BUFFER": "Red",
            "FIBRE": "Aqua",
            "END": "CG-10-1-1",
            "START": "CG-1739-1-4",
            "FIBRE_OWNER": "Group Telecom"
        },
        {
            "PAYLOAD": "PIF-10001",
            "SHEATH": "CG-SH3-264f",
            "NOTES": "Bankers Hall",
            "FIBRE_SYSTEM": "CG-10:CG-260:fs5",
            "BUFFER": "Black",
            "FIBRE": "Blue",
            "END": "CG-10-1-1",
            "START": "CG-1739-1-4",
            "FIBRE_OWNER": "Group Telecom"
        },
        {
            "PAYLOAD": "PIF-10001",
            "SHEATH": "CG-SH3-264f",
            "NOTES": "Bankers Hall",
            "FIBRE_SYSTEM": "CG-10:CG-260:fs5",
            "BUFFER": "Black",
            "FIBRE": "Orange",
            "END": "CG-10-1-1",
            "START": "CG-1739-1-4",
            "FIBRE_OWNER": "Group Telecom"
        },
        {
            "PAYLOAD": "19436",
            "SHEATH": "CG-SH3-264f",
            "NOTES": "GT/Bell SR 19436",
            "FIBRE_SYSTEM": "CG-10:CG-2211:fs4",
            "BUFFER": "Black",
            "FIBRE": "Slate",
            "END": "CG-10-1-1",
            "START": "CG-1739-1-4",
            "FIBRE_OWNER": "Group Telecom"
        },
        {
            "PAYLOAD": "19436",
            "SHEATH": "CG-SH3-264f",
            "NOTES": "GT/Bell SR 19436",
            "FIBRE_SYSTEM": "CG-10:CG-2211:fs4",
            "BUFFER": "Black",
            "FIBRE": "White",
            "END": "CG-10-1-1",
            "START": "CG-1739-1-4",
            "FIBRE_OWNER": "Group Telecom"
        },
        {
            "PAYLOAD": "PIF-10555",
            "SHEATH": "CG-SH3-264f",
            "NOTES": "Bank of Canada Bldg",
            "FIBRE_SYSTEM": "CG-10:CG-818:fs1",
            "BUFFER": "Black",
            "FIBRE": "Red",
            "END": "CG-10-1-1",
            "START": "CG-1739-1-4",
            "FIBRE_OWNER": "Group Telecom"
        },
        {
            "PAYLOAD": "PIF-10555",
            "SHEATH": "CG-SH3-264f",
            "NOTES": "Bank of Canada Bldg",
            "FIBRE_SYSTEM": "CG-10:CG-818:fs1",
            "BUFFER": "Black",
            "FIBRE": "Black",
            "END": "CG-10-1-1",
            "START": "CG-1739-1-4",
            "FIBRE_OWNER": "Group Telecom"
        },
        {
            "PAYLOAD": null,
            "SHEATH": "CG-SH3-264f",
            "NOTES": null,
            "FIBRE_SYSTEM": null,
            "BUFFER": "Black",
            "FIBRE": "Yellow",
            "END": "CG-10-1-1",
            "START": "CG-1739-1-4",
            "FIBRE_OWNER": "Group Telecom"
        },
        {
            "PAYLOAD": null,
            "SHEATH": "CG-SH3-264f",
            "NOTES": null,
            "FIBRE_SYSTEM": null,
            "BUFFER": "Black",
            "FIBRE": "Violet",
            "END": "CG-10-1-1",
            "START": "CG-1739-1-4",
            "FIBRE_OWNER": "Group Telecom"
        },
        {
            "PAYLOAD": null,
            "SHEATH": "CG-SH3-264f",
            "NOTES": null,
            "FIBRE_SYSTEM": null,
            "BUFFER": "Black",
            "FIBRE": "Rose",
            "END": "CG-10-1-1",
            "START": "CG-1739-1-4",
            "FIBRE_OWNER": "Group Telecom"
        },
        {
            "PAYLOAD": null,
            "SHEATH": "CG-SH3-264f",
            "NOTES": null,
            "FIBRE_SYSTEM": null,
            "BUFFER": "Black",
            "FIBRE": "Aqua",
            "END": "CG-10-1-1",
            "START": "CG-1739-1-4",
            "FIBRE_OWNER": "Group Telecom"
        },
        {
            "PAYLOAD": "PIF-11065",
            "SHEATH": "CG-SH3-264f",
            "NOTES": "Eleveden House",
            "FIBRE_SYSTEM": "CG-10:CG-186:fs9",
            "BUFFER": "Yellow",
            "FIBRE": "Blue",
            "END": "CG-10-1-1",
            "START": "CG-1739-1-4",
            "FIBRE_OWNER": "Group Telecom"
        },
        {
            "PAYLOAD": "PIF-11065",
            "SHEATH": "CG-SH3-264f",
            "NOTES": "Eleveden House",
            "FIBRE_SYSTEM": "CG-10:CG-186:fs9",
            "BUFFER": "Yellow",
            "FIBRE": "Orange",
            "END": "CG-10-1-1",
            "START": "CG-1739-1-4",
            "FIBRE_OWNER": "Group Telecom"
        },
        {
            "PAYLOAD": null,
            "SHEATH": "CG-SH3-264f",
            "NOTES": "Group Telecom",
            "FIBRE_SYSTEM": null,
            "BUFFER": "Yellow",
            "FIBRE": "Green",
            "END": "CG-10-1-1",
            "START": "CG-1739-1-4",
            "FIBRE_OWNER": "Group Telecom"
        },
        {
            "PAYLOAD": null,
            "SHEATH": "CG-SH3-264f",
            "NOTES": "Group Telecom",
            "FIBRE_SYSTEM": null,
            "BUFFER": "Yellow",
            "FIBRE": "Brown",
            "END": "CG-10-1-1",
            "START": "CG-1739-1-4",
            "FIBRE_OWNER": "Group Telecom"
        },
        {
            "PAYLOAD": "354",
            "SHEATH": "CG-SH3-264f",
            "NOTES": "Western Gas Tower",
            "FIBRE_SYSTEM": "CG-10:CG-749:fs5",
            "BUFFER": "Yellow",
            "FIBRE": "Slate",
            "END": "CG-10-1-1",
            "START": "CG-1739-1-4",
            "FIBRE_OWNER": "Group Telecom"
        },
        {
            "PAYLOAD": "354",
            "SHEATH": "CG-SH3-264f",
            "NOTES": "Western Gas Tower",
            "FIBRE_SYSTEM": "CG-10:CG-749:fs5",
            "BUFFER": "Yellow",
            "FIBRE": "White",
            "END": "CG-10-1-1",
            "START": "CG-1739-1-4",
            "FIBRE_OWNER": "Group Telecom"
        },
        {
            "PAYLOAD": "PIF-2188",
            "SHEATH": "CG-SH3-264f",
            "NOTES": "ATCO Conf. Centre",
            "FIBRE_SYSTEM": "CG-10:CG-860:fs3",
            "BUFFER": "Yellow",
            "FIBRE": "Red",
            "END": "CG-10-1-1",
            "START": "CG-1739-1-4",
            "FIBRE_OWNER": "Group Telecom"
        },
        {
            "PAYLOAD": "PIF-2188",
            "SHEATH": "CG-SH3-264f",
            "NOTES": "ATCO Conf. Centre",
            "FIBRE_SYSTEM": "CG-10:CG-860:fs3",
            "BUFFER": "Yellow",
            "FIBRE": "Black",
            "END": "CG-10-1-1",
            "START": "CG-1739-1-4",
            "FIBRE_OWNER": "Group Telecom"
        },
        {
            "PAYLOAD": "1343",
            "SHEATH": "CG-SH3-264f",
            "NOTES": "Infonet-Nova bunker",
            "FIBRE_SYSTEM": "CG-10:CG-611:fs5",
            "BUFFER": "Yellow",
            "FIBRE": "Yellow",
            "END": "CG-10-1-1",
            "START": "CG-1739-1-4",
            "FIBRE_OWNER": "Group Telecom"
        },
        {
            "PAYLOAD": "1343",
            "SHEATH": "CG-SH3-264f",
            "NOTES": "Infonet-Nova bunker",
            "FIBRE_SYSTEM": "CG-10:CG-611:fs5",
            "BUFFER": "Yellow",
            "FIBRE": "Violet",
            "END": "CG-10-1-1",
            "START": "CG-1739-1-4",
            "FIBRE_OWNER": "Group Telecom"
        },
        {
            "PAYLOAD": "1645",
            "SHEATH": "CG-SH3-264f",
            "NOTES": "Rocky Mtn Plaza",
            "FIBRE_SYSTEM": "CG-10:CG-622:fs5",
            "BUFFER": "Yellow",
            "FIBRE": "Rose",
            "END": "CG-10-1-1",
            "START": "CG-1739-1-4",
            "FIBRE_OWNER": "Group Telecom"
        },
        {
            "PAYLOAD": "1645",
            "SHEATH": "CG-SH3-264f",
            "NOTES": "Rocky Mtn Plaza",
            "FIBRE_SYSTEM": "CG-10:CG-622:fs5",
            "BUFFER": "Yellow",
            "FIBRE": "Aqua",
            "END": "CG-10-1-1",
            "START": "CG-1739-1-4",
            "FIBRE_OWNER": "Group Telecom"
        },
        {
            "PAYLOAD": "7485",
            "SHEATH": "CG-SH3-264f",
            "NOTES": "Telus Bunker: GT",
            "FIBRE_SYSTEM": "CG-10:CG-611:fs7",
            "BUFFER": "Violet",
            "FIBRE": "Blue",
            "END": "CG-10-1-1",
            "START": "CG-1739-1-4",
            "FIBRE_OWNER": "Group Telecom"
        },
        {
            "PAYLOAD": "7485",
            "SHEATH": "CG-SH3-264f",
            "NOTES": "Telus Bunker: GT",
            "FIBRE_SYSTEM": "CG-10:CG-611:fs7",
            "BUFFER": "Violet",
            "FIBRE": "Orange",
            "END": "CG-10-1-1",
            "START": "CG-1739-1-4",
            "FIBRE_OWNER": "Group Telecom"
        },
        {
            "PAYLOAD": null,
            "SHEATH": "CG-SH3-264f",
            "NOTES": null,
            "FIBRE_SYSTEM": null,
            "BUFFER": "Violet",
            "FIBRE": "Green",
            "END": "CG-10-1-1",
            "START": "CG-1739-1-4",
            "FIBRE_OWNER": "Group Telecom"
        },
        {
            "PAYLOAD": null,
            "SHEATH": "CG-SH3-264f",
            "NOTES": null,
            "FIBRE_SYSTEM": null,
            "BUFFER": "Violet",
            "FIBRE": "Brown",
            "END": "CG-10-1-1",
            "START": "CG-1739-1-4",
            "FIBRE_OWNER": "Group Telecom"
        },
        {
            "PAYLOAD": "1275",
            "SHEATH": "CG-SH3-264f",
            "NOTES": "Western Gas Tower",
            "FIBRE_SYSTEM": "CG-10:CG-749:fs7",
            "BUFFER": "Violet",
            "FIBRE": "Slate",
            "END": "CG-10-1-1",
            "START": "CG-1739-1-4",
            "FIBRE_OWNER": "Group Telecom"
        },
        {
            "PAYLOAD": "1275",
            "SHEATH": "CG-SH3-264f",
            "NOTES": "Western Gas Tower",
            "FIBRE_SYSTEM": "CG-10:CG-749:fs7",
            "BUFFER": "Violet",
            "FIBRE": "White",
            "END": "CG-10-1-1",
            "START": "CG-1739-1-4",
            "FIBRE_OWNER": "Group Telecom"
        },
        {
            "PAYLOAD": null,
            "SHEATH": "CG-SH3-264f",
            "NOTES": null,
            "FIBRE_SYSTEM": null,
            "BUFFER": "Rose",
            "FIBRE": "Violet",
            "END": "CG-10-1-1",
            "START": "CG-1739-1-4",
            "FIBRE_OWNER": "Group Telecom"
        },
        {
            "PAYLOAD": "2120",
            "SHEATH": "CG-SH3-264f",
            "NOTES": "A-Channel",
            "FIBRE_SYSTEM": "CG-10:CG-482:fs2",
            "BUFFER": "Rose",
            "FIBRE": "Rose",
            "END": "CG-10-1-1",
            "START": "CG-1739-1-4",
            "FIBRE_OWNER": "Group Telecom"
        },
        {
            "PAYLOAD": "2120",
            "SHEATH": "CG-SH3-264f",
            "NOTES": "A-Channel",
            "FIBRE_SYSTEM": "CG-10:CG-482:fs2",
            "BUFFER": "Rose",
            "FIBRE": "Aqua",
            "END": "CG-10-1-1",
            "START": "CG-1739-1-4",
            "FIBRE_OWNER": "Group Telecom"
        },
        {
            "PAYLOAD": "PIF-10108",
            "SHEATH": "CG-SH3-264f",
            "NOTES": "Canadian Oxy",
            "FIBRE_SYSTEM": "CG-10:CG-344:fs3",
            "BUFFER": "Aqua",
            "FIBRE": "Blue",
            "END": "CG-10-1-1",
            "START": "CG-1739-1-4",
            "FIBRE_OWNER": "Group Telecom"
        },
        {
            "PAYLOAD": "PIF-10108",
            "SHEATH": "CG-SH3-264f",
            "NOTES": "Canadian Oxy",
            "FIBRE_SYSTEM": "CG-10:CG-344:fs3",
            "BUFFER": "Aqua",
            "FIBRE": "Orange",
            "END": "CG-10-1-1",
            "START": "CG-1739-1-4",
            "FIBRE_OWNER": "Group Telecom"
        },
        {
            "PAYLOAD": "PIF-10147",
            "SHEATH": "CG-SH3-264f",
            "NOTES": "Manulife House",
            "FIBRE_SYSTEM": "CG-10:CG-365xx:fs1",
            "BUFFER": "Aqua",
            "FIBRE": "Green",
            "END": "CG-10-1-1",
            "START": "CG-1739-1-4",
            "FIBRE_OWNER": "Group Telecom"
        },
        {
            "PAYLOAD": "PIF-10147",
            "SHEATH": "CG-SH3-264f",
            "NOTES": "Manulife House",
            "FIBRE_SYSTEM": "CG-10:CG-365xx:fs1",
            "BUFFER": "Aqua",
            "FIBRE": "Brown",
            "END": "CG-10-1-1",
            "START": "CG-1739-1-4",
            "FIBRE_OWNER": "Group Telecom"
        },
        {
            "PAYLOAD": null,
            "SHEATH": "CG-SH3-264f",
            "NOTES": null,
            "FIBRE_SYSTEM": null,
            "BUFFER": "Aqua",
            "FIBRE": "Red",
            "END": "CG-10-1-1",
            "START": "CG-1739-1-4",
            "FIBRE_OWNER": "Group Telecom"
        },
        {
            "PAYLOAD": null,
            "SHEATH": "CG-SH3-264f",
            "NOTES": null,
            "FIBRE_SYSTEM": null,
            "BUFFER": "Aqua",
            "FIBRE": "Black",
            "END": "CG-10-1-1",
            "START": "CG-1739-1-4",
            "FIBRE_OWNER": "Group Telecom"
        },
        {
            "PAYLOAD": "PIF-10942",
            "SHEATH": "CG-SH3-264f",
            "NOTES": "Cascade Bldg",
            "FIBRE_SYSTEM": "CG-10:CG-429:fs1",
            "BUFFER": "Dark-Blue",
            "FIBRE": "Blue",
            "END": "CG-10-1-1",
            "START": "CG-1739-1-4",
            "FIBRE_OWNER": "Group Telecom"
        },
        {
            "PAYLOAD": "PIF-10942",
            "SHEATH": "CG-SH3-264f",
            "NOTES": "Cascade Bldg",
            "FIBRE_SYSTEM": "CG-10:CG-429:fs1",
            "BUFFER": "Dark-Blue",
            "FIBRE": "Orange",
            "END": "CG-10-1-1",
            "START": "CG-1739-1-4",
            "FIBRE_OWNER": "Group Telecom"
        },
        {
            "PAYLOAD": "7485",
            "SHEATH": "CG-SH3-264f",
            "NOTES": "Telus Bunker: GT",
            "FIBRE_SYSTEM": "CG-10:CG-611:fs7",
            "BUFFER": "Dark-Blue",
            "FIBRE": "Green",
            "END": "CG-10-1-1",
            "START": "CG-1739-1-4",
            "FIBRE_OWNER": "Group Telecom"
        },
        {
            "PAYLOAD": "7485",
            "SHEATH": "CG-SH3-264f",
            "NOTES": "Telus Bunker: GT",
            "FIBRE_SYSTEM": "CG-10:CG-611:fs7",
            "BUFFER": "Dark-Blue",
            "FIBRE": "Brown",
            "END": "CG-10-1-1",
            "START": "CG-1739-1-4",
            "FIBRE_OWNER": "Group Telecom"
        },
        {
            "PAYLOAD": "7485",
            "SHEATH": "CG-SH3-264f",
            "NOTES": "Telus Bunker: GT",
            "FIBRE_SYSTEM": "CG-10:CG-611:fs7",
            "BUFFER": "Dark-Blue",
            "FIBRE": "Slate",
            "END": "CG-10-1-1",
            "START": "CG-1739-1-4",
            "FIBRE_OWNER": "Group Telecom"
        },
        {
            "PAYLOAD": "7485",
            "SHEATH": "CG-SH3-264f",
            "NOTES": "Telus Bunker: GT",
            "FIBRE_SYSTEM": "CG-10:CG-611:fs7",
            "BUFFER": "Dark-Blue",
            "FIBRE": "White",
            "END": "CG-10-1-1",
            "START": "CG-1739-1-4",
            "FIBRE_OWNER": "Group Telecom"
        },
        {
            "PAYLOAD": "7485",
            "SHEATH": "CG-SH3-264f",
            "NOTES": "Telus Bunker: GT",
            "FIBRE_SYSTEM": "CG-10:CG-611:fs7",
            "BUFFER": "Dark-Blue",
            "FIBRE": "Red",
            "END": "CG-10-1-1",
            "START": "CG-1739-1-4",
            "FIBRE_OWNER": "Group Telecom"
        },
        {
            "PAYLOAD": "7485",
            "SHEATH": "CG-SH3-264f",
            "NOTES": "Telus Bunker: GT",
            "FIBRE_SYSTEM": "CG-10:CG-611:fs7",
            "BUFFER": "Dark-Blue",
            "FIBRE": "Black",
            "END": "CG-10-1-1",
            "START": "CG-1739-1-4",
            "FIBRE_OWNER": "Group Telecom"
        },
        {
            "PAYLOAD": "7485",
            "SHEATH": "CG-SH3-264f",
            "NOTES": "Telus Bunker: GT",
            "FIBRE_SYSTEM": "CG-10:CG-611:fs7",
            "BUFFER": "Dark-Blue",
            "FIBRE": "Yellow",
            "END": "CG-10-1-1",
            "START": "CG-1739-1-4",
            "FIBRE_OWNER": "Group Telecom"
        },
        {
            "PAYLOAD": "7485",
            "SHEATH": "CG-SH3-264f",
            "NOTES": "Telus Bunker: GT",
            "FIBRE_SYSTEM": "CG-10:CG-611:fs7",
            "BUFFER": "Dark-Blue",
            "FIBRE": "Violet",
            "END": "CG-10-1-1",
            "START": "CG-1739-1-4",
            "FIBRE_OWNER": "Group Telecom"
        },
        {
            "PAYLOAD": null,
            "SHEATH": "CG-SH3-264f",
            "NOTES": null,
            "FIBRE_SYSTEM": null,
            "BUFFER": "Dark-Blue",
            "FIBRE": "Rose",
            "END": "CG-10-1-1",
            "START": "CG-1739-1-4",
            "FIBRE_OWNER": "Group Telecom"
        },
        {
            "PAYLOAD": null,
            "SHEATH": "CG-SH3-264f",
            "NOTES": null,
            "FIBRE_SYSTEM": null,
            "BUFFER": "Dark-Blue",
            "FIBRE": "Aqua",
            "END": "CG-10-1-1",
            "START": "CG-1739-1-4",
            "FIBRE_OWNER": "Group Telecom"
        },
        {
            "PAYLOAD": "PIF-10722",
            "SHEATH": "CG-SH3-264f",
            "NOTES": "Food City Bldg",
            "FIBRE_SYSTEM": "CG-10:CG-224:fs3",
            "BUFFER": "Dark-Brown",
            "FIBRE": "Slate",
            "END": "CG-10-1-1",
            "START": "CG-1739-1-4",
            "FIBRE_OWNER": "Group Telecom"
        },
        {
            "PAYLOAD": "PIF-10722",
            "SHEATH": "CG-SH3-264f",
            "NOTES": "Food City Bldg",
            "FIBRE_SYSTEM": "CG-10:CG-224:fs3",
            "BUFFER": "Dark-Brown",
            "FIBRE": "White",
            "END": "CG-10-1-1",
            "START": "CG-1739-1-4",
            "FIBRE_OWNER": "Group Telecom"
        },
        {
            "PAYLOAD": "15715",
            "SHEATH": "CG-SH3-264f",
            "NOTES": "GT/Bell SR15715",
            "FIBRE_SYSTEM": "CG-10:CG-2211:fs3",
            "BUFFER": "Dark-Brown",
            "FIBRE": "Yellow",
            "END": "CG-10-1-1",
            "START": "CG-1739-1-4",
            "FIBRE_OWNER": "Group Telecom"
        },
        {
            "PAYLOAD": "15715",
            "SHEATH": "CG-SH3-264f",
            "NOTES": "GT/Bell SR15715",
            "FIBRE_SYSTEM": "CG-10:CG-2211:fs3",
            "BUFFER": "Dark-Brown",
            "FIBRE": "Violet",
            "END": "CG-10-1-1",
            "START": "CG-1739-1-4",
            "FIBRE_OWNER": "Group Telecom"
        },
        {
            "PAYLOAD": "15715",
            "SHEATH": "CG-SH3-264f",
            "NOTES": "GT/Bell SR15715",
            "FIBRE_SYSTEM": "CG-10:CG-2211:fs3",
            "BUFFER": "Dark-Brown",
            "FIBRE": "Rose",
            "END": "CG-10-1-1",
            "START": "CG-1739-1-4",
            "FIBRE_OWNER": "Group Telecom"
        },
        {
            "PAYLOAD": "15715",
            "SHEATH": "CG-SH3-264f",
            "NOTES": "GT/Bell SR15715",
            "FIBRE_SYSTEM": "CG-10:CG-2211:fs3",
            "BUFFER": "Dark-Brown",
            "FIBRE": "Aqua",
            "END": "CG-10-1-1",
            "START": "CG-1739-1-4",
            "FIBRE_OWNER": "Group Telecom"
        },
        {
            "PAYLOAD": null,
            "SHEATH": "CG-SH3-264f",
            "NOTES": null,
            "FIBRE_SYSTEM": null,
            "BUFFER": "Dark-Slate",
            "FIBRE": "Blue",
            "END": "CG-10-1-1",
            "START": "CG-1739-1-4",
            "FIBRE_OWNER": "Group Telecom"
        },
        {
            "PAYLOAD": null,
            "SHEATH": "CG-SH3-264f",
            "NOTES": null,
            "FIBRE_SYSTEM": null,
            "BUFFER": "Dark-Slate",
            "FIBRE": "Orange",
            "END": "CG-10-1-1",
            "START": "CG-1739-1-4",
            "FIBRE_OWNER": "Group Telecom"
        },
        {
            "PAYLOAD": null,
            "SHEATH": "CG-SH3-264f",
            "NOTES": null,
            "FIBRE_SYSTEM": null,
            "BUFFER": "Dark-Slate",
            "FIBRE": "Green",
            "END": "CG-10-1-1",
            "START": "CG-1739-1-4",
            "FIBRE_OWNER": "Group Telecom"
        },
        {
            "PAYLOAD": null,
            "SHEATH": "CG-SH3-264f",
            "NOTES": null,
            "FIBRE_SYSTEM": null,
            "BUFFER": "Dark-Slate",
            "FIBRE": "Brown",
            "END": "CG-10-1-1",
            "START": "CG-1739-1-4",
            "FIBRE_OWNER": "Group Telecom"
        },
        {
            "PAYLOAD": "38722",
            "SHEATH": "CG-SH3-264f",
            "NOTES": "Bell N27661 New IDP",
            "FIBRE_SYSTEM": "CG-10:CG-88:fs18",
            "BUFFER": "Dark-Slate",
            "FIBRE": "Slate",
            "END": "CG-10-1-1",
            "START": "CG-1739-1-4",
            "FIBRE_OWNER": "Group Telecom"
        },
        {
            "PAYLOAD": "38722",
            "SHEATH": "CG-SH3-264f",
            "NOTES": "Bell N27661 New IDP",
            "FIBRE_SYSTEM": "CG-10:CG-88:fs18",
            "BUFFER": "Dark-Slate",
            "FIBRE": "White",
            "END": "CG-10-1-1",
            "START": "CG-1739-1-4",
            "FIBRE_OWNER": "Group Telecom"
        },
        {
            "PAYLOAD": null,
            "SHEATH": "CG-SH3-264f",
            "NOTES": "Pop CG455",
            "FIBRE_SYSTEM": null,
            "BUFFER": "Dark-Slate",
            "FIBRE": "Red",
            "END": "CG-10-1-1",
            "START": "CG-1739-1-4",
            "FIBRE_OWNER": "Group Telecom"
        },
        {
            "PAYLOAD": null,
            "SHEATH": "CG-SH3-264f",
            "NOTES": "10-455: M/T",
            "FIBRE_SYSTEM": null,
            "BUFFER": "Dark-Slate",
            "FIBRE": "Black",
            "END": "CG-10-1-1",
            "START": "CG-1739-1-4",
            "FIBRE_OWNER": "Group Telecom"
        },
        {
            "PAYLOAD": "21907",
            "SHEATH": "CG-SH3-264f",
            "NOTES": "Bell IDP #U02138",
            "FIBRE_SYSTEM": "CG-10:CG-2211:fs5",
            "BUFFER": "Dark-Slate",
            "FIBRE": "Yellow",
            "END": "CG-10-1-1",
            "START": "CG-1739-1-4",
            "FIBRE_OWNER": "Group Telecom"
        },
        {
            "PAYLOAD": "21907",
            "SHEATH": "CG-SH3-264f",
            "NOTES": "Bell IDP #U02138",
            "FIBRE_SYSTEM": "CG-10:CG-2211:fs5",
            "BUFFER": "Dark-Slate",
            "FIBRE": "Violet",
            "END": "CG-10-1-1",
            "START": "CG-1739-1-4",
            "FIBRE_OWNER": "Group Telecom"
        },
        {
            "PAYLOAD": "21907",
            "SHEATH": "CG-SH3-264f",
            "NOTES": "Bell IDP #U02138",
            "FIBRE_SYSTEM": "CG-10:CG-2211:fs5",
            "BUFFER": "Dark-Slate",
            "FIBRE": "Rose",
            "END": "CG-10-1-1",
            "START": "CG-1739-1-4",
            "FIBRE_OWNER": "Group Telecom"
        },
        {
            "PAYLOAD": "21907",
            "SHEATH": "CG-SH3-264f",
            "NOTES": "Bell IDP #U02138",
            "FIBRE_SYSTEM": "CG-10:CG-2211:fs5",
            "BUFFER": "Dark-Slate",
            "FIBRE": "Aqua",
            "END": "CG-10-1-1",
            "START": "CG-1739-1-4",
            "FIBRE_OWNER": "Group Telecom"
        },
        {
            "PAYLOAD": "21907",
            "SHEATH": "CG-SH3-264f",
            "NOTES": "Bell IDP #U02138",
            "FIBRE_SYSTEM": "CG-10:CG-2211:fs5",
            "BUFFER": "Dark-White",
            "FIBRE": "Blue",
            "END": "CG-10-1-1",
            "START": "CG-1739-1-4",
            "FIBRE_OWNER": "Group Telecom"
        },
        {
            "PAYLOAD": "21907",
            "SHEATH": "CG-SH3-264f",
            "NOTES": "Bell IDP #U02138",
            "FIBRE_SYSTEM": "CG-10:CG-2211:fs5",
            "BUFFER": "Dark-White",
            "FIBRE": "Orange",
            "END": "CG-10-1-1",
            "START": "CG-1739-1-4",
            "FIBRE_OWNER": "Group Telecom"
        },
        {
            "PAYLOAD": null,
            "SHEATH": "CG-SH3-264f",
            "NOTES": null,
            "FIBRE_SYSTEM": null,
            "BUFFER": "Dark-White",
            "FIBRE": "Green",
            "END": "CG-10-1-1",
            "START": "CG-1739-1-4",
            "FIBRE_OWNER": "Group Telecom"
        },
        {
            "PAYLOAD": null,
            "SHEATH": "CG-SH3-264f",
            "NOTES": null,
            "FIBRE_SYSTEM": null,
            "BUFFER": "Dark-White",
            "FIBRE": "Brown",
            "END": "CG-10-1-1",
            "START": "CG-1739-1-4",
            "FIBRE_OWNER": "Group Telecom"
        },
        {
            "PAYLOAD": "30074",
            "SHEATH": "CG-SH3-264f",
            "NOTES": "Bell N#24043 New IDP",
            "FIBRE_SYSTEM": "CG-10:CG-712:fs8",
            "BUFFER": "Dark-White",
            "FIBRE": "Slate",
            "END": "CG-10-1-1",
            "START": "CG-1739-1-4",
            "FIBRE_OWNER": "Group Telecom"
        },
        {
            "PAYLOAD": "30074",
            "SHEATH": "CG-SH3-264f",
            "NOTES": "Bell N#24043 New IDP",
            "FIBRE_SYSTEM": "CG-10:CG-712:fs8",
            "BUFFER": "Dark-White",
            "FIBRE": "White",
            "END": "CG-10-1-1",
            "START": "CG-1739-1-4",
            "FIBRE_OWNER": "Group Telecom"
        },
        {
            "PAYLOAD": null,
            "SHEATH": "CG-SH3-264f",
            "NOTES": null,
            "FIBRE_SYSTEM": null,
            "BUFFER": "Dark-White",
            "FIBRE": "Red",
            "END": "CG-10-1-1",
            "START": "CG-1739-1-4",
            "FIBRE_OWNER": "Group Telecom"
        },
        {
            "PAYLOAD": null,
            "SHEATH": "CG-SH3-264f",
            "NOTES": null,
            "FIBRE_SYSTEM": null,
            "BUFFER": "Dark-White",
            "FIBRE": "Black",
            "END": "CG-10-1-1",
            "START": "CG-1739-1-4",
            "FIBRE_OWNER": "Group Telecom"
        },
        {
            "PAYLOAD": null,
            "SHEATH": "CG-SH3-264f",
            "NOTES": null,
            "FIBRE_SYSTEM": null,
            "BUFFER": "Dark-White",
            "FIBRE": "Yellow",
            "END": "CG-10-1-1",
            "START": "CG-1739-1-4",
            "FIBRE_OWNER": "Group Telecom"
        },
        {
            "PAYLOAD": null,
            "SHEATH": "CG-SH3-264f",
            "NOTES": null,
            "FIBRE_SYSTEM": null,
            "BUFFER": "Dark-White",
            "FIBRE": "Violet",
            "END": "CG-10-1-1",
            "START": "CG-1739-1-4",
            "FIBRE_OWNER": "Group Telecom"
        },
        {
            "PAYLOAD": null,
            "SHEATH": "CG-SH3-264f",
            "NOTES": null,
            "FIBRE_SYSTEM": null,
            "BUFFER": "Dark-White",
            "FIBRE": "Rose",
            "END": "CG-10-1-1",
            "START": "CG-1739-1-4",
            "FIBRE_OWNER": "Group Telecom"
        },
        {
            "PAYLOAD": null,
            "SHEATH": "CG-SH3-264f",
            "NOTES": null,
            "FIBRE_SYSTEM": null,
            "BUFFER": "Dark-White",
            "FIBRE": "Aqua",
            "END": "CG-10-1-1",
            "START": "CG-1739-1-4",
            "FIBRE_OWNER": "Group Telecom"
        },
        {
            "PAYLOAD": null,
            "SHEATH": "CG-SH3-264f",
            "NOTES": null,
            "FIBRE_SYSTEM": null,
            "BUFFER": "Dark-Red",
            "FIBRE": "Blue",
            "END": "CG-10-1-1",
            "START": "CG-1739-1-4",
            "FIBRE_OWNER": "Group Telecom"
        },
        {
            "PAYLOAD": null,
            "SHEATH": "CG-SH3-264f",
            "NOTES": null,
            "FIBRE_SYSTEM": null,
            "BUFFER": "Dark-Red",
            "FIBRE": "Orange",
            "END": "CG-10-1-1",
            "START": "CG-1739-1-4",
            "FIBRE_OWNER": "Group Telecom"
        },
        {
            "PAYLOAD": null,
            "SHEATH": "CG-SH3-264f",
            "NOTES": null,
            "FIBRE_SYSTEM": null,
            "BUFFER": "Dark-Red",
            "FIBRE": "Green",
            "END": "CG-10-1-1",
            "START": "CG-1739-1-4",
            "FIBRE_OWNER": "Group Telecom"
        },
        {
            "PAYLOAD": null,
            "SHEATH": "CG-SH3-264f",
            "NOTES": null,
            "FIBRE_SYSTEM": null,
            "BUFFER": "Dark-Red",
            "FIBRE": "Brown",
            "END": "CG-10-1-1",
            "START": "CG-1739-1-4",
            "FIBRE_OWNER": "Group Telecom"
        },
        {
            "PAYLOAD": null,
            "SHEATH": "CG-SH3-264f",
            "NOTES": null,
            "FIBRE_SYSTEM": null,
            "BUFFER": "Dark-Red",
            "FIBRE": "Slate",
            "END": "CG-10-1-1",
            "START": "CG-1739-1-4",
            "FIBRE_OWNER": "Group Telecom"
        },
        {
            "PAYLOAD": null,
            "SHEATH": "CG-SH3-264f",
            "NOTES": null,
            "FIBRE_SYSTEM": null,
            "BUFFER": "Dark-Red",
            "FIBRE": "White",
            "END": "CG-10-1-1",
            "START": "CG-1739-1-4",
            "FIBRE_OWNER": "Group Telecom"
        },
        {
            "PAYLOAD": null,
            "SHEATH": "CG-SH3-264f",
            "NOTES": null,
            "FIBRE_SYSTEM": null,
            "BUFFER": "Dark-Red",
            "FIBRE": "Red",
            "END": "CG-10-1-1",
            "START": "CG-1739-1-4",
            "FIBRE_OWNER": "Group Telecom"
        },
        {
            "PAYLOAD": null,
            "SHEATH": "CG-SH3-264f",
            "NOTES": null,
            "FIBRE_SYSTEM": null,
            "BUFFER": "Dark-Red",
            "FIBRE": "Black",
            "END": "CG-10-1-1",
            "START": "CG-1739-1-4",
            "FIBRE_OWNER": "Group Telecom"
        },
        {
            "PAYLOAD": null,
            "SHEATH": "CG-SH3-264f",
            "NOTES": null,
            "FIBRE_SYSTEM": null,
            "BUFFER": "Dark-Red",
            "FIBRE": "Yellow",
            "END": "CG-10-1-1",
            "START": "CG-1739-1-4",
            "FIBRE_OWNER": "Group Telecom"
        },
        {
            "PAYLOAD": null,
            "SHEATH": "CG-SH3-264f",
            "NOTES": null,
            "FIBRE_SYSTEM": null,
            "BUFFER": "Dark-Red",
            "FIBRE": "Violet",
            "END": "CG-10-1-1",
            "START": "CG-1739-1-4",
            "FIBRE_OWNER": "Group Telecom"
        },
        {
            "PAYLOAD": null,
            "SHEATH": "CG-SH3-264f",
            "NOTES": null,
            "FIBRE_SYSTEM": null,
            "BUFFER": "Dark-Red",
            "FIBRE": "Rose",
            "END": "CG-10-1-1",
            "START": "CG-1739-1-4",
            "FIBRE_OWNER": "Group Telecom"
        },
        {
            "PAYLOAD": null,
            "SHEATH": "CG-SH3-264f",
            "NOTES": null,
            "FIBRE_SYSTEM": null,
            "BUFFER": "Dark-Red",
            "FIBRE": "Aqua",
            "END": "CG-10-1-1",
            "START": "CG-1739-1-4",
            "FIBRE_OWNER": "Group Telecom"
        },
        {
            "PAYLOAD": null,
            "SHEATH": "CG-SH3-264f",
            "NOTES": null,
            "FIBRE_SYSTEM": null,
            "BUFFER": "Dark-Black",
            "FIBRE": "Blue",
            "END": "CG-10-1-1",
            "START": "CG-1739-1-4",
            "FIBRE_OWNER": "Group Telecom"
        },
        {
            "PAYLOAD": null,
            "SHEATH": "CG-SH3-264f",
            "NOTES": null,
            "FIBRE_SYSTEM": null,
            "BUFFER": "Dark-Black",
            "FIBRE": "Orange",
            "END": "CG-10-1-1",
            "START": "CG-1739-1-4",
            "FIBRE_OWNER": "Group Telecom"
        },
        {
            "PAYLOAD": null,
            "SHEATH": "CG-SH3-264f",
            "NOTES": null,
            "FIBRE_SYSTEM": null,
            "BUFFER": "Dark-Black",
            "FIBRE": "Green",
            "END": "CG-10-1-1",
            "START": "CG-1739-1-4",
            "FIBRE_OWNER": "Group Telecom"
        },
        {
            "PAYLOAD": null,
            "SHEATH": "CG-SH3-264f",
            "NOTES": null,
            "FIBRE_SYSTEM": null,
            "BUFFER": "Dark-Black",
            "FIBRE": "Brown",
            "END": "CG-10-1-1",
            "START": "CG-1739-1-4",
            "FIBRE_OWNER": "Group Telecom"
        },
        {
            "PAYLOAD": null,
            "SHEATH": "CG-SH3-264f",
            "NOTES": null,
            "FIBRE_SYSTEM": null,
            "BUFFER": "Dark-Black",
            "FIBRE": "Slate",
            "END": "CG-10-1-1",
            "START": "CG-1739-1-4",
            "FIBRE_OWNER": "Group Telecom"
        },
        {
            "PAYLOAD": null,
            "SHEATH": "CG-SH3-264f",
            "NOTES": null,
            "FIBRE_SYSTEM": null,
            "BUFFER": "Dark-Black",
            "FIBRE": "White",
            "END": "CG-10-1-1",
            "START": "CG-1739-1-4",
            "FIBRE_OWNER": "Group Telecom"
        },
        {
            "PAYLOAD": "35307",
            "SHEATH": "CG-SH3-264f",
            "NOTES": "Bell N#27086 New IDP",
            "FIBRE_SYSTEM": "CG-10:CG-2211:fs7",
            "BUFFER": "Dark-Black",
            "FIBRE": "Red",
            "END": "CG-10-1-1",
            "START": "CG-1739-1-4",
            "FIBRE_OWNER": "Group Telecom"
        },
        {
            "PAYLOAD": "35307",
            "SHEATH": "CG-SH3-264f",
            "NOTES": "Bell N#27086 New IDP",
            "FIBRE_SYSTEM": "CG-10:CG-2211:fs7",
            "BUFFER": "Dark-Black",
            "FIBRE": "Black",
            "END": "CG-10-1-1",
            "START": "CG-1739-1-4",
            "FIBRE_OWNER": "Group Telecom"
        },
        {
            "PAYLOAD": "35307",
            "SHEATH": "CG-SH3-264f",
            "NOTES": "Bell N#27086 New IDP",
            "FIBRE_SYSTEM": "CG-10:CG-2211:fs7",
            "BUFFER": "Dark-Black",
            "FIBRE": "Yellow",
            "END": "CG-10-1-1",
            "START": "CG-1739-1-4",
            "FIBRE_OWNER": "Group Telecom"
        },
        {
            "PAYLOAD": "35307",
            "SHEATH": "CG-SH3-264f",
            "NOTES": "Bell N#27086 New IDP",
            "FIBRE_SYSTEM": "CG-10:CG-2211:fs7",
            "BUFFER": "Dark-Black",
            "FIBRE": "Violet",
            "END": "CG-10-1-1",
            "START": "CG-1739-1-4",
            "FIBRE_OWNER": "Group Telecom"
        },
        {
            "PAYLOAD": "35307",
            "SHEATH": "CG-SH3-264f",
            "NOTES": "Bell N#27086 New IDP",
            "FIBRE_SYSTEM": "CG-10:CG-2211:fs7",
            "BUFFER": "Dark-Black",
            "FIBRE": "Rose",
            "END": "CG-10-1-1",
            "START": "CG-1739-1-4",
            "FIBRE_OWNER": "Group Telecom"
        },
        {
            "PAYLOAD": "35307",
            "SHEATH": "CG-SH3-264f",
            "NOTES": "Bell N#27086 New IDP",
            "FIBRE_SYSTEM": "CG-10:CG-2211:fs7",
            "BUFFER": "Dark-Black",
            "FIBRE": "Aqua",
            "END": "CG-10-1-1",
            "START": "CG-1739-1-4",
            "FIBRE_OWNER": "Group Telecom"
        },
        {
            "PAYLOAD": null,
            "SHEATH": "CG-SH3-264f",
            "NOTES": null,
            "FIBRE_SYSTEM": null,
            "BUFFER": "Dark-Yellow",
            "FIBRE": "Blue",
            "END": "CG-10-1-1",
            "START": "CG-1739-1-4",
            "FIBRE_OWNER": "Group Telecom"
        },
        {
            "PAYLOAD": null,
            "SHEATH": "CG-SH3-264f",
            "NOTES": null,
            "FIBRE_SYSTEM": null,
            "BUFFER": "Dark-Yellow",
            "FIBRE": "Orange",
            "END": "CG-10-1-1",
            "START": "CG-1739-1-4",
            "FIBRE_OWNER": "Group Telecom"
        },
        {
            "PAYLOAD": null,
            "SHEATH": "CG-SH3-264f",
            "NOTES": null,
            "FIBRE_SYSTEM": null,
            "BUFFER": "Dark-Yellow",
            "FIBRE": "Green",
            "END": "CG-10-1-1",
            "START": "CG-1739-1-4",
            "FIBRE_OWNER": "Group Telecom"
        },
        {
            "PAYLOAD": null,
            "SHEATH": "CG-SH3-264f",
            "NOTES": null,
            "FIBRE_SYSTEM": null,
            "BUFFER": "Dark-Yellow",
            "FIBRE": "Brown",
            "END": "CG-10-1-1",
            "START": "CG-1739-1-4",
            "FIBRE_OWNER": "Group Telecom"
        },
        {
            "PAYLOAD": "6307",
            "SHEATH": "CG-SH3-264f",
            "NOTES": "CG10:1586- GT/360",
            "FIBRE_SYSTEM": "CG-10:CG-1586:fs1",
            "BUFFER": "Dark-Yellow",
            "FIBRE": "Slate",
            "END": "CG-10-1-1",
            "START": "CG-1739-1-4",
            "FIBRE_OWNER": "Group Telecom"
        },
        {
            "PAYLOAD": "6307",
            "SHEATH": "CG-SH3-264f",
            "NOTES": "CG10:1586- GT/360",
            "FIBRE_SYSTEM": "CG-10:CG-1586:fs1",
            "BUFFER": "Dark-Yellow",
            "FIBRE": "White",
            "END": "CG-10-1-1",
            "START": "CG-1739-1-4",
            "FIBRE_OWNER": "Group Telecom"
        },
        {
            "PAYLOAD": null,
            "SHEATH": "CG-SH3-264f",
            "NOTES": null,
            "FIBRE_SYSTEM": null,
            "BUFFER": "Dark-Yellow",
            "FIBRE": "Red",
            "END": "CG-10-1-1",
            "START": "CG-1739-1-4",
            "FIBRE_OWNER": "Group Telecom"
        },
        {
            "PAYLOAD": null,
            "SHEATH": "CG-SH3-264f",
            "NOTES": null,
            "FIBRE_SYSTEM": null,
            "BUFFER": "Dark-Yellow",
            "FIBRE": "Black",
            "END": "CG-10-1-1",
            "START": "CG-1739-1-4",
            "FIBRE_OWNER": "Group Telecom"
        },
        {
            "PAYLOAD": null,
            "SHEATH": "CG-SH3-264f",
            "NOTES": null,
            "FIBRE_SYSTEM": null,
            "BUFFER": "Dark-Yellow",
            "FIBRE": "Yellow",
            "END": "CG-10-1-1",
            "START": "CG-1739-1-4",
            "FIBRE_OWNER": "Group Telecom"
        },
        {
            "PAYLOAD": null,
            "SHEATH": "CG-SH3-264f",
            "NOTES": null,
            "FIBRE_SYSTEM": null,
            "BUFFER": "Dark-Yellow",
            "FIBRE": "Violet",
            "END": "CG-10-1-1",
            "START": "CG-1739-1-4",
            "FIBRE_OWNER": "Group Telecom"
        },
        {
            "PAYLOAD": null,
            "SHEATH": "CG-SH3-264f",
            "NOTES": null,
            "FIBRE_SYSTEM": null,
            "BUFFER": "Dark-Yellow",
            "FIBRE": "Rose",
            "END": "CG-10-1-1",
            "START": "CG-1739-1-4",
            "FIBRE_OWNER": "Group Telecom"
        },
        {
            "PAYLOAD": null,
            "SHEATH": "CG-SH3-264f",
            "NOTES": null,
            "FIBRE_SYSTEM": null,
            "BUFFER": "Dark-Yellow",
            "FIBRE": "Aqua",
            "END": "CG-10-1-1",
            "START": "CG-1739-1-4",
            "FIBRE_OWNER": "Group Telecom"
        },
        {
            "PAYLOAD": null,
            "SHEATH": "CG-SH3-264f",
            "NOTES": null,
            "FIBRE_SYSTEM": null,
            "BUFFER": "Dark-Violet",
            "FIBRE": "Blue",
            "END": "CG-10-1-1",
            "START": "CG-1739-1-4",
            "FIBRE_OWNER": "Group Telecom"
        },
        {
            "PAYLOAD": null,
            "SHEATH": "CG-SH3-264f",
            "NOTES": null,
            "FIBRE_SYSTEM": null,
            "BUFFER": "Dark-Violet",
            "FIBRE": "Orange",
            "END": "CG-10-1-1",
            "START": "CG-1739-1-4",
            "FIBRE_OWNER": "Group Telecom"
        },
        {
            "PAYLOAD": null,
            "SHEATH": "CG-SH3-264f",
            "NOTES": null,
            "FIBRE_SYSTEM": null,
            "BUFFER": "Dark-Violet",
            "FIBRE": "Green",
            "END": "CG-10-1-1",
            "START": "CG-1739-1-4",
            "FIBRE_OWNER": "Group Telecom"
        },
        {
            "PAYLOAD": null,
            "SHEATH": "CG-SH3-264f",
            "NOTES": null,
            "FIBRE_SYSTEM": null,
            "BUFFER": "Dark-Violet",
            "FIBRE": "Brown",
            "END": "CG-10-1-1",
            "START": "CG-1739-1-4",
            "FIBRE_OWNER": "Group Telecom"
        },
        {
            "PAYLOAD": null,
            "SHEATH": "CG-SH3-264f",
            "NOTES": null,
            "FIBRE_SYSTEM": null,
            "BUFFER": "Dark-Violet",
            "FIBRE": "Slate",
            "END": "CG-10-1-1",
            "START": "CG-1739-1-4",
            "FIBRE_OWNER": "Group Telecom"
        },
        {
            "PAYLOAD": null,
            "SHEATH": "CG-SH3-264f",
            "NOTES": null,
            "FIBRE_SYSTEM": null,
            "BUFFER": "Dark-Violet",
            "FIBRE": "White",
            "END": "CG-10-1-1",
            "START": "CG-1739-1-4",
            "FIBRE_OWNER": "Group Telecom"
        },
        {
            "PAYLOAD": null,
            "SHEATH": "CG-SH3-264f",
            "NOTES": null,
            "FIBRE_SYSTEM": null,
            "BUFFER": "Dark-Violet",
            "FIBRE": "Red",
            "END": "CG-10-1-1",
            "START": "CG-1739-1-4",
            "FIBRE_OWNER": "Group Telecom"
        },
        {
            "PAYLOAD": null,
            "SHEATH": "CG-SH3-264f",
            "NOTES": null,
            "FIBRE_SYSTEM": null,
            "BUFFER": "Dark-Violet",
            "FIBRE": "Black",
            "END": "CG-10-1-1",
            "START": "CG-1739-1-4",
            "FIBRE_OWNER": "Group Telecom"
        },
        {
            "PAYLOAD": null,
            "SHEATH": "CG-SH3-264f",
            "NOTES": null,
            "FIBRE_SYSTEM": null,
            "BUFFER": "Dark-Violet",
            "FIBRE": "Yellow",
            "END": "CG-10-1-1",
            "START": "CG-1739-1-4",
            "FIBRE_OWNER": "Group Telecom"
        },
        {
            "PAYLOAD": null,
            "SHEATH": "CG-SH3-264f",
            "NOTES": null,
            "FIBRE_SYSTEM": null,
            "BUFFER": "Dark-Violet",
            "FIBRE": "Violet",
            "END": "CG-10-1-1",
            "START": "CG-1739-1-4",
            "FIBRE_OWNER": "Group Telecom"
        },
        {
            "PAYLOAD": null,
            "SHEATH": "CG-SH3-264f",
            "NOTES": null,
            "FIBRE_SYSTEM": null,
            "BUFFER": "Dark-Violet",
            "FIBRE": "Rose",
            "END": "CG-10-1-1",
            "START": "CG-1739-1-4",
            "FIBRE_OWNER": "Group Telecom"
        },
        {
            "PAYLOAD": null,
            "SHEATH": "CG-SH3-264f",
            "NOTES": null,
            "FIBRE_SYSTEM": null,
            "BUFFER": "Dark-Violet",
            "FIBRE": "Aqua",
            "END": "CG-10-1-1",
            "START": "CG-1739-1-4",
            "FIBRE_OWNER": "Group Telecom"
        }
    ]
}
Actual body: [[PAYLOAD:PIF-11283, SHEATH:CG-SH3-264f, NOTES:Gulf Canada Square, FIBRE_SYSTEM:CG-10:CG-467:fs7, BUFFER:Blue, FIBRE:Blue, END:CG-10-1-1, START:CG-1739-1-4, FIBRE_OWNER:Group Telecom], [PAYLOAD:PIF-11283, SHEATH:CG-SH3-264f, NOTES:Gulf Canada Square, FIBRE_SYSTEM:CG-10:CG-467:fs7, BUFFER:Blue, FIBRE:Orange, END:CG-10-1-1, START:CG-1739-1-4, FIBRE_OWNER:Group Telecom], [PAYLOAD:PIF-11298, SHEATH:CG-SH3-264f, NOTES:CPR0004CGE, FIBRE_SYSTEM:CG-10:CG-467:fs3, BUFFER:Blue, FIBRE:Green, END:CG-10-1-1, START:CG-1739-1-4, FIBRE_OWNER:Group Telecom], [PAYLOAD:PIF-11298, SHEATH:CG-SH3-264f, NOTES:CPR0004CGE, FIBRE_SYSTEM:CG-10:CG-467:fs3, BUFFER:Blue, FIBRE:Brown, END:CG-10-1-1, START:CG-1739-1-4, FIBRE_OWNER:Group Telecom], [PAYLOAD:PIF-10146, SHEATH:CG-SH3-264f, NOTES:Royal Park Tower, FIBRE_SYSTEM:CG-10:CG-497:fs1, BUFFER:Blue, FIBRE:Slate, END:CG-10-1-1, START:CG-1739-1-4, FIBRE_OWNER:Group Telecom], [PAYLOAD:PIF-10146, SHEATH:CG-SH3-264f, NOTES:Royal Park Tower, FIBRE_SYSTEM:CG-10:CG-497:fs1, BUFFER:Blue, FIBRE:White, END:CG-10-1-1, START:CG-1739-1-4, FIBRE_OWNER:Group Telecom], [PAYLOAD:PIF-10021, SHEATH:CG-SH3-264f, NOTES:Nova Chem Bldg, FIBRE_SYSTEM:CG-10:CG-611:fs1, BUFFER:Blue, FIBRE:Red, END:CG-10-1-1, START:CG-1739-1-4, FIBRE_OWNER:Group Telecom], [PAYLOAD:PIF-10021, SHEATH:CG-SH3-264f, NOTES:Nova Chem Bldg, FIBRE_SYSTEM:CG-10:CG-611:fs1, BUFFER:Blue, FIBRE:Black, END:CG-10-1-1, START:CG-1739-1-4, FIBRE_OWNER:Group Telecom], [PAYLOAD:PIF-10868, SHEATH:CG-SH3-264f, NOTES:Bankers Hall, FIBRE_SYSTEM:CG-10:CG-260:fs3, BUFFER:Blue, FIBRE:Yellow, END:CG-10-1-1, START:CG-1739-1-4, FIBRE_OWNER:Group Telecom], [PAYLOAD:PIF-10868, SHEATH:CG-SH3-264f, NOTES:Bankers Hall, FIBRE_SYSTEM:CG-10:CG-260:fs3, BUFFER:Blue, FIBRE:Violet, END:CG-10-1-1, START:CG-1739-1-4, FIBRE_OWNER:Group Telecom], [PAYLOAD:81915, SHEATH:CG-SH3-264f, NOTES:Bell IDP U06633, FIBRE_SYSTEM:CG-10:CG-88:fs19, BUFFER:Blue, FIBRE:Rose, END:CG-10-1-1, START:CG-1739-1-4, FIBRE_OWNER:Group Telecom], [PAYLOAD:81915, SHEATH:CG-SH3-264f, NOTES:Bell IDP U06633, FIBRE_SYSTEM:CG-10:CG-88:fs19, BUFFER:Blue, FIBRE:Aqua, END:CG-10-1-1, START:CG-1739-1-4, FIBRE_OWNER:Group Telecom], [PAYLOAD:1275, SHEATH:CG-SH3-264f, NOTES:Western Gas Tower, FIBRE_SYSTEM:CG-10:CG-749:fs8, BUFFER:Orange, FIBRE:Blue, END:CG-10-1-1, START:CG-1739-1-4, FIBRE_OWNER:Group Telecom], [PAYLOAD:1275, SHEATH:CG-SH3-264f, NOTES:Western Gas Tower, FIBRE_SYSTEM:CG-10:CG-749:fs8, BUFFER:Orange, FIBRE:Orange, END:CG-10-1-1, START:CG-1739-1-4, FIBRE_OWNER:Group Telecom], [PAYLOAD:PIF-11359, SHEATH:CG-SH3-264f, NOTES:Manulife House II, FIBRE_SYSTEM:CG-10:CG-365xx:fs2, BUFFER:Orange, FIBRE:Green, END:CG-10-1-1, START:CG-1739-1-4, FIBRE_OWNER:Group Telecom], [PAYLOAD:PIF-11359, SHEATH:CG-SH3-264f, NOTES:Manulife House II, FIBRE_SYSTEM:CG-10:CG-365xx:fs2, BUFFER:Orange, FIBRE:Brown, END:CG-10-1-1, START:CG-1739-1-4, FIBRE_OWNER:Group Telecom], [PAYLOAD:PIF-10598, SHEATH:CG-SH3-264f, NOTES:Sprint, FIBRE_SYSTEM:CG-10:CG-88:fs3, BUFFER:Orange, FIBRE:Slate, END:CG-10-1-1, START:CG-1739-1-4, FIBRE_OWNER:Group Telecom], [PAYLOAD:PIF-10598, SHEATH:CG-SH3-264f, NOTES:Sprint, FIBRE_SYSTEM:CG-10:CG-88:fs3, BUFFER:Orange, FIBRE:White, END:CG-10-1-1, START:CG-1739-1-4, FIBRE_OWNER:Group Telecom], [PAYLOAD:PIF-1490, SHEATH:CG-SH3-264f, NOTES:Scotia Centre, FIBRE_SYSTEM:CG-10:CG-556:fs1, BUFFER:Orange, FIBRE:Red, END:CG-10-1-1, START:CG-1739-1-4, FIBRE_OWNER:Group Telecom], [PAYLOAD:PIF-1490, SHEATH:CG-SH3-264f, NOTES:Scotia Centre, FIBRE_SYSTEM:CG-10:CG-556:fs1, BUFFER:Orange, FIBRE:Black, END:CG-10-1-1, START:CG-1739-1-4, FIBRE_OWNER:Group Telecom], [PAYLOAD:null, SHEATH:CG-SH3-264f, NOTES:Group Telecom, FIBRE_SYSTEM:null, BUFFER:Orange, FIBRE:Rose, END:CG-10-1-1, START:CG-1739-1-4, FIBRE_OWNER:Group Telecom], [PAYLOAD:null, SHEATH:CG-SH3-264f, NOTES:Group Telecom, FIBRE_SYSTEM:null, BUFFER:Orange, FIBRE:Aqua, END:CG-10-1-1, START:CG-1739-1-4, FIBRE_OWNER:Group Telecom], [PAYLOAD:null, SHEATH:CG-SH3-264f, NOTES:null, FIBRE_SYSTEM:null, BUFFER:Green, FIBRE:Blue, END:CG-10-1-1, START:CG-1739-1-4, FIBRE_OWNER:Group Telecom], [PAYLOAD:null, SHEATH:CG-SH3-264f, NOTES:null, FIBRE_SYSTEM:null, BUFFER:Green, FIBRE:Orange, END:CG-10-1-1, START:CG-1739-1-4, FIBRE_OWNER:Group Telecom], [PAYLOAD:PIF-10942, SHEATH:CG-SH3-264f, NOTES:Cascade Bldg, FIBRE_SYSTEM:CG-10:CG-429:fs1, BUFFER:Green, FIBRE:Green, END:CG-10-1-1, START:CG-1739-1-4, FIBRE_OWNER:Group Telecom], [PAYLOAD:PIF-10942, SHEATH:CG-SH3-264f, NOTES:Cascade Bldg, FIBRE_SYSTEM:CG-10:CG-429:fs1, BUFFER:Green, FIBRE:Brown, END:CG-10-1-1, START:CG-1739-1-4, FIBRE_OWNER:Group Telecom], [PAYLOAD:PIF-10182, SHEATH:CG-SH3-264f, NOTES:Dorchester Sq, FIBRE_SYSTEM:CG-10:CG-456:fs1, BUFFER:Green, FIBRE:Slate, END:CG-10-1-1, START:CG-1739-1-4, FIBRE_OWNER:Group Telecom], [PAYLOAD:null, SHEATH:CG-SH3-264f, NOTES:Dorchester Sq, FIBRE_SYSTEM:null, BUFFER:Green, FIBRE:White, END:CG-10-1-1, START:CG-1739-1-4, FIBRE_OWNER:Group Telecom], [PAYLOAD:PIF-10501, SHEATH:CG-SH3-264f, NOTES:1st West Profsl Bldg, FIBRE_SYSTEM:CG-10:CG-710:fs1, BUFFER:Green, FIBRE:Red, END:CG-10-1-1, START:CG-1739-1-4, FIBRE_OWNER:Group Telecom], [PAYLOAD:PIF-10501, SHEATH:CG-SH3-264f, NOTES:1st West Profsl Bldg, FIBRE_SYSTEM:CG-10:CG-710:fs1, BUFFER:Green, FIBRE:Black, END:CG-10-1-1, START:CG-1739-1-4, FIBRE_OWNER:Group Telecom], [PAYLOAD:null, SHEATH:CG-SH3-264f, NOTES:null, FIBRE_SYSTEM:null, BUFFER:Green, FIBRE:Yellow, END:CG-10-1-1, START:CG-1739-1-4, FIBRE_OWNER:Group Telecom], [PAYLOAD:null, SHEATH:CG-SH3-264f, NOTES:null, FIBRE_SYSTEM:null, BUFFER:Green, FIBRE:Violet, END:CG-10-1-1, START:CG-1739-1-4, FIBRE_OWNER:Group Telecom], [PAYLOAD:null, SHEATH:CG-SH3-264f, NOTES:null, FIBRE_SYSTEM:null, BUFFER:Green, FIBRE:Rose, END:CG-10-1-1, START:CG-1739-1-4, FIBRE_OWNER:Group Telecom], [PAYLOAD:null, SHEATH:CG-SH3-264f, NOTES:null, FIBRE_SYSTEM:null, BUFFER:Green, FIBRE:Aqua, END:CG-10-1-1, START:CG-1739-1-4, FIBRE_OWNER:Group Telecom], [PAYLOAD:PIF-11111, SHEATH:CG-SH3-264f, NOTES:Smart Technologies, FIBRE_SYSTEM:CG-10:CG-1058:fs1, BUFFER:Brown, FIBRE:Blue, END:CG-10-1-1, START:CG-1739-1-4, FIBRE_OWNER:Group Telecom], [PAYLOAD:PIF-11111, SHEATH:CG-SH3-264f, NOTES:Smart Technologies, FIBRE_SYSTEM:CG-10:CG-1058:fs1, BUFFER:Brown, FIBRE:Orange, END:CG-10-1-1, START:CG-1739-1-4, FIBRE_OWNER:Group Telecom], [PAYLOAD:PIF-10567, SHEATH:CG-SH3-264f, NOTES:Palliser Sq 1, FIBRE_SYSTEM:CG-10:CG-721:fs1, BUFFER:Brown, FIBRE:Green, END:CG-10-1-1, START:CG-1739-1-4, FIBRE_OWNER:Group Telecom], [PAYLOAD:PIF-10567, SHEATH:CG-SH3-264f, NOTES:Palliser Sq 1, FIBRE_SYSTEM:CG-10:CG-721:fs1, BUFFER:Brown, FIBRE:Brown, END:CG-10-1-1, START:CG-1739-1-4, FIBRE_OWNER:Group Telecom], [PAYLOAD:null, SHEATH:CG-SH3-264f, NOTES:null, FIBRE_SYSTEM:null, BUFFER:Brown, FIBRE:Slate, END:CG-10-1-1, START:CG-1739-1-4, FIBRE_OWNER:Group Telecom], [PAYLOAD:null, SHEATH:CG-SH3-264f, NOTES:null, FIBRE_SYSTEM:null, BUFFER:Brown, FIBRE:White, END:CG-10-1-1, START:CG-1739-1-4, FIBRE_OWNER:Group Telecom], [PAYLOAD:PIF-10391, SHEATH:CG-SH3-264f, NOTES:Sutton Hall Bldg, FIBRE_SYSTEM:CG-10:CG-767:fs1, BUFFER:Brown, FIBRE:Red, END:CG-10-1-1, START:CG-1739-1-4, FIBRE_OWNER:Group Telecom], [PAYLOAD:PIF-10391, SHEATH:CG-SH3-264f, NOTES:Sutton Hall Bldg, FIBRE_SYSTEM:CG-10:CG-767:fs1, BUFFER:Brown, FIBRE:Black, END:CG-10-1-1, START:CG-1739-1-4, FIBRE_OWNER:Group Telecom], [PAYLOAD:PIF-10322, SHEATH:CG-SH3-264f, NOTES:Bankers Hall, FIBRE_SYSTEM:CG-10:CG-260:fs4, BUFFER:Brown, FIBRE:Yellow, END:CG-10-1-1, START:CG-1739-1-4, FIBRE_OWNER:Group Telecom], [PAYLOAD:PIF-10322, SHEATH:CG-SH3-264f, NOTES:Bankers Hall, FIBRE_SYSTEM:CG-10:CG-260:fs4, BUFFER:Brown, FIBRE:Violet, END:CG-10-1-1, START:CG-1739-1-4, FIBRE_OWNER:Group Telecom], [PAYLOAD:81915, SHEATH:CG-SH3-264f, NOTES:Bell IDP U06633, FIBRE_SYSTEM:CG-10:CG-88:fs19, BUFFER:Brown, FIBRE:Rose, END:CG-10-1-1, START:CG-1739-1-4, FIBRE_OWNER:Group Telecom], [PAYLOAD:81915, SHEATH:CG-SH3-264f, NOTES:Bell IDP U06633, FIBRE_SYSTEM:CG-10:CG-88:fs19, BUFFER:Brown, FIBRE:Aqua, END:CG-10-1-1, START:CG-1739-1-4, FIBRE_OWNER:Group Telecom], [PAYLOAD:null, SHEATH:CG-SH3-264f, NOTES:OC1 Ring, FIBRE_SYSTEM:null, BUFFER:Slate, FIBRE:Blue, END:CG-10-1-1, START:CG-1739-1-4, FIBRE_OWNER:Group Telecom], [PAYLOAD:null, SHEATH:CG-SH3-264f, NOTES:OC1 Ring, FIBRE_SYSTEM:null, BUFFER:Slate, FIBRE:Orange, END:CG-10-1-1, START:CG-1739-1-4, FIBRE_OWNER:Group Telecom], [PAYLOAD:null, SHEATH:CG-SH3-264f, NOTES:null, FIBRE_SYSTEM:null, BUFFER:Slate, FIBRE:Green, END:CG-10-1-1, START:CG-1739-1-4, FIBRE_OWNER:Group Telecom], [PAYLOAD:null, SHEATH:CG-SH3-264f, NOTES:null, FIBRE_SYSTEM:null, BUFFER:Slate, FIBRE:Brown, END:CG-10-1-1, START:CG-1739-1-4, FIBRE_OWNER:Group Telecom], [PAYLOAD:null, SHEATH:CG-SH3-264f, NOTES:null, FIBRE_SYSTEM:null, BUFFER:Slate, FIBRE:Slate, END:CG-10-1-1, START:CG-1739-1-4, FIBRE_OWNER:Group Telecom], [PAYLOAD:null, SHEATH:CG-SH3-264f, NOTES:null, FIBRE_SYSTEM:null, BUFFER:Slate, FIBRE:White, END:CG-10-1-1, START:CG-1739-1-4, FIBRE_OWNER:Group Telecom], [PAYLOAD:null, SHEATH:CG-SH3-264f, NOTES:null, FIBRE_SYSTEM:null, BUFFER:Slate, FIBRE:Red, END:CG-10-1-1, START:CG-1739-1-4, FIBRE_OWNER:Group Telecom], [PAYLOAD:null, SHEATH:CG-SH3-264f, NOTES:null, FIBRE_SYSTEM:null, BUFFER:Slate, FIBRE:Black, END:CG-10-1-1, START:CG-1739-1-4, FIBRE_OWNER:Group Telecom], [PAYLOAD:PIF-10514, SHEATH:CG-SH3-264f, NOTES:Nova Chemicals, FIBRE_SYSTEM:CG-10:CG-611:fs3, BUFFER:Slate, FIBRE:Yellow, END:CG-10-1-1, START:CG-1739-1-4, FIBRE_OWNER:Group Telecom], [PAYLOAD:PIF-10514, SHEATH:CG-SH3-264f, NOTES:Nova Chemicals, FIBRE_SYSTEM:CG-10:CG-611:fs3, BUFFER:Slate, FIBRE:Violet, END:CG-10-1-1, START:CG-1739-1-4, FIBRE_OWNER:Group Telecom], [PAYLOAD:PIF-10107, SHEATH:CG-SH3-264f, NOTES:Can OXY Ring, FIBRE_SYSTEM:CG-218:CG-344:fs2, BUFFER:Slate, FIBRE:Rose, END:CG-10-1-1, START:CG-1739-1-4, FIBRE_OWNER:Group Telecom], [PAYLOAD:PIF-10107, SHEATH:CG-SH3-264f, NOTES:Can OXY Ring, FIBRE_SYSTEM:CG-218:CG-344:fs2, BUFFER:Slate, FIBRE:Aqua, END:CG-10-1-1, START:CG-1739-1-4, FIBRE_OWNER:Group Telecom], [PAYLOAD:PIF-10587, SHEATH:CG-SH3-264f, NOTES:Can West Centre, FIBRE_SYSTEM:CG-10:CG-860:fs1, BUFFER:White, FIBRE:Blue, END:CG-10-1-1, START:CG-1739-1-4, FIBRE_OWNER:Group Telecom], [PAYLOAD:PIF-10587, SHEATH:CG-SH3-264f, NOTES:Can West Centre, FIBRE_SYSTEM:CG-10:CG-860:fs1, BUFFER:White, FIBRE:Orange, END:CG-10-1-1, START:CG-1739-1-4, FIBRE_OWNER:Group Telecom], [PAYLOAD:PIF-10649, SHEATH:CG-SH3-264f, NOTES:Bankers Hall, FIBRE_SYSTEM:CG-10:CG-260:fs2, BUFFER:White, FIBRE:Green, END:CG-10-1-1, START:CG-1739-1-4, FIBRE_OWNER:Group Telecom], [PAYLOAD:PIF-10649, SHEATH:CG-SH3-264f, NOTES:Bankers Hall, FIBRE_SYSTEM:CG-10:CG-260:fs2, BUFFER:White, FIBRE:Brown, END:CG-10-1-1, START:CG-1739-1-4, FIBRE_OWNER:Group Telecom], [PAYLOAD:PIF-10455, SHEATH:CG-SH3-264f, NOTES:Fairmore Bldg, FIBRE_SYSTEM:CG-10:CG-940:fs1, BUFFER:White, FIBRE:Red, END:CG-10-1-1, START:CG-1739-1-4, FIBRE_OWNER:Group Telecom], [PAYLOAD:PIF-10455, SHEATH:CG-SH3-264f, NOTES:Fairmore Bldg, FIBRE_SYSTEM:CG-10:CG-940:fs1, BUFFER:White, FIBRE:Black, END:CG-10-1-1, START:CG-1739-1-4, FIBRE_OWNER:Group Telecom], [PAYLOAD:PIF-11082, SHEATH:CG-SH3-264f, NOTES:CG-10:CG-1019:fs1, FIBRE_SYSTEM:CG-10:CG-1019:fs1, BUFFER:White, FIBRE:Yellow, END:CG-10-1-1, START:CG-1739-1-4, FIBRE_OWNER:Group Telecom], [PAYLOAD:PIF-11082, SHEATH:CG-SH3-264f, NOTES:CG-10:CG-1019:fs1, FIBRE_SYSTEM:CG-10:CG-1019:fs1, BUFFER:White, FIBRE:Violet, END:CG-10-1-1, START:CG-1739-1-4, FIBRE_OWNER:Group Telecom], [PAYLOAD:PIF-11196, SHEATH:CG-SH3-264f, NOTES:Western Gas Tower, FIBRE_SYSTEM:CG-10:CG-749:fs3, BUFFER:White, FIBRE:Rose, END:CG-10-1-1, START:CG-1739-1-4, FIBRE_OWNER:Group Telecom], [PAYLOAD:PIF-11196, SHEATH:CG-SH3-264f, NOTES:Western Gas Tower, FIBRE_SYSTEM:CG-10:CG-749:fs3, BUFFER:White, FIBRE:Aqua, END:CG-10-1-1, START:CG-1739-1-4, FIBRE_OWNER:Group Telecom], [PAYLOAD:PIF-10075, SHEATH:CG-SH3-264f, NOTES:TD Square, FIBRE_SYSTEM:CG-10:CG-468:fs2, BUFFER:Red, FIBRE:Blue, END:CG-10-1-1, START:CG-1739-1-4, FIBRE_OWNER:Group Telecom], [PAYLOAD:PIF-10075, SHEATH:CG-SH3-264f, NOTES:TD Square, FIBRE_SYSTEM:CG-10:CG-468:fs2, BUFFER:Red, FIBRE:Orange, END:CG-10-1-1, START:CG-1739-1-4, FIBRE_OWNER:Group Telecom], [PAYLOAD:78722, SHEATH:CG-SH3-264f, NOTES:Bell IDP U06360.1.1C, FIBRE_SYSTEM:CG-10:CG-430:fs2, BUFFER:Red, FIBRE:Green, END:CG-10-1-1, START:CG-1739-1-4, FIBRE_OWNER:Group Telecom], [PAYLOAD:78722, SHEATH:CG-SH3-264f, NOTES:Bell IDP U06360.1.1C, FIBRE_SYSTEM:CG-10:CG-430:fs2, BUFFER:Red, FIBRE:Brown, END:CG-10-1-1, START:CG-1739-1-4, FIBRE_OWNER:Group Telecom], [PAYLOAD:null, SHEATH:CG-SH3-264f, NOTES:null, FIBRE_SYSTEM:null, BUFFER:Red, FIBRE:Slate, END:CG-10-1-1, START:CG-1739-1-4, FIBRE_OWNER:Group Telecom], [PAYLOAD:null, SHEATH:CG-SH3-264f, NOTES:null, FIBRE_SYSTEM:null, BUFFER:Red, FIBRE:White, END:CG-10-1-1, START:CG-1739-1-4, FIBRE_OWNER:Group Telecom], [PAYLOAD:null, SHEATH:CG-SH3-264f, NOTES:null, FIBRE_SYSTEM:null, BUFFER:Red, FIBRE:Red, END:CG-10-1-1, START:CG-1739-1-4, FIBRE_OWNER:Group Telecom], [PAYLOAD:PIF-2799, SHEATH:CG-SH3-264f, NOTES:Sprint, FIBRE_SYSTEM:CG-10:CG-88:fs8, BUFFER:Red, FIBRE:Black, END:CG-10-1-1, START:CG-1739-1-4, FIBRE_OWNER:Group Telecom], [PAYLOAD:PIF-10071, SHEATH:CG-SH3-264f, NOTES:Gulf Canada Sq, FIBRE_SYSTEM:CG-10:CG-467:fs1, BUFFER:Red, FIBRE:Yellow, END:CG-10-1-1, START:CG-1739-1-4, FIBRE_OWNER:Group Telecom], [PAYLOAD:PIF-10071, SHEATH:CG-SH3-264f, NOTES:Gulf Canada Sq, FIBRE_SYSTEM:CG-10:CG-467:fs1, BUFFER:Red, FIBRE:Violet, END:CG-10-1-1, START:CG-1739-1-4, FIBRE_OWNER:Group Telecom], [PAYLOAD:PIF-11069, SHEATH:CG-SH3-264f, NOTES:CG-10:CG-260:fs6, FIBRE_SYSTEM:CG-10:CG-260:fs6, BUFFER:Red, FIBRE:Rose, END:CG-10-1-1, START:CG-1739-1-4, FIBRE_OWNER:Group Telecom], [PAYLOAD:PIF-11069, SHEATH:CG-SH3-264f, NOTES:CG-10:CG-260:fs6, FIBRE_SYSTEM:CG-10:CG-260:fs6, BUFFER:Red, FIBRE:Aqua, END:CG-10-1-1, START:CG-1739-1-4, FIBRE_OWNER:Group Telecom], [PAYLOAD:PIF-10001, SHEATH:CG-SH3-264f, NOTES:Bankers Hall, FIBRE_SYSTEM:CG-10:CG-260:fs5, BUFFER:Black, FIBRE:Blue, END:CG-10-1-1, START:CG-1739-1-4, FIBRE_OWNER:Group Telecom], [PAYLOAD:PIF-10001, SHEATH:CG-SH3-264f, NOTES:Bankers Hall, FIBRE_SYSTEM:CG-10:CG-260:fs5, BUFFER:Black, FIBRE:Orange, END:CG-10-1-1, START:CG-1739-1-4, FIBRE_OWNER:Group Telecom], [PAYLOAD:19436, SHEATH:CG-SH3-264f, NOTES:GT/Bell SR 19436, FIBRE_SYSTEM:CG-10:CG-2211:fs4, BUFFER:Black, FIBRE:Slate, END:CG-10-1-1, START:CG-1739-1-4, FIBRE_OWNER:Group Telecom], [PAYLOAD:19436, SHEATH:CG-SH3-264f, NOTES:GT/Bell SR 19436, FIBRE_SYSTEM:CG-10:CG-2211:fs4, BUFFER:Black, FIBRE:White, END:CG-10-1-1, START:CG-1739-1-4, FIBRE_OWNER:Group Telecom], [PAYLOAD:PIF-10555, SHEATH:CG-SH3-264f, NOTES:Bank of Canada Bldg, FIBRE_SYSTEM:CG-10:CG-818:fs1, BUFFER:Black, FIBRE:Red, END:CG-10-1-1, START:CG-1739-1-4, FIBRE_OWNER:Group Telecom], [PAYLOAD:PIF-10555, SHEATH:CG-SH3-264f, NOTES:Bank of Canada Bldg, FIBRE_SYSTEM:CG-10:CG-818:fs1, BUFFER:Black, FIBRE:Black, END:CG-10-1-1, START:CG-1739-1-4, FIBRE_OWNER:Group Telecom], [PAYLOAD:null, SHEATH:CG-SH3-264f, NOTES:null, FIBRE_SYSTEM:null, BUFFER:Black, FIBRE:Yellow, END:CG-10-1-1, START:CG-1739-1-4, FIBRE_OWNER:Group Telecom], [PAYLOAD:null, SHEATH:CG-SH3-264f, NOTES:null, FIBRE_SYSTEM:null, BUFFER:Black, FIBRE:Violet, END:CG-10-1-1, START:CG-1739-1-4, FIBRE_OWNER:Group Telecom], [PAYLOAD:null, SHEATH:CG-SH3-264f, NOTES:null, FIBRE_SYSTEM:null, BUFFER:Black, FIBRE:Rose, END:CG-10-1-1, START:CG-1739-1-4, FIBRE_OWNER:Group Telecom], [PAYLOAD:null, SHEATH:CG-SH3-264f, NOTES:null, FIBRE_SYSTEM:null, BUFFER:Black, FIBRE:Aqua, END:CG-10-1-1, START:CG-1739-1-4, FIBRE_OWNER:Group Telecom], [PAYLOAD:PIF-11065, SHEATH:CG-SH3-264f, NOTES:Eleveden House, FIBRE_SYSTEM:CG-10:CG-186:fs9, BUFFER:Yellow, FIBRE:Blue, END:CG-10-1-1, START:CG-1739-1-4, FIBRE_OWNER:Group Telecom], [PAYLOAD:PIF-11065, SHEATH:CG-SH3-264f, NOTES:Eleveden House, FIBRE_SYSTEM:CG-10:CG-186:fs9, BUFFER:Yellow, FIBRE:Orange, END:CG-10-1-1, START:CG-1739-1-4, FIBRE_OWNER:Group Telecom], [PAYLOAD:null, SHEATH:CG-SH3-264f, NOTES:Group Telecom, FIBRE_SYSTEM:null, BUFFER:Yellow, FIBRE:Green, END:CG-10-1-1, START:CG-1739-1-4, FIBRE_OWNER:Group Telecom], [PAYLOAD:null, SHEATH:CG-SH3-264f, NOTES:Group Telecom, FIBRE_SYSTEM:null, BUFFER:Yellow, FIBRE:Brown, END:CG-10-1-1, START:CG-1739-1-4, FIBRE_OWNER:Group Telecom], [PAYLOAD:354, SHEATH:CG-SH3-264f, NOTES:Western Gas Tower, FIBRE_SYSTEM:CG-10:CG-749:fs5, BUFFER:Yellow, FIBRE:Slate, END:CG-10-1-1, START:CG-1739-1-4, FIBRE_OWNER:Group Telecom], [PAYLOAD:354, SHEATH:CG-SH3-264f, NOTES:Western Gas Tower, FIBRE_SYSTEM:CG-10:CG-749:fs5, BUFFER:Yellow, FIBRE:White, END:CG-10-1-1, START:CG-1739-1-4, FIBRE_OWNER:Group Telecom], [PAYLOAD:PIF-2188, SHEATH:CG-SH3-264f, NOTES:ATCO Conf. Centre, FIBRE_SYSTEM:CG-10:CG-860:fs3, BUFFER:Yellow, FIBRE:Red, END:CG-10-1-1, START:CG-1739-1-4, FIBRE_OWNER:Group Telecom], [PAYLOAD:PIF-2188, SHEATH:CG-SH3-264f, NOTES:ATCO Conf. Centre, FIBRE_SYSTEM:CG-10:CG-860:fs3, BUFFER:Yellow, FIBRE:Black, END:CG-10-1-1, START:CG-1739-1-4, FIBRE_OWNER:Group Telecom], [PAYLOAD:1343, SHEATH:CG-SH3-264f, NOTES:Infonet-Nova bunker, FIBRE_SYSTEM:CG-10:CG-611:fs5, BUFFER:Yellow, FIBRE:Yellow, END:CG-10-1-1, START:CG-1739-1-4, FIBRE_OWNER:Group Telecom], [PAYLOAD:1343, SHEATH:CG-SH3-264f, NOTES:Infonet-Nova bunker, FIBRE_SYSTEM:CG-10:CG-611:fs5, BUFFER:Yellow, FIBRE:Violet, END:CG-10-1-1, START:CG-1739-1-4, FIBRE_OWNER:Group Telecom], [PAYLOAD:1645, SHEATH:CG-SH3-264f, NOTES:Rocky Mtn Plaza, FIBRE_SYSTEM:CG-10:CG-622:fs5, BUFFER:Yellow, FIBRE:Rose, END:CG-10-1-1, START:CG-1739-1-4, FIBRE_OWNER:Group Telecom], [PAYLOAD:1645, SHEATH:CG-SH3-264f, NOTES:Rocky Mtn Plaza, FIBRE_SYSTEM:CG-10:CG-622:fs5, BUFFER:Yellow, FIBRE:Aqua, END:CG-10-1-1, START:CG-1739-1-4, FIBRE_OWNER:Group Telecom], [PAYLOAD:7485, SHEATH:CG-SH3-264f, NOTES:Telus Bunker: GT, FIBRE_SYSTEM:CG-10:CG-611:fs7, BUFFER:Violet, FIBRE:Blue, END:CG-10-1-1, START:CG-1739-1-4, FIBRE_OWNER:Group Telecom], [PAYLOAD:7485, SHEATH:CG-SH3-264f, NOTES:Telus Bunker: GT, FIBRE_SYSTEM:CG-10:CG-611:fs7, BUFFER:Violet, FIBRE:Orange, END:CG-10-1-1, START:CG-1739-1-4, FIBRE_OWNER:Group Telecom], [PAYLOAD:null, SHEATH:CG-SH3-264f, NOTES:null, FIBRE_SYSTEM:null, BUFFER:Violet, FIBRE:Green, END:CG-10-1-1, START:CG-1739-1-4, FIBRE_OWNER:Group Telecom], [PAYLOAD:null, SHEATH:CG-SH3-264f, NOTES:null, FIBRE_SYSTEM:null, BUFFER:Violet, FIBRE:Brown, END:CG-10-1-1, START:CG-1739-1-4, FIBRE_OWNER:Group Telecom], [PAYLOAD:1275, SHEATH:CG-SH3-264f, NOTES:Western Gas Tower, FIBRE_SYSTEM:CG-10:CG-749:fs7, BUFFER:Violet, FIBRE:Slate, END:CG-10-1-1, START:CG-1739-1-4, FIBRE_OWNER:Group Telecom], [PAYLOAD:1275, SHEATH:CG-SH3-264f, NOTES:Western Gas Tower, FIBRE_SYSTEM:CG-10:CG-749:fs7, BUFFER:Violet, FIBRE:White, END:CG-10-1-1, START:CG-1739-1-4, FIBRE_OWNER:Group Telecom], [PAYLOAD:null, SHEATH:CG-SH3-264f, NOTES:null, FIBRE_SYSTEM:null, BUFFER:Rose, FIBRE:Violet, END:CG-10-1-1, START:CG-1739-1-4, FIBRE_OWNER:Group Telecom], [PAYLOAD:2120, SHEATH:CG-SH3-264f, NOTES:A-Channel, FIBRE_SYSTEM:CG-10:CG-482:fs2, BUFFER:Rose, FIBRE:Rose, END:CG-10-1-1, START:CG-1739-1-4, FIBRE_OWNER:Group Telecom], [PAYLOAD:2120, SHEATH:CG-SH3-264f, NOTES:A-Channel, FIBRE_SYSTEM:CG-10:CG-482:fs2, BUFFER:Rose, FIBRE:Aqua, END:CG-10-1-1, START:CG-1739-1-4, FIBRE_OWNER:Group Telecom], [PAYLOAD:PIF-10108, SHEATH:CG-SH3-264f, NOTES:Canadian Oxy, FIBRE_SYSTEM:CG-10:CG-344:fs3, BUFFER:Aqua, FIBRE:Blue, END:CG-10-1-1, START:CG-1739-1-4, FIBRE_OWNER:Group Telecom], [PAYLOAD:PIF-10108, SHEATH:CG-SH3-264f, NOTES:Canadian Oxy, FIBRE_SYSTEM:CG-10:CG-344:fs3, BUFFER:Aqua, FIBRE:Orange, END:CG-10-1-1, START:CG-1739-1-4, FIBRE_OWNER:Group Telecom], [PAYLOAD:PIF-10147, SHEATH:CG-SH3-264f, NOTES:Manulife House, FIBRE_SYSTEM:CG-10:CG-365xx:fs1, BUFFER:Aqua, FIBRE:Green, END:CG-10-1-1, START:CG-1739-1-4, FIBRE_OWNER:Group Telecom], [PAYLOAD:PIF-10147, SHEATH:CG-SH3-264f, NOTES:Manulife House, FIBRE_SYSTEM:CG-10:CG-365xx:fs1, BUFFER:Aqua, FIBRE:Brown, END:CG-10-1-1, START:CG-1739-1-4, FIBRE_OWNER:Group Telecom], [PAYLOAD:null, SHEATH:CG-SH3-264f, NOTES:null, FIBRE_SYSTEM:null, BUFFER:Aqua, FIBRE:Red, END:CG-10-1-1, START:CG-1739-1-4, FIBRE_OWNER:Group Telecom], [PAYLOAD:null, SHEATH:CG-SH3-264f, NOTES:null, FIBRE_SYSTEM:null, BUFFER:Aqua, FIBRE:Black, END:CG-10-1-1, START:CG-1739-1-4, FIBRE_OWNER:Group Telecom], [PAYLOAD:PIF-10942, SHEATH:CG-SH3-264f, NOTES:Cascade Bldg, FIBRE_SYSTEM:CG-10:CG-429:fs1, BUFFER:Dark-Blue, FIBRE:Blue, END:CG-10-1-1, START:CG-1739-1-4, FIBRE_OWNER:Group Telecom], [PAYLOAD:PIF-10942, SHEATH:CG-SH3-264f, NOTES:Cascade Bldg, FIBRE_SYSTEM:CG-10:CG-429:fs1, BUFFER:Dark-Blue, FIBRE:Orange, END:CG-10-1-1, START:CG-1739-1-4, FIBRE_OWNER:Group Telecom], [PAYLOAD:7485, SHEATH:CG-SH3-264f, NOTES:Telus Bunker: GT, FIBRE_SYSTEM:CG-10:CG-611:fs7, BUFFER:Dark-Blue, FIBRE:Green, END:CG-10-1-1, START:CG-1739-1-4, FIBRE_OWNER:Group Telecom], [PAYLOAD:7485, SHEATH:CG-SH3-264f, NOTES:Telus Bunker: GT, FIBRE_SYSTEM:CG-10:CG-611:fs7, BUFFER:Dark-Blue, FIBRE:Brown, END:CG-10-1-1, START:CG-1739-1-4, FIBRE_OWNER:Group Telecom], [PAYLOAD:7485, SHEATH:CG-SH3-264f, NOTES:Telus Bunker: GT, FIBRE_SYSTEM:CG-10:CG-611:fs7, BUFFER:Dark-Blue, FIBRE:Slate, END:CG-10-1-1, START:CG-1739-1-4, FIBRE_OWNER:Group Telecom], [PAYLOAD:7485, SHEATH:CG-SH3-264f, NOTES:Telus Bunker: GT, FIBRE_SYSTEM:CG-10:CG-611:fs7, BUFFER:Dark-Blue, FIBRE:White, END:CG-10-1-1, START:CG-1739-1-4, FIBRE_OWNER:Group Telecom], [PAYLOAD:7485, SHEATH:CG-SH3-264f, NOTES:Telus Bunker: GT, FIBRE_SYSTEM:CG-10:CG-611:fs7, BUFFER:Dark-Blue, FIBRE:Red, END:CG-10-1-1, START:CG-1739-1-4, FIBRE_OWNER:Group Telecom], [PAYLOAD:7485, SHEATH:CG-SH3-264f, NOTES:Telus Bunker: GT, FIBRE_SYSTEM:CG-10:CG-611:fs7, BUFFER:Dark-Blue, FIBRE:Black, END:CG-10-1-1, START:CG-1739-1-4, FIBRE_OWNER:Group Telecom], [PAYLOAD:7485, SHEATH:CG-SH3-264f, NOTES:Telus Bunker: GT, FIBRE_SYSTEM:CG-10:CG-611:fs7, BUFFER:Dark-Blue, FIBRE:Yellow, END:CG-10-1-1, START:CG-1739-1-4, FIBRE_OWNER:Group Telecom], [PAYLOAD:7485, SHEATH:CG-SH3-264f, NOTES:Telus Bunker: GT, FIBRE_SYSTEM:CG-10:CG-611:fs7, BUFFER:Dark-Blue, FIBRE:Violet, END:CG-10-1-1, START:CG-1739-1-4, FIBRE_OWNER:Group Telecom], [PAYLOAD:null, SHEATH:CG-SH3-264f, NOTES:null, FIBRE_SYSTEM:null, BUFFER:Dark-Blue, FIBRE:Rose, END:CG-10-1-1, START:CG-1739-1-4, FIBRE_OWNER:Group Telecom], [PAYLOAD:null, SHEATH:CG-SH3-264f, NOTES:null, FIBRE_SYSTEM:null, BUFFER:Dark-Blue, FIBRE:Aqua, END:CG-10-1-1, START:CG-1739-1-4, FIBRE_OWNER:Group Telecom], [PAYLOAD:PIF-10722, SHEATH:CG-SH3-264f, NOTES:Food City Bldg, FIBRE_SYSTEM:CG-10:CG-224:fs3, BUFFER:Dark-Brown, FIBRE:Slate, END:CG-10-1-1, START:CG-1739-1-4, FIBRE_OWNER:Group Telecom], [PAYLOAD:PIF-10722, SHEATH:CG-SH3-264f, NOTES:Food City Bldg, FIBRE_SYSTEM:CG-10:CG-224:fs3, BUFFER:Dark-Brown, FIBRE:White, END:CG-10-1-1, START:CG-1739-1-4, FIBRE_OWNER:Group Telecom], [PAYLOAD:15715, SHEATH:CG-SH3-264f, NOTES:GT/Bell SR15715, FIBRE_SYSTEM:CG-10:CG-2211:fs3, BUFFER:Dark-Brown, FIBRE:Yellow, END:CG-10-1-1, START:CG-1739-1-4, FIBRE_OWNER:Group Telecom], [PAYLOAD:15715, SHEATH:CG-SH3-264f, NOTES:GT/Bell SR15715, FIBRE_SYSTEM:CG-10:CG-2211:fs3, BUFFER:Dark-Brown, FIBRE:Violet, END:CG-10-1-1, START:CG-1739-1-4, FIBRE_OWNER:Group Telecom], [PAYLOAD:15715, SHEATH:CG-SH3-264f, NOTES:GT/Bell SR15715, FIBRE_SYSTEM:CG-10:CG-2211:fs3, BUFFER:Dark-Brown, FIBRE:Rose, END:CG-10-1-1, START:CG-1739-1-4, FIBRE_OWNER:Group Telecom], [PAYLOAD:15715, SHEATH:CG-SH3-264f, NOTES:GT/Bell SR15715, FIBRE_SYSTEM:CG-10:CG-2211:fs3, BUFFER:Dark-Brown, FIBRE:Aqua, END:CG-10-1-1, START:CG-1739-1-4, FIBRE_OWNER:Group Telecom], [PAYLOAD:null, SHEATH:CG-SH3-264f, NOTES:null, FIBRE_SYSTEM:null, BUFFER:Dark-Slate, FIBRE:Blue, END:CG-10-1-1, START:CG-1739-1-4, FIBRE_OWNER:Group Telecom], [PAYLOAD:null, SHEATH:CG-SH3-264f, NOTES:null, FIBRE_SYSTEM:null, BUFFER:Dark-Slate, FIBRE:Orange, END:CG-10-1-1, START:CG-1739-1-4, FIBRE_OWNER:Group Telecom], [PAYLOAD:null, SHEATH:CG-SH3-264f, NOTES:null, FIBRE_SYSTEM:null, BUFFER:Dark-Slate, FIBRE:Green, END:CG-10-1-1, START:CG-1739-1-4, FIBRE_OWNER:Group Telecom], [PAYLOAD:null, SHEATH:CG-SH3-264f, NOTES:null, FIBRE_SYSTEM:null, BUFFER:Dark-Slate, FIBRE:Brown, END:CG-10-1-1, START:CG-1739-1-4, FIBRE_OWNER:Group Telecom], [PAYLOAD:38722, SHEATH:CG-SH3-264f, NOTES:Bell N27661 New IDP, FIBRE_SYSTEM:CG-10:CG-88:fs18, BUFFER:Dark-Slate, FIBRE:Slate, END:CG-10-1-1, START:CG-1739-1-4, FIBRE_OWNER:Group Telecom], [PAYLOAD:38722, SHEATH:CG-SH3-264f, NOTES:Bell N27661 New IDP, FIBRE_SYSTEM:CG-10:CG-88:fs18, BUFFER:Dark-Slate, FIBRE:White, END:CG-10-1-1, START:CG-1739-1-4, FIBRE_OWNER:Group Telecom], [PAYLOAD:null, SHEATH:CG-SH3-264f, NOTES:Pop CG455, FIBRE_SYSTEM:null, BUFFER:Dark-Slate, FIBRE:Red, END:CG-10-1-1, START:CG-1739-1-4, FIBRE_OWNER:Group Telecom], [PAYLOAD:null, SHEATH:CG-SH3-264f, NOTES:10-455: M/T, FIBRE_SYSTEM:null, BUFFER:Dark-Slate, FIBRE:Black, END:CG-10-1-1, START:CG-1739-1-4, FIBRE_OWNER:Group Telecom], [PAYLOAD:21907, SHEATH:CG-SH3-264f, NOTES:Bell IDP #U02138, FIBRE_SYSTEM:CG-10:CG-2211:fs5, BUFFER:Dark-Slate, FIBRE:Yellow, END:CG-10-1-1, START:CG-1739-1-4, FIBRE_OWNER:Group Telecom], [PAYLOAD:21907, SHEATH:CG-SH3-264f, NOTES:Bell IDP #U02138, FIBRE_SYSTEM:CG-10:CG-2211:fs5, BUFFER:Dark-Slate, FIBRE:Violet, END:CG-10-1-1, START:CG-1739-1-4, FIBRE_OWNER:Group Telecom], [PAYLOAD:21907, SHEATH:CG-SH3-264f, NOTES:Bell IDP #U02138, FIBRE_SYSTEM:CG-10:CG-2211:fs5, BUFFER:Dark-Slate, FIBRE:Rose, END:CG-10-1-1, START:CG-1739-1-4, FIBRE_OWNER:Group Telecom], [PAYLOAD:21907, SHEATH:CG-SH3-264f, NOTES:Bell IDP #U02138, FIBRE_SYSTEM:CG-10:CG-2211:fs5, BUFFER:Dark-Slate, FIBRE:Aqua, END:CG-10-1-1, START:CG-1739-1-4, FIBRE_OWNER:Group Telecom], [PAYLOAD:21907, SHEATH:CG-SH3-264f, NOTES:Bell IDP #U02138, FIBRE_SYSTEM:CG-10:CG-2211:fs5, BUFFER:Dark-White, FIBRE:Blue, END:CG-10-1-1, START:CG-1739-1-4, FIBRE_OWNER:Group Telecom], [PAYLOAD:21907, SHEATH:CG-SH3-264f, NOTES:Bell IDP #U02138, FIBRE_SYSTEM:CG-10:CG-2211:fs5, BUFFER:Dark-White, FIBRE:Orange, END:CG-10-1-1, START:CG-1739-1-4, FIBRE_OWNER:Group Telecom], [PAYLOAD:null, SHEATH:CG-SH3-264f, NOTES:null, FIBRE_SYSTEM:null, BUFFER:Dark-White, FIBRE:Green, END:CG-10-1-1, START:CG-1739-1-4, FIBRE_OWNER:Group Telecom], [PAYLOAD:null, SHEATH:CG-SH3-264f, NOTES:null, FIBRE_SYSTEM:null, BUFFER:Dark-White, FIBRE:Brown, END:CG-10-1-1, START:CG-1739-1-4, FIBRE_OWNER:Group Telecom], [PAYLOAD:30074, SHEATH:CG-SH3-264f, NOTES:Bell N#24043 New IDP, FIBRE_SYSTEM:CG-10:CG-712:fs8, BUFFER:Dark-White, FIBRE:Slate, END:CG-10-1-1, START:CG-1739-1-4, FIBRE_OWNER:Group Telecom], [PAYLOAD:30074, SHEATH:CG-SH3-264f, NOTES:Bell N#24043 New IDP, FIBRE_SYSTEM:CG-10:CG-712:fs8, BUFFER:Dark-White, FIBRE:White, END:CG-10-1-1, START:CG-1739-1-4, FIBRE_OWNER:Group Telecom], [PAYLOAD:null, SHEATH:CG-SH3-264f, NOTES:null, FIBRE_SYSTEM:null, BUFFER:Dark-White, FIBRE:Red, END:CG-10-1-1, START:CG-1739-1-4, FIBRE_OWNER:Group Telecom], [PAYLOAD:null, SHEATH:CG-SH3-264f, NOTES:null, FIBRE_SYSTEM:null, BUFFER:Dark-White, FIBRE:Black, END:CG-10-1-1, START:CG-1739-1-4, FIBRE_OWNER:Group Telecom], [PAYLOAD:null, SHEATH:CG-SH3-264f, NOTES:null, FIBRE_SYSTEM:null, BUFFER:Dark-White, FIBRE:Yellow, END:CG-10-1-1, START:CG-1739-1-4, FIBRE_OWNER:Group Telecom], [PAYLOAD:null, SHEATH:CG-SH3-264f, NOTES:null, FIBRE_SYSTEM:null, BUFFER:Dark-White, FIBRE:Violet, END:CG-10-1-1, START:CG-1739-1-4, FIBRE_OWNER:Group Telecom], [PAYLOAD:null, SHEATH:CG-SH3-264f, NOTES:null, FIBRE_SYSTEM:null, BUFFER:Dark-White, FIBRE:Rose, END:CG-10-1-1, START:CG-1739-1-4, FIBRE_OWNER:Group Telecom], [PAYLOAD:null, SHEATH:CG-SH3-264f, NOTES:null, FIBRE_SYSTEM:null, BUFFER:Dark-White, FIBRE:Aqua, END:CG-10-1-1, START:CG-1739-1-4, FIBRE_OWNER:Group Telecom], [PAYLOAD:null, SHEATH:CG-SH3-264f, NOTES:null, FIBRE_SYSTEM:null, BUFFER:Dark-Red, FIBRE:Blue, END:CG-10-1-1, START:CG-1739-1-4, FIBRE_OWNER:Group Telecom], [PAYLOAD:null, SHEATH:CG-SH3-264f, NOTES:null, FIBRE_SYSTEM:null, BUFFER:Dark-Red, FIBRE:Orange, END:CG-10-1-1, START:CG-1739-1-4, FIBRE_OWNER:Group Telecom], [PAYLOAD:null, SHEATH:CG-SH3-264f, NOTES:null, FIBRE_SYSTEM:null, BUFFER:Dark-Red, FIBRE:Green, END:CG-10-1-1, START:CG-1739-1-4, FIBRE_OWNER:Group Telecom], [PAYLOAD:null, SHEATH:CG-SH3-264f, NOTES:null, FIBRE_SYSTEM:null, BUFFER:Dark-Red, FIBRE:Brown, END:CG-10-1-1, START:CG-1739-1-4, FIBRE_OWNER:Group Telecom], [PAYLOAD:null, SHEATH:CG-SH3-264f, NOTES:null, FIBRE_SYSTEM:null, BUFFER:Dark-Red, FIBRE:Slate, END:CG-10-1-1, START:CG-1739-1-4, FIBRE_OWNER:Group Telecom], [PAYLOAD:null, SHEATH:CG-SH3-264f, NOTES:null, FIBRE_SYSTEM:null, BUFFER:Dark-Red, FIBRE:White, END:CG-10-1-1, START:CG-1739-1-4, FIBRE_OWNER:Group Telecom], [PAYLOAD:null, SHEATH:CG-SH3-264f, NOTES:null, FIBRE_SYSTEM:null, BUFFER:Dark-Red, FIBRE:Red, END:CG-10-1-1, START:CG-1739-1-4, FIBRE_OWNER:Group Telecom], [PAYLOAD:null, SHEATH:CG-SH3-264f, NOTES:null, FIBRE_SYSTEM:null, BUFFER:Dark-Red, FIBRE:Black, END:CG-10-1-1, START:CG-1739-1-4, FIBRE_OWNER:Group Telecom], [PAYLOAD:null, SHEATH:CG-SH3-264f, NOTES:null, FIBRE_SYSTEM:null, BUFFER:Dark-Red, FIBRE:Yellow, END:CG-10-1-1, START:CG-1739-1-4, FIBRE_OWNER:Group Telecom], [PAYLOAD:null, SHEATH:CG-SH3-264f, NOTES:null, FIBRE_SYSTEM:null, BUFFER:Dark-Red, FIBRE:Violet, END:CG-10-1-1, START:CG-1739-1-4, FIBRE_OWNER:Group Telecom], [PAYLOAD:null, SHEATH:CG-SH3-264f, NOTES:null, FIBRE_SYSTEM:null, BUFFER:Dark-Red, FIBRE:Rose, END:CG-10-1-1, START:CG-1739-1-4, FIBRE_OWNER:Group Telecom], [PAYLOAD:null, SHEATH:CG-SH3-264f, NOTES:null, FIBRE_SYSTEM:null, BUFFER:Dark-Red, FIBRE:Aqua, END:CG-10-1-1, START:CG-1739-1-4, FIBRE_OWNER:Group Telecom], [PAYLOAD:null, SHEATH:CG-SH3-264f, NOTES:null, FIBRE_SYSTEM:null, BUFFER:Dark-Black, FIBRE:Blue, END:CG-10-1-1, START:CG-1739-1-4, FIBRE_OWNER:Group Telecom], [PAYLOAD:null, SHEATH:CG-SH3-264f, NOTES:null, FIBRE_SYSTEM:null, BUFFER:Dark-Black, FIBRE:Orange, END:CG-10-1-1, START:CG-1739-1-4, FIBRE_OWNER:Group Telecom], [PAYLOAD:null, SHEATH:CG-SH3-264f, NOTES:null, FIBRE_SYSTEM:null, BUFFER:Dark-Black, FIBRE:Green, END:CG-10-1-1, START:CG-1739-1-4, FIBRE_OWNER:Group Telecom], [PAYLOAD:null, SHEATH:CG-SH3-264f, NOTES:null, FIBRE_SYSTEM:null, BUFFER:Dark-Black, FIBRE:Brown, END:CG-10-1-1, START:CG-1739-1-4, FIBRE_OWNER:Group Telecom], [PAYLOAD:null, SHEATH:CG-SH3-264f, NOTES:null, FIBRE_SYSTEM:null, BUFFER:Dark-Black, FIBRE:Slate, END:CG-10-1-1, START:CG-1739-1-4, FIBRE_OWNER:Group Telecom], [PAYLOAD:null, SHEATH:CG-SH3-264f, NOTES:null, FIBRE_SYSTEM:null, BUFFER:Dark-Black, FIBRE:White, END:CG-10-1-1, START:CG-1739-1-4, FIBRE_OWNER:Group Telecom], [PAYLOAD:35307, SHEATH:CG-SH3-264f, NOTES:Bell N#27086 New IDP, FIBRE_SYSTEM:CG-10:CG-2211:fs7, BUFFER:Dark-Black, FIBRE:Red, END:CG-10-1-1, START:CG-1739-1-4, FIBRE_OWNER:Group Telecom], [PAYLOAD:35307, SHEATH:CG-SH3-264f, NOTES:Bell N#27086 New IDP, FIBRE_SYSTEM:CG-10:CG-2211:fs7, BUFFER:Dark-Black, FIBRE:Black, END:CG-10-1-1, START:CG-1739-1-4, FIBRE_OWNER:Group Telecom], [PAYLOAD:35307, SHEATH:CG-SH3-264f, NOTES:Bell N#27086 New IDP, FIBRE_SYSTEM:CG-10:CG-2211:fs7, BUFFER:Dark-Black, FIBRE:Yellow, END:CG-10-1-1, START:CG-1739-1-4, FIBRE_OWNER:Group Telecom], [PAYLOAD:35307, SHEATH:CG-SH3-264f, NOTES:Bell N#27086 New IDP, FIBRE_SYSTEM:CG-10:CG-2211:fs7, BUFFER:Dark-Black, FIBRE:Violet, END:CG-10-1-1, START:CG-1739-1-4, FIBRE_OWNER:Group Telecom], [PAYLOAD:35307, SHEATH:CG-SH3-264f, NOTES:Bell N#27086 New IDP, FIBRE_SYSTEM:CG-10:CG-2211:fs7, BUFFER:Dark-Black, FIBRE:Rose, END:CG-10-1-1, START:CG-1739-1-4, FIBRE_OWNER:Group Telecom], [PAYLOAD:35307, SHEATH:CG-SH3-264f, NOTES:Bell N#27086 New IDP, FIBRE_SYSTEM:CG-10:CG-2211:fs7, BUFFER:Dark-Black, FIBRE:Aqua, END:CG-10-1-1, START:CG-1739-1-4, FIBRE_OWNER:Group Telecom], [PAYLOAD:null, SHEATH:CG-SH3-264f, NOTES:null, FIBRE_SYSTEM:null, BUFFER:Dark-Yellow, FIBRE:Blue, END:CG-10-1-1, START:CG-1739-1-4, FIBRE_OWNER:Group Telecom], [PAYLOAD:null, SHEATH:CG-SH3-264f, NOTES:null, FIBRE_SYSTEM:null, BUFFER:Dark-Yellow, FIBRE:Orange, END:CG-10-1-1, START:CG-1739-1-4, FIBRE_OWNER:Group Telecom], [PAYLOAD:null, SHEATH:CG-SH3-264f, NOTES:null, FIBRE_SYSTEM:null, BUFFER:Dark-Yellow, FIBRE:Green, END:CG-10-1-1, START:CG-1739-1-4, FIBRE_OWNER:Group Telecom], [PAYLOAD:null, SHEATH:CG-SH3-264f, NOTES:null, FIBRE_SYSTEM:null, BUFFER:Dark-Yellow, FIBRE:Brown, END:CG-10-1-1, START:CG-1739-1-4, FIBRE_OWNER:Group Telecom], [PAYLOAD:6307, SHEATH:CG-SH3-264f, NOTES:CG10:1586- GT/360, FIBRE_SYSTEM:CG-10:CG-1586:fs1, BUFFER:Dark-Yellow, FIBRE:Slate, END:CG-10-1-1, START:CG-1739-1-4, FIBRE_OWNER:Group Telecom], [PAYLOAD:6307, SHEATH:CG-SH3-264f, NOTES:CG10:1586- GT/360, FIBRE_SYSTEM:CG-10:CG-1586:fs1, BUFFER:Dark-Yellow, FIBRE:White, END:CG-10-1-1, START:CG-1739-1-4, FIBRE_OWNER:Group Telecom], [PAYLOAD:null, SHEATH:CG-SH3-264f, NOTES:null, FIBRE_SYSTEM:null, BUFFER:Dark-Yellow, FIBRE:Red, END:CG-10-1-1, START:CG-1739-1-4, FIBRE_OWNER:Group Telecom], [PAYLOAD:null, SHEATH:CG-SH3-264f, NOTES:null, FIBRE_SYSTEM:null, BUFFER:Dark-Yellow, FIBRE:Black, END:CG-10-1-1, START:CG-1739-1-4, FIBRE_OWNER:Group Telecom], [PAYLOAD:null, SHEATH:CG-SH3-264f, NOTES:null, FIBRE_SYSTEM:null, BUFFER:Dark-Yellow, FIBRE:Yellow, END:CG-10-1-1, START:CG-1739-1-4, FIBRE_OWNER:Group Telecom], [PAYLOAD:null, SHEATH:CG-SH3-264f, NOTES:null, FIBRE_SYSTEM:null, BUFFER:Dark-Yellow, FIBRE:Violet, END:CG-10-1-1, START:CG-1739-1-4, FIBRE_OWNER:Group Telecom], [PAYLOAD:null, SHEATH:CG-SH3-264f, NOTES:null, FIBRE_SYSTEM:null, BUFFER:Dark-Yellow, FIBRE:Rose, END:CG-10-1-1, START:CG-1739-1-4, FIBRE_OWNER:Group Telecom], [PAYLOAD:null, SHEATH:CG-SH3-264f, NOTES:null, FIBRE_SYSTEM:null, BUFFER:Dark-Yellow, FIBRE:Aqua, END:CG-10-1-1, START:CG-1739-1-4, FIBRE_OWNER:Group Telecom], [PAYLOAD:null, SHEATH:CG-SH3-264f, NOTES:null, FIBRE_SYSTEM:null, BUFFER:Dark-Violet, FIBRE:Blue, END:CG-10-1-1, START:CG-1739-1-4, FIBRE_OWNER:Group Telecom], [PAYLOAD:null, SHEATH:CG-SH3-264f, NOTES:null, FIBRE_SYSTEM:null, BUFFER:Dark-Violet, FIBRE:Orange, END:CG-10-1-1, START:CG-1739-1-4, FIBRE_OWNER:Group Telecom], [PAYLOAD:null, SHEATH:CG-SH3-264f, NOTES:null, FIBRE_SYSTEM:null, BUFFER:Dark-Violet, FIBRE:Green, END:CG-10-1-1, START:CG-1739-1-4, FIBRE_OWNER:Group Telecom], [PAYLOAD:null, SHEATH:CG-SH3-264f, NOTES:null, FIBRE_SYSTEM:null, BUFFER:Dark-Violet, FIBRE:Brown, END:CG-10-1-1, START:CG-1739-1-4, FIBRE_OWNER:Group Telecom], [PAYLOAD:null, SHEATH:CG-SH3-264f, NOTES:null, FIBRE_SYSTEM:null, BUFFER:Dark-Violet, FIBRE:Slate, END:CG-10-1-1, START:CG-1739-1-4, FIBRE_OWNER:Group Telecom], [PAYLOAD:null, SHEATH:CG-SH3-264f, NOTES:null, FIBRE_SYSTEM:null, BUFFER:Dark-Violet, FIBRE:White, END:CG-10-1-1, START:CG-1739-1-4, FIBRE_OWNER:Group Telecom], [PAYLOAD:null, SHEATH:CG-SH3-264f, NOTES:null, FIBRE_SYSTEM:null, BUFFER:Dark-Violet, FIBRE:Red, END:CG-10-1-1, START:CG-1739-1-4, FIBRE_OWNER:Group Telecom], [PAYLOAD:null, SHEATH:CG-SH3-264f, NOTES:null, FIBRE_SYSTEM:null, BUFFER:Dark-Violet, FIBRE:Black, END:CG-10-1-1, START:CG-1739-1-4, FIBRE_OWNER:Group Telecom], [PAYLOAD:null, SHEATH:CG-SH3-264f, NOTES:null, FIBRE_SYSTEM:null, BUFFER:Dark-Violet, FIBRE:Yellow, END:CG-10-1-1, START:CG-1739-1-4, FIBRE_OWNER:Group Telecom], [PAYLOAD:null, SHEATH:CG-SH3-264f, NOTES:null, FIBRE_SYSTEM:null, BUFFER:Dark-Violet, FIBRE:Violet, END:CG-10-1-1, START:CG-1739-1-4, FIBRE_OWNER:Group Telecom], [PAYLOAD:null, SHEATH:CG-SH3-264f, NOTES:null, FIBRE_SYSTEM:null, BUFFER:Dark-Violet, FIBRE:Rose, END:CG-10-1-1, START:CG-1739-1-4, FIBRE_OWNER:Group Telecom], [PAYLOAD:null, SHEATH:CG-SH3-264f, NOTES:null, FIBRE_SYSTEM:null, BUFFER:Dark-Violet, FIBRE:Aqua, END:CG-10-1-1, START:CG-1739-1-4, FIBRE_OWNER:Group Telecom]]
Expected Body: [[PAYLOAD:PIF-11283, SHEATH:CG-SH3-264f, NOTES:Gulf Canada Square, FIBRE_SYSTEM:CG-10:CG-467:fs7, BUFFER:Blue, FIBRE:Blue, END:CG-10-1-1, START:CG-1739-1-4, FIBRE_OWNER:Group Telecom], [PAYLOAD:PIF-11283, SHEATH:CG-SH3-264f, NOTES:Gulf Canada Square, FIBRE_SYSTEM:CG-10:CG-467:fs7, BUFFER:Blue, FIBRE:Orange, END:CG-10-1-1, START:CG-1739-1-4, FIBRE_OWNER:Group Telecom], [PAYLOAD:PIF-11298, SHEATH:CG-SH3-264f, NOTES:CPR0004CGE, FIBRE_SYSTEM:CG-10:CG-467:fs3, BUFFER:Blue, FIBRE:Green, END:CG-10-1-1, START:CG-1739-1-4, FIBRE_OWNER:Group Telecom], [PAYLOAD:PIF-11298, SHEATH:CG-SH3-264f, NOTES:CPR0004CGE, FIBRE_SYSTEM:CG-10:CG-467:fs3, BUFFER:Blue, FIBRE:Brown, END:CG-10-1-1, START:CG-1739-1-4, FIBRE_OWNER:Group Telecom], [PAYLOAD:PIF-10146, SHEATH:CG-SH3-264f, NOTES:Royal Park Tower, FIBRE_SYSTEM:CG-10:CG-497:fs1, BUFFER:Blue, FIBRE:Slate, END:CG-10-1-1, START:CG-1739-1-4, FIBRE_OWNER:Group Telecom], [PAYLOAD:PIF-10146, SHEATH:CG-SH3-264f, NOTES:Royal Park Tower, FIBRE_SYSTEM:CG-10:CG-497:fs1, BUFFER:Blue, FIBRE:White, END:CG-10-1-1, START:CG-1739-1-4, FIBRE_OWNER:Group Telecom], [PAYLOAD:PIF-10021, SHEATH:CG-SH3-264f, NOTES:Nova Chem Bldg, FIBRE_SYSTEM:CG-10:CG-611:fs1, BUFFER:Blue, FIBRE:Red, END:CG-10-1-1, START:CG-1739-1-4, FIBRE_OWNER:Group Telecom], [PAYLOAD:PIF-10021, SHEATH:CG-SH3-264f, NOTES:Nova Chem Bldg, FIBRE_SYSTEM:CG-10:CG-611:fs1, BUFFER:Blue, FIBRE:Black, END:CG-10-1-1, START:CG-1739-1-4, FIBRE_OWNER:Group Telecom], [PAYLOAD:PIF-10868, SHEATH:CG-SH3-264f, NOTES:Bankers Hall, FIBRE_SYSTEM:CG-10:CG-260:fs3, BUFFER:Blue, FIBRE:Yellow, END:CG-10-1-1, START:CG-1739-1-4, FIBRE_OWNER:Group Telecom], [PAYLOAD:PIF-10868, SHEATH:CG-SH3-264f, NOTES:Bankers Hall, FIBRE_SYSTEM:CG-10:CG-260:fs3, BUFFER:Blue, FIBRE:Violet, END:CG-10-1-1, START:CG-1739-1-4, FIBRE_OWNER:Group Telecom], [PAYLOAD:81915, SHEATH:CG-SH3-264f, NOTES:Bell IDP U06633, FIBRE_SYSTEM:CG-10:CG-88:fs19, BUFFER:Blue, FIBRE:Rose, END:CG-10-1-1, START:CG-1739-1-4, FIBRE_OWNER:Group Telecom], [PAYLOAD:81915, SHEATH:CG-SH3-264f, NOTES:Bell IDP U06633, FIBRE_SYSTEM:CG-10:CG-88:fs19, BUFFER:Blue, FIBRE:Aqua, END:CG-10-1-1, START:CG-1739-1-4, FIBRE_OWNER:Group Telecom], [PAYLOAD:1275, SHEATH:CG-SH3-264f, NOTES:Western Gas Tower, FIBRE_SYSTEM:CG-10:CG-749:fs8, BUFFER:Orange, FIBRE:Blue, END:CG-10-1-1, START:CG-1739-1-4, FIBRE_OWNER:Group Telecom], [PAYLOAD:1275, SHEATH:CG-SH3-264f, NOTES:Western Gas Tower, FIBRE_SYSTEM:CG-10:CG-749:fs8, BUFFER:Orange, FIBRE:Orange, END:CG-10-1-1, START:CG-1739-1-4, FIBRE_OWNER:Group Telecom], [PAYLOAD:PIF-11359, SHEATH:CG-SH3-264f, NOTES:Manulife House II, FIBRE_SYSTEM:CG-10:CG-365xx:fs2, BUFFER:Orange, FIBRE:Green, END:CG-10-1-1, START:CG-1739-1-4, FIBRE_OWNER:Group Telecom], [PAYLOAD:PIF-11359, SHEATH:CG-SH3-264f, NOTES:Manulife House II, FIBRE_SYSTEM:CG-10:CG-365xx:fs2, BUFFER:Orange, FIBRE:Brown, END:CG-10-1-1, START:CG-1739-1-4, FIBRE_OWNER:Group Telecom], [PAYLOAD:PIF-10598, SHEATH:CG-SH3-264f, NOTES:Sprint, FIBRE_SYSTEM:CG-10:CG-88:fs3, BUFFER:Orange, FIBRE:Slate, END:CG-10-1-1, START:CG-1739-1-4, FIBRE_OWNER:Group Telecom], [PAYLOAD:PIF-10598, SHEATH:CG-SH3-264f, NOTES:Sprint, FIBRE_SYSTEM:CG-10:CG-88:fs3, BUFFER:Orange, FIBRE:White, END:CG-10-1-1, START:CG-1739-1-4, FIBRE_OWNER:Group Telecom], [PAYLOAD:PIF-1490, SHEATH:CG-SH3-264f, NOTES:Scotia Centre, FIBRE_SYSTEM:CG-10:CG-556:fs1, BUFFER:Orange, FIBRE:Red, END:CG-10-1-1, START:CG-1739-1-4, FIBRE_OWNER:Group Telecom], [PAYLOAD:PIF-1490, SHEATH:CG-SH3-264f, NOTES:Scotia Centre, FIBRE_SYSTEM:CG-10:CG-556:fs1, BUFFER:Orange, FIBRE:Black, END:CG-10-1-1, START:CG-1739-1-4, FIBRE_OWNER:Group Telecom], [PAYLOAD:null, SHEATH:CG-SH3-264f, NOTES:Group Telecom, FIBRE_SYSTEM:null, BUFFER:Orange, FIBRE:Rose, END:CG-10-1-1, START:CG-1739-1-4, FIBRE_OWNER:Group Telecom], [PAYLOAD:null, SHEATH:CG-SH3-264f, NOTES:Group Telecom, FIBRE_SYSTEM:null, BUFFER:Orange, FIBRE:Aqua, END:CG-10-1-1, START:CG-1739-1-4, FIBRE_OWNER:Group Telecom], [PAYLOAD:null, SHEATH:CG-SH3-264f, NOTES:null, FIBRE_SYSTEM:null, BUFFER:Green, FIBRE:Blue, END:CG-10-1-1, START:CG-1739-1-4, FIBRE_OWNER:Group Telecom], [PAYLOAD:null, SHEATH:CG-SH3-264f, NOTES:null, FIBRE_SYSTEM:null, BUFFER:Green, FIBRE:Orange, END:CG-10-1-1, START:CG-1739-1-4, FIBRE_OWNER:Group Telecom], [PAYLOAD:PIF-10942, SHEATH:CG-SH3-264f, NOTES:Cascade Bldg, FIBRE_SYSTEM:CG-10:CG-429:fs1, BUFFER:Green, FIBRE:Green, END:CG-10-1-1, START:CG-1739-1-4, FIBRE_OWNER:Group Telecom], [PAYLOAD:PIF-10942, SHEATH:CG-SH3-264f, NOTES:Cascade Bldg, FIBRE_SYSTEM:CG-10:CG-429:fs1, BUFFER:Green, FIBRE:Brown, END:CG-10-1-1, START:CG-1739-1-4, FIBRE_OWNER:Group Telecom], [PAYLOAD:PIF-10182, SHEATH:CG-SH3-264f, NOTES:Dorchester Sq, FIBRE_SYSTEM:CG-10:CG-456:fs1, BUFFER:Green, FIBRE:Slate, END:CG-10-1-1, START:CG-1739-1-4, FIBRE_OWNER:Group Telecom], [PAYLOAD:null, SHEATH:CG-SH3-264f, NOTES:Dorchester Sq, FIBRE_SYSTEM:null, BUFFER:Green, FIBRE:White, END:CG-10-1-1, START:CG-1739-1-4, FIBRE_OWNER:Group Telecom], [PAYLOAD:PIF-10501, SHEATH:CG-SH3-264f, NOTES:1st West Profsl Bldg, FIBRE_SYSTEM:CG-10:CG-710:fs1, BUFFER:Green, FIBRE:Red, END:CG-10-1-1, START:CG-1739-1-4, FIBRE_OWNER:Group Telecom], [PAYLOAD:PIF-10501, SHEATH:CG-SH3-264f, NOTES:1st West Profsl Bldg, FIBRE_SYSTEM:CG-10:CG-710:fs1, BUFFER:Green, FIBRE:Black, END:CG-10-1-1, START:CG-1739-1-4, FIBRE_OWNER:Group Telecom], [PAYLOAD:null, SHEATH:CG-SH3-264f, NOTES:null, FIBRE_SYSTEM:null, BUFFER:Green, FIBRE:Yellow, END:CG-10-1-1, START:CG-1739-1-4, FIBRE_OWNER:Group Telecom], [PAYLOAD:null, SHEATH:CG-SH3-264f, NOTES:null, FIBRE_SYSTEM:null, BUFFER:Green, FIBRE:Violet, END:CG-10-1-1, START:CG-1739-1-4, FIBRE_OWNER:Group Telecom], [PAYLOAD:null, SHEATH:CG-SH3-264f, NOTES:null, FIBRE_SYSTEM:null, BUFFER:Green, FIBRE:Rose, END:CG-10-1-1, START:CG-1739-1-4, FIBRE_OWNER:Group Telecom], [PAYLOAD:null, SHEATH:CG-SH3-264f, NOTES:null, FIBRE_SYSTEM:null, BUFFER:Green, FIBRE:Aqua, END:CG-10-1-1, START:CG-1739-1-4, FIBRE_OWNER:Group Telecom], [PAYLOAD:PIF-11111, SHEATH:CG-SH3-264f, NOTES:Smart Technologies, FIBRE_SYSTEM:CG-10:CG-1058:fs1, BUFFER:Brown, FIBRE:Blue, END:CG-10-1-1, START:CG-1739-1-4, FIBRE_OWNER:Group Telecom], [PAYLOAD:PIF-11111, SHEATH:CG-SH3-264f, NOTES:Smart Technologies, FIBRE_SYSTEM:CG-10:CG-1058:fs1, BUFFER:Brown, FIBRE:Orange, END:CG-10-1-1, START:CG-1739-1-4, FIBRE_OWNER:Group Telecom], [PAYLOAD:PIF-10567, SHEATH:CG-SH3-264f, NOTES:Palliser Sq 1, FIBRE_SYSTEM:CG-10:CG-721:fs1, BUFFER:Brown, FIBRE:Green, END:CG-10-1-1, START:CG-1739-1-4, FIBRE_OWNER:Group Telecom], [PAYLOAD:PIF-10567, SHEATH:CG-SH3-264f, NOTES:Palliser Sq 1, FIBRE_SYSTEM:CG-10:CG-721:fs1, BUFFER:Brown, FIBRE:Brown, END:CG-10-1-1, START:CG-1739-1-4, FIBRE_OWNER:Group Telecom], [PAYLOAD:null, SHEATH:CG-SH3-264f, NOTES:null, FIBRE_SYSTEM:null, BUFFER:Brown, FIBRE:Slate, END:CG-10-1-1, START:CG-1739-1-4, FIBRE_OWNER:Group Telecom], [PAYLOAD:null, SHEATH:CG-SH3-264f, NOTES:null, FIBRE_SYSTEM:null, BUFFER:Brown, FIBRE:White, END:CG-10-1-1, START:CG-1739-1-4, FIBRE_OWNER:Group Telecom], [PAYLOAD:PIF-10391, SHEATH:CG-SH3-264f, NOTES:Sutton Hall Bldg, FIBRE_SYSTEM:CG-10:CG-767:fs1, BUFFER:Brown, FIBRE:Red, END:CG-10-1-1, START:CG-1739-1-4, FIBRE_OWNER:Group Telecom], [PAYLOAD:PIF-10391, SHEATH:CG-SH3-264f, NOTES:Sutton Hall Bldg, FIBRE_SYSTEM:CG-10:CG-767:fs1, BUFFER:Brown, FIBRE:Black, END:CG-10-1-1, START:CG-1739-1-4, FIBRE_OWNER:Group Telecom], [PAYLOAD:PIF-10322, SHEATH:CG-SH3-264f, NOTES:Bankers Hall, FIBRE_SYSTEM:CG-10:CG-260:fs4, BUFFER:Brown, FIBRE:Yellow, END:CG-10-1-1, START:CG-1739-1-4, FIBRE_OWNER:Group Telecom], [PAYLOAD:PIF-10322, SHEATH:CG-SH3-264f, NOTES:Bankers Hall, FIBRE_SYSTEM:CG-10:CG-260:fs4, BUFFER:Brown, FIBRE:Violet, END:CG-10-1-1, START:CG-1739-1-4, FIBRE_OWNER:Group Telecom], [PAYLOAD:81915, SHEATH:CG-SH3-264f, NOTES:Bell IDP U06633, FIBRE_SYSTEM:CG-10:CG-88:fs19, BUFFER:Brown, FIBRE:Rose, END:CG-10-1-1, START:CG-1739-1-4, FIBRE_OWNER:Group Telecom], [PAYLOAD:81915, SHEATH:CG-SH3-264f, NOTES:Bell IDP U06633, FIBRE_SYSTEM:CG-10:CG-88:fs19, BUFFER:Brown, FIBRE:Aqua, END:CG-10-1-1, START:CG-1739-1-4, FIBRE_OWNER:Group Telecom], [PAYLOAD:null, SHEATH:CG-SH3-264f, NOTES:OC1 Ring, FIBRE_SYSTEM:null, BUFFER:Slate, FIBRE:Blue, END:CG-10-1-1, START:CG-1739-1-4, FIBRE_OWNER:Group Telecom], [PAYLOAD:null, SHEATH:CG-SH3-264f, NOTES:OC1 Ring, FIBRE_SYSTEM:null, BUFFER:Slate, FIBRE:Orange, END:CG-10-1-1, START:CG-1739-1-4, FIBRE_OWNER:Group Telecom], [PAYLOAD:null, SHEATH:CG-SH3-264f, NOTES:null, FIBRE_SYSTEM:null, BUFFER:Slate, FIBRE:Green, END:CG-10-1-1, START:CG-1739-1-4, FIBRE_OWNER:Group Telecom], [PAYLOAD:null, SHEATH:CG-SH3-264f, NOTES:null, FIBRE_SYSTEM:null, BUFFER:Slate, FIBRE:Brown, END:CG-10-1-1, START:CG-1739-1-4, FIBRE_OWNER:Group Telecom], [PAYLOAD:null, SHEATH:CG-SH3-264f, NOTES:null, FIBRE_SYSTEM:null, BUFFER:Slate, FIBRE:Slate, END:CG-10-1-1, START:CG-1739-1-4, FIBRE_OWNER:Group Telecom], [PAYLOAD:null, SHEATH:CG-SH3-264f, NOTES:null, FIBRE_SYSTEM:null, BUFFER:Slate, FIBRE:White, END:CG-10-1-1, START:CG-1739-1-4, FIBRE_OWNER:Group Telecom], [PAYLOAD:null, SHEATH:CG-SH3-264f, NOTES:null, FIBRE_SYSTEM:null, BUFFER:Slate, FIBRE:Red, END:CG-10-1-1, START:CG-1739-1-4, FIBRE_OWNER:Group Telecom], [PAYLOAD:null, SHEATH:CG-SH3-264f, NOTES:null, FIBRE_SYSTEM:null, BUFFER:Slate, FIBRE:Black, END:CG-10-1-1, START:CG-1739-1-4, FIBRE_OWNER:Group Telecom], [PAYLOAD:PIF-10514, SHEATH:CG-SH3-264f, NOTES:Nova Chemicals, FIBRE_SYSTEM:CG-10:CG-611:fs3, BUFFER:Slate, FIBRE:Yellow, END:CG-10-1-1, START:CG-1739-1-4, FIBRE_OWNER:Group Telecom], [PAYLOAD:PIF-10514, SHEATH:CG-SH3-264f, NOTES:Nova Chemicals, FIBRE_SYSTEM:CG-10:CG-611:fs3, BUFFER:Slate, FIBRE:Violet, END:CG-10-1-1, START:CG-1739-1-4, FIBRE_OWNER:Group Telecom], [PAYLOAD:PIF-10107, SHEATH:CG-SH3-264f, NOTES:Can OXY Ring, FIBRE_SYSTEM:CG-218:CG-344:fs2, BUFFER:Slate, FIBRE:Rose, END:CG-10-1-1, START:CG-1739-1-4, FIBRE_OWNER:Group Telecom], [PAYLOAD:PIF-10107, SHEATH:CG-SH3-264f, NOTES:Can OXY Ring, FIBRE_SYSTEM:CG-218:CG-344:fs2, BUFFER:Slate, FIBRE:Aqua, END:CG-10-1-1, START:CG-1739-1-4, FIBRE_OWNER:Group Telecom], [PAYLOAD:PIF-10587, SHEATH:CG-SH3-264f, NOTES:Can West Centre, FIBRE_SYSTEM:CG-10:CG-860:fs1, BUFFER:White, FIBRE:Blue, END:CG-10-1-1, START:CG-1739-1-4, FIBRE_OWNER:Group Telecom], [PAYLOAD:PIF-10587, SHEATH:CG-SH3-264f, NOTES:Can West Centre, FIBRE_SYSTEM:CG-10:CG-860:fs1, BUFFER:White, FIBRE:Orange, END:CG-10-1-1, START:CG-1739-1-4, FIBRE_OWNER:Group Telecom], [PAYLOAD:PIF-10649, SHEATH:CG-SH3-264f, NOTES:Bankers Hall, FIBRE_SYSTEM:CG-10:CG-260:fs2, BUFFER:White, FIBRE:Green, END:CG-10-1-1, START:CG-1739-1-4, FIBRE_OWNER:Group Telecom], [PAYLOAD:PIF-10649, SHEATH:CG-SH3-264f, NOTES:Bankers Hall, FIBRE_SYSTEM:CG-10:CG-260:fs2, BUFFER:White, FIBRE:Brown, END:CG-10-1-1, START:CG-1739-1-4, FIBRE_OWNER:Group Telecom], [PAYLOAD:PIF-10455, SHEATH:CG-SH3-264f, NOTES:Fairmore Bldg, FIBRE_SYSTEM:CG-10:CG-940:fs1, BUFFER:White, FIBRE:Red, END:CG-10-1-1, START:CG-1739-1-4, FIBRE_OWNER:Group Telecom], [PAYLOAD:PIF-10455, SHEATH:CG-SH3-264f, NOTES:Fairmore Bldg, FIBRE_SYSTEM:CG-10:CG-940:fs1, BUFFER:White, FIBRE:Black, END:CG-10-1-1, START:CG-1739-1-4, FIBRE_OWNER:Group Telecom], [PAYLOAD:PIF-11082, SHEATH:CG-SH3-264f, NOTES:CG-10:CG-1019:fs1, FIBRE_SYSTEM:CG-10:CG-1019:fs1, BUFFER:White, FIBRE:Yellow, END:CG-10-1-1, START:CG-1739-1-4, FIBRE_OWNER:Group Telecom], [PAYLOAD:PIF-11082, SHEATH:CG-SH3-264f, NOTES:CG-10:CG-1019:fs1, FIBRE_SYSTEM:CG-10:CG-1019:fs1, BUFFER:White, FIBRE:Violet, END:CG-10-1-1, START:CG-1739-1-4, FIBRE_OWNER:Group Telecom], [PAYLOAD:PIF-11196, SHEATH:CG-SH3-264f, NOTES:Western Gas Tower, FIBRE_SYSTEM:CG-10:CG-749:fs3, BUFFER:White, FIBRE:Rose, END:CG-10-1-1, START:CG-1739-1-4, FIBRE_OWNER:Group Telecom], [PAYLOAD:PIF-11196, SHEATH:CG-SH3-264f, NOTES:Western Gas Tower, FIBRE_SYSTEM:CG-10:CG-749:fs3, BUFFER:White, FIBRE:Aqua, END:CG-10-1-1, START:CG-1739-1-4, FIBRE_OWNER:Group Telecom], [PAYLOAD:PIF-10075, SHEATH:CG-SH3-264f, NOTES:TD Square, FIBRE_SYSTEM:CG-10:CG-468:fs2, BUFFER:Red, FIBRE:Blue, END:CG-10-1-1, START:CG-1739-1-4, FIBRE_OWNER:Group Telecom], [PAYLOAD:PIF-10075, SHEATH:CG-SH3-264f, NOTES:TD Square, FIBRE_SYSTEM:CG-10:CG-468:fs2, BUFFER:Red, FIBRE:Orange, END:CG-10-1-1, START:CG-1739-1-4, FIBRE_OWNER:Group Telecom], [PAYLOAD:78722, SHEATH:CG-SH3-264f, NOTES:Bell IDP U06360.1.1C, FIBRE_SYSTEM:CG-10:CG-430:fs2, BUFFER:Red, FIBRE:Green, END:CG-10-1-1, START:CG-1739-1-4, FIBRE_OWNER:Group Telecom], [PAYLOAD:78722, SHEATH:CG-SH3-264f, NOTES:Bell IDP U06360.1.1C, FIBRE_SYSTEM:CG-10:CG-430:fs2, BUFFER:Red, FIBRE:Brown, END:CG-10-1-1, START:CG-1739-1-4, FIBRE_OWNER:Group Telecom], [PAYLOAD:null, SHEATH:CG-SH3-264f, NOTES:null, FIBRE_SYSTEM:null, BUFFER:Red, FIBRE:Slate, END:CG-10-1-1, START:CG-1739-1-4, FIBRE_OWNER:Group Telecom], [PAYLOAD:null, SHEATH:CG-SH3-264f, NOTES:null, FIBRE_SYSTEM:null, BUFFER:Red, FIBRE:White, END:CG-10-1-1, START:CG-1739-1-4, FIBRE_OWNER:Group Telecom], [PAYLOAD:null, SHEATH:CG-SH3-264f, NOTES:null, FIBRE_SYSTEM:null, BUFFER:Red, FIBRE:Red, END:CG-10-1-1, START:CG-1739-1-4, FIBRE_OWNER:Group Telecom], [PAYLOAD:PIF-2799, SHEATH:CG-SH3-264f, NOTES:Sprint, FIBRE_SYSTEM:CG-10:CG-88:fs8, BUFFER:Red, FIBRE:Black, END:CG-10-1-1, START:CG-1739-1-4, FIBRE_OWNER:Group Telecom], [PAYLOAD:PIF-10071, SHEATH:CG-SH3-264f, NOTES:Gulf Canada Sq, FIBRE_SYSTEM:CG-10:CG-467:fs1, BUFFER:Red, FIBRE:Yellow, END:CG-10-1-1, START:CG-1739-1-4, FIBRE_OWNER:Group Telecom], [PAYLOAD:PIF-10071, SHEATH:CG-SH3-264f, NOTES:Gulf Canada Sq, FIBRE_SYSTEM:CG-10:CG-467:fs1, BUFFER:Red, FIBRE:Violet, END:CG-10-1-1, START:CG-1739-1-4, FIBRE_OWNER:Group Telecom], [PAYLOAD:PIF-11069, SHEATH:CG-SH3-264f, NOTES:CG-10:CG-260:fs6, FIBRE_SYSTEM:CG-10:CG-260:fs6, BUFFER:Red, FIBRE:Rose, END:CG-10-1-1, START:CG-1739-1-4, FIBRE_OWNER:Group Telecom], [PAYLOAD:PIF-11069, SHEATH:CG-SH3-264f, NOTES:CG-10:CG-260:fs6, FIBRE_SYSTEM:CG-10:CG-260:fs6, BUFFER:Red, FIBRE:Aqua, END:CG-10-1-1, START:CG-1739-1-4, FIBRE_OWNER:Group Telecom], [PAYLOAD:PIF-10001, SHEATH:CG-SH3-264f, NOTES:Bankers Hall, FIBRE_SYSTEM:CG-10:CG-260:fs5, BUFFER:Black, FIBRE:Blue, END:CG-10-1-1, START:CG-1739-1-4, FIBRE_OWNER:Group Telecom], [PAYLOAD:PIF-10001, SHEATH:CG-SH3-264f, NOTES:Bankers Hall, FIBRE_SYSTEM:CG-10:CG-260:fs5, BUFFER:Black, FIBRE:Orange, END:CG-10-1-1, START:CG-1739-1-4, FIBRE_OWNER:Group Telecom], [PAYLOAD:19436, SHEATH:CG-SH3-264f, NOTES:GT/Bell SR 19436, FIBRE_SYSTEM:CG-10:CG-2211:fs4, BUFFER:Black, FIBRE:Slate, END:CG-10-1-1, START:CG-1739-1-4, FIBRE_OWNER:Group Telecom], [PAYLOAD:19436, SHEATH:CG-SH3-264f, NOTES:GT/Bell SR 19436, FIBRE_SYSTEM:CG-10:CG-2211:fs4, BUFFER:Black, FIBRE:White, END:CG-10-1-1, START:CG-1739-1-4, FIBRE_OWNER:Group Telecom], [PAYLOAD:PIF-10555, SHEATH:CG-SH3-264f, NOTES:Bank of Canada Bldg, FIBRE_SYSTEM:CG-10:CG-818:fs1, BUFFER:Black, FIBRE:Red, END:CG-10-1-1, START:CG-1739-1-4, FIBRE_OWNER:Group Telecom], [PAYLOAD:PIF-10555, SHEATH:CG-SH3-264f, NOTES:Bank of Canada Bldg, FIBRE_SYSTEM:CG-10:CG-818:fs1, BUFFER:Black, FIBRE:Black, END:CG-10-1-1, START:CG-1739-1-4, FIBRE_OWNER:Group Telecom], [PAYLOAD:null, SHEATH:CG-SH3-264f, NOTES:null, FIBRE_SYSTEM:null, BUFFER:Black, FIBRE:Yellow, END:CG-10-1-1, START:CG-1739-1-4, FIBRE_OWNER:Group Telecom], [PAYLOAD:null, SHEATH:CG-SH3-264f, NOTES:null, FIBRE_SYSTEM:null, BUFFER:Black, FIBRE:Violet, END:CG-10-1-1, START:CG-1739-1-4, FIBRE_OWNER:Group Telecom], [PAYLOAD:null, SHEATH:CG-SH3-264f, NOTES:null, FIBRE_SYSTEM:null, BUFFER:Black, FIBRE:Rose, END:CG-10-1-1, START:CG-1739-1-4, FIBRE_OWNER:Group Telecom], [PAYLOAD:null, SHEATH:CG-SH3-264f, NOTES:null, FIBRE_SYSTEM:null, BUFFER:Black, FIBRE:Aqua, END:CG-10-1-1, START:CG-1739-1-4, FIBRE_OWNER:Group Telecom], [PAYLOAD:PIF-11065, SHEATH:CG-SH3-264f, NOTES:Eleveden House, FIBRE_SYSTEM:CG-10:CG-186:fs9, BUFFER:Yellow, FIBRE:Blue, END:CG-10-1-1, START:CG-1739-1-4, FIBRE_OWNER:Group Telecom], [PAYLOAD:PIF-11065, SHEATH:CG-SH3-264f, NOTES:Eleveden House, FIBRE_SYSTEM:CG-10:CG-186:fs9, BUFFER:Yellow, FIBRE:Orange, END:CG-10-1-1, START:CG-1739-1-4, FIBRE_OWNER:Group Telecom], [PAYLOAD:null, SHEATH:CG-SH3-264f, NOTES:Group Telecom, FIBRE_SYSTEM:null, BUFFER:Yellow, FIBRE:Green, END:CG-10-1-1, START:CG-1739-1-4, FIBRE_OWNER:Group Telecom], [PAYLOAD:null, SHEATH:CG-SH3-264f, NOTES:Group Telecom, FIBRE_SYSTEM:null, BUFFER:Yellow, FIBRE:Brown, END:CG-10-1-1, START:CG-1739-1-4, FIBRE_OWNER:Group Telecom], [PAYLOAD:354, SHEATH:CG-SH3-264f, NOTES:Western Gas Tower, FIBRE_SYSTEM:CG-10:CG-749:fs5, BUFFER:Yellow, FIBRE:Slate, END:CG-10-1-1, START:CG-1739-1-4, FIBRE_OWNER:Group Telecom], [PAYLOAD:354, SHEATH:CG-SH3-264f, NOTES:Western Gas Tower, FIBRE_SYSTEM:CG-10:CG-749:fs5, BUFFER:Yellow, FIBRE:White, END:CG-10-1-1, START:CG-1739-1-4, FIBRE_OWNER:Group Telecom], [PAYLOAD:PIF-2188, SHEATH:CG-SH3-264f, NOTES:ATCO Conf. Centre, FIBRE_SYSTEM:CG-10:CG-860:fs3, BUFFER:Yellow, FIBRE:Red, END:CG-10-1-1, START:CG-1739-1-4, FIBRE_OWNER:Group Telecom], [PAYLOAD:PIF-2188, SHEATH:CG-SH3-264f, NOTES:ATCO Conf. Centre, FIBRE_SYSTEM:CG-10:CG-860:fs3, BUFFER:Yellow, FIBRE:Black, END:CG-10-1-1, START:CG-1739-1-4, FIBRE_OWNER:Group Telecom], [PAYLOAD:1343, SHEATH:CG-SH3-264f, NOTES:Infonet-Nova bunker, FIBRE_SYSTEM:CG-10:CG-611:fs5, BUFFER:Yellow, FIBRE:Yellow, END:CG-10-1-1, START:CG-1739-1-4, FIBRE_OWNER:Group Telecom], [PAYLOAD:1343, SHEATH:CG-SH3-264f, NOTES:Infonet-Nova bunker, FIBRE_SYSTEM:CG-10:CG-611:fs5, BUFFER:Yellow, FIBRE:Violet, END:CG-10-1-1, START:CG-1739-1-4, FIBRE_OWNER:Group Telecom], [PAYLOAD:1645, SHEATH:CG-SH3-264f, NOTES:Rocky Mtn Plaza, FIBRE_SYSTEM:CG-10:CG-622:fs5, BUFFER:Yellow, FIBRE:Rose, END:CG-10-1-1, START:CG-1739-1-4, FIBRE_OWNER:Group Telecom], [PAYLOAD:1645, SHEATH:CG-SH3-264f, NOTES:Rocky Mtn Plaza, FIBRE_SYSTEM:CG-10:CG-622:fs5, BUFFER:Yellow, FIBRE:Aqua, END:CG-10-1-1, START:CG-1739-1-4, FIBRE_OWNER:Group Telecom], [PAYLOAD:7485, SHEATH:CG-SH3-264f, NOTES:Telus Bunker: GT, FIBRE_SYSTEM:CG-10:CG-611:fs7, BUFFER:Violet, FIBRE:Blue, END:CG-10-1-1, START:CG-1739-1-4, FIBRE_OWNER:Group Telecom], [PAYLOAD:7485, SHEATH:CG-SH3-264f, NOTES:Telus Bunker: GT, FIBRE_SYSTEM:CG-10:CG-611:fs7, BUFFER:Violet, FIBRE:Orange, END:CG-10-1-1, START:CG-1739-1-4, FIBRE_OWNER:Group Telecom], [PAYLOAD:null, SHEATH:CG-SH3-264f, NOTES:null, FIBRE_SYSTEM:null, BUFFER:Violet, FIBRE:Green, END:CG-10-1-1, START:CG-1739-1-4, FIBRE_OWNER:Group Telecom], [PAYLOAD:null, SHEATH:CG-SH3-264f, NOTES:null, FIBRE_SYSTEM:null, BUFFER:Violet, FIBRE:Brown, END:CG-10-1-1, START:CG-1739-1-4, FIBRE_OWNER:Group Telecom], [PAYLOAD:1275, SHEATH:CG-SH3-264f, NOTES:Western Gas Tower, FIBRE_SYSTEM:CG-10:CG-749:fs7, BUFFER:Violet, FIBRE:Slate, END:CG-10-1-1, START:CG-1739-1-4, FIBRE_OWNER:Group Telecom], [PAYLOAD:1275, SHEATH:CG-SH3-264f, NOTES:Western Gas Tower, FIBRE_SYSTEM:CG-10:CG-749:fs7, BUFFER:Violet, FIBRE:White, END:CG-10-1-1, START:CG-1739-1-4, FIBRE_OWNER:Group Telecom], [PAYLOAD:null, SHEATH:CG-SH3-264f, NOTES:null, FIBRE_SYSTEM:null, BUFFER:Rose, FIBRE:Violet, END:CG-10-1-1, START:CG-1739-1-4, FIBRE_OWNER:Group Telecom], [PAYLOAD:2120, SHEATH:CG-SH3-264f, NOTES:A-Channel, FIBRE_SYSTEM:CG-10:CG-482:fs2, BUFFER:Rose, FIBRE:Rose, END:CG-10-1-1, START:CG-1739-1-4, FIBRE_OWNER:Group Telecom], [PAYLOAD:2120, SHEATH:CG-SH3-264f, NOTES:A-Channel, FIBRE_SYSTEM:CG-10:CG-482:fs2, BUFFER:Rose, FIBRE:Aqua, END:CG-10-1-1, START:CG-1739-1-4, FIBRE_OWNER:Group Telecom], [PAYLOAD:PIF-10108, SHEATH:CG-SH3-264f, NOTES:Canadian Oxy, FIBRE_SYSTEM:CG-10:CG-344:fs3, BUFFER:Aqua, FIBRE:Blue, END:CG-10-1-1, START:CG-1739-1-4, FIBRE_OWNER:Group Telecom], [PAYLOAD:PIF-10108, SHEATH:CG-SH3-264f, NOTES:Canadian Oxy, FIBRE_SYSTEM:CG-10:CG-344:fs3, BUFFER:Aqua, FIBRE:Orange, END:CG-10-1-1, START:CG-1739-1-4, FIBRE_OWNER:Group Telecom], [PAYLOAD:PIF-10147, SHEATH:CG-SH3-264f, NOTES:Manulife House, FIBRE_SYSTEM:CG-10:CG-365xx:fs1, BUFFER:Aqua, FIBRE:Green, END:CG-10-1-1, START:CG-1739-1-4, FIBRE_OWNER:Group Telecom], [PAYLOAD:PIF-10147, SHEATH:CG-SH3-264f, NOTES:Manulife House, FIBRE_SYSTEM:CG-10:CG-365xx:fs1, BUFFER:Aqua, FIBRE:Brown, END:CG-10-1-1, START:CG-1739-1-4, FIBRE_OWNER:Group Telecom], [PAYLOAD:null, SHEATH:CG-SH3-264f, NOTES:null, FIBRE_SYSTEM:null, BUFFER:Aqua, FIBRE:Red, END:CG-10-1-1, START:CG-1739-1-4, FIBRE_OWNER:Group Telecom], [PAYLOAD:null, SHEATH:CG-SH3-264f, NOTES:null, FIBRE_SYSTEM:null, BUFFER:Aqua, FIBRE:Black, END:CG-10-1-1, START:CG-1739-1-4, FIBRE_OWNER:Group Telecom], [PAYLOAD:PIF-10942, SHEATH:CG-SH3-264f, NOTES:Cascade Bldg, FIBRE_SYSTEM:CG-10:CG-429:fs1, BUFFER:Dark-Blue, FIBRE:Blue, END:CG-10-1-1, START:CG-1739-1-4, FIBRE_OWNER:Group Telecom], [PAYLOAD:PIF-10942, SHEATH:CG-SH3-264f, NOTES:Cascade Bldg, FIBRE_SYSTEM:CG-10:CG-429:fs1, BUFFER:Dark-Blue, FIBRE:Orange, END:CG-10-1-1, START:CG-1739-1-4, FIBRE_OWNER:Group Telecom], [PAYLOAD:7485, SHEATH:CG-SH3-264f, NOTES:Telus Bunker: GT, FIBRE_SYSTEM:CG-10:CG-611:fs7, BUFFER:Dark-Blue, FIBRE:Green, END:CG-10-1-1, START:CG-1739-1-4, FIBRE_OWNER:Group Telecom], [PAYLOAD:7485, SHEATH:CG-SH3-264f, NOTES:Telus Bunker: GT, FIBRE_SYSTEM:CG-10:CG-611:fs7, BUFFER:Dark-Blue, FIBRE:Brown, END:CG-10-1-1, START:CG-1739-1-4, FIBRE_OWNER:Group Telecom], [PAYLOAD:7485, SHEATH:CG-SH3-264f, NOTES:Telus Bunker: GT, FIBRE_SYSTEM:CG-10:CG-611:fs7, BUFFER:Dark-Blue, FIBRE:Slate, END:CG-10-1-1, START:CG-1739-1-4, FIBRE_OWNER:Group Telecom], [PAYLOAD:7485, SHEATH:CG-SH3-264f, NOTES:Telus Bunker: GT, FIBRE_SYSTEM:CG-10:CG-611:fs7, BUFFER:Dark-Blue, FIBRE:White, END:CG-10-1-1, START:CG-1739-1-4, FIBRE_OWNER:Group Telecom], [PAYLOAD:7485, SHEATH:CG-SH3-264f, NOTES:Telus Bunker: GT, FIBRE_SYSTEM:CG-10:CG-611:fs7, BUFFER:Dark-Blue, FIBRE:Red, END:CG-10-1-1, START:CG-1739-1-4, FIBRE_OWNER:Group Telecom], [PAYLOAD:7485, SHEATH:CG-SH3-264f, NOTES:Telus Bunker: GT, FIBRE_SYSTEM:CG-10:CG-611:fs7, BUFFER:Dark-Blue, FIBRE:Black, END:CG-10-1-1, START:CG-1739-1-4, FIBRE_OWNER:Group Telecom], [PAYLOAD:7485, SHEATH:CG-SH3-264f, NOTES:Telus Bunker: GT, FIBRE_SYSTEM:CG-10:CG-611:fs7, BUFFER:Dark-Blue, FIBRE:Yellow, END:CG-10-1-1, START:CG-1739-1-4, FIBRE_OWNER:Group Telecom], [PAYLOAD:7485, SHEATH:CG-SH3-264f, NOTES:Telus Bunker: GT, FIBRE_SYSTEM:CG-10:CG-611:fs7, BUFFER:Dark-Blue, FIBRE:Violet, END:CG-10-1-1, START:CG-1739-1-4, FIBRE_OWNER:Group Telecom], [PAYLOAD:null, SHEATH:CG-SH3-264f, NOTES:null, FIBRE_SYSTEM:null, BUFFER:Dark-Blue, FIBRE:Rose, END:CG-10-1-1, START:CG-1739-1-4, FIBRE_OWNER:Group Telecom], [PAYLOAD:null, SHEATH:CG-SH3-264f, NOTES:null, FIBRE_SYSTEM:null, BUFFER:Dark-Blue, FIBRE:Aqua, END:CG-10-1-1, START:CG-1739-1-4, FIBRE_OWNER:Group Telecom], [PAYLOAD:PIF-10722, SHEATH:CG-SH3-264f, NOTES:Food City Bldg, FIBRE_SYSTEM:CG-10:CG-224:fs3, BUFFER:Dark-Brown, FIBRE:Slate, END:CG-10-1-1, START:CG-1739-1-4, FIBRE_OWNER:Group Telecom], [PAYLOAD:PIF-10722, SHEATH:CG-SH3-264f, NOTES:Food City Bldg, FIBRE_SYSTEM:CG-10:CG-224:fs3, BUFFER:Dark-Brown, FIBRE:White, END:CG-10-1-1, START:CG-1739-1-4, FIBRE_OWNER:Group Telecom], [PAYLOAD:15715, SHEATH:CG-SH3-264f, NOTES:GT/Bell SR15715, FIBRE_SYSTEM:CG-10:CG-2211:fs3, BUFFER:Dark-Brown, FIBRE:Yellow, END:CG-10-1-1, START:CG-1739-1-4, FIBRE_OWNER:Group Telecom], [PAYLOAD:15715, SHEATH:CG-SH3-264f, NOTES:GT/Bell SR15715, FIBRE_SYSTEM:CG-10:CG-2211:fs3, BUFFER:Dark-Brown, FIBRE:Violet, END:CG-10-1-1, START:CG-1739-1-4, FIBRE_OWNER:Group Telecom], [PAYLOAD:15715, SHEATH:CG-SH3-264f, NOTES:GT/Bell SR15715, FIBRE_SYSTEM:CG-10:CG-2211:fs3, BUFFER:Dark-Brown, FIBRE:Rose, END:CG-10-1-1, START:CG-1739-1-4, FIBRE_OWNER:Group Telecom], [PAYLOAD:15715, SHEATH:CG-SH3-264f, NOTES:GT/Bell SR15715, FIBRE_SYSTEM:CG-10:CG-2211:fs3, BUFFER:Dark-Brown, FIBRE:Aqua, END:CG-10-1-1, START:CG-1739-1-4, FIBRE_OWNER:Group Telecom], [PAYLOAD:null, SHEATH:CG-SH3-264f, NOTES:null, FIBRE_SYSTEM:null, BUFFER:Dark-Slate, FIBRE:Blue, END:CG-10-1-1, START:CG-1739-1-4, FIBRE_OWNER:Group Telecom], [PAYLOAD:null, SHEATH:CG-SH3-264f, NOTES:null, FIBRE_SYSTEM:null, BUFFER:Dark-Slate, FIBRE:Orange, END:CG-10-1-1, START:CG-1739-1-4, FIBRE_OWNER:Group Telecom], [PAYLOAD:null, SHEATH:CG-SH3-264f, NOTES:null, FIBRE_SYSTEM:null, BUFFER:Dark-Slate, FIBRE:Green, END:CG-10-1-1, START:CG-1739-1-4, FIBRE_OWNER:Group Telecom], [PAYLOAD:null, SHEATH:CG-SH3-264f, NOTES:null, FIBRE_SYSTEM:null, BUFFER:Dark-Slate, FIBRE:Brown, END:CG-10-1-1, START:CG-1739-1-4, FIBRE_OWNER:Group Telecom], [PAYLOAD:38722, SHEATH:CG-SH3-264f, NOTES:Bell N27661 New IDP, FIBRE_SYSTEM:CG-10:CG-88:fs18, BUFFER:Dark-Slate, FIBRE:Slate, END:CG-10-1-1, START:CG-1739-1-4, FIBRE_OWNER:Group Telecom], [PAYLOAD:38722, SHEATH:CG-SH3-264f, NOTES:Bell N27661 New IDP, FIBRE_SYSTEM:CG-10:CG-88:fs18, BUFFER:Dark-Slate, FIBRE:White, END:CG-10-1-1, START:CG-1739-1-4, FIBRE_OWNER:Group Telecom], [PAYLOAD:null, SHEATH:CG-SH3-264f, NOTES:Pop CG455, FIBRE_SYSTEM:null, BUFFER:Dark-Slate, FIBRE:Red, END:CG-10-1-1, START:CG-1739-1-4, FIBRE_OWNER:Group Telecom], [PAYLOAD:null, SHEATH:CG-SH3-264f, NOTES:10-455: M/T, FIBRE_SYSTEM:null, BUFFER:Dark-Slate, FIBRE:Black, END:CG-10-1-1, START:CG-1739-1-4, FIBRE_OWNER:Group Telecom], [PAYLOAD:21907, SHEATH:CG-SH3-264f, NOTES:Bell IDP #U02138, FIBRE_SYSTEM:CG-10:CG-2211:fs5, BUFFER:Dark-Slate, FIBRE:Yellow, END:CG-10-1-1, START:CG-1739-1-4, FIBRE_OWNER:Group Telecom], [PAYLOAD:21907, SHEATH:CG-SH3-264f, NOTES:Bell IDP #U02138, FIBRE_SYSTEM:CG-10:CG-2211:fs5, BUFFER:Dark-Slate, FIBRE:Violet, END:CG-10-1-1, START:CG-1739-1-4, FIBRE_OWNER:Group Telecom], [PAYLOAD:21907, SHEATH:CG-SH3-264f, NOTES:Bell IDP #U02138, FIBRE_SYSTEM:CG-10:CG-2211:fs5, BUFFER:Dark-Slate, FIBRE:Rose, END:CG-10-1-1, START:CG-1739-1-4, FIBRE_OWNER:Group Telecom], [PAYLOAD:21907, SHEATH:CG-SH3-264f, NOTES:Bell IDP #U02138, FIBRE_SYSTEM:CG-10:CG-2211:fs5, BUFFER:Dark-Slate, FIBRE:Aqua, END:CG-10-1-1, START:CG-1739-1-4, FIBRE_OWNER:Group Telecom], [PAYLOAD:21907, SHEATH:CG-SH3-264f, NOTES:Bell IDP #U02138, FIBRE_SYSTEM:CG-10:CG-2211:fs5, BUFFER:Dark-White, FIBRE:Blue, END:CG-10-1-1, START:CG-1739-1-4, FIBRE_OWNER:Group Telecom], [PAYLOAD:21907, SHEATH:CG-SH3-264f, NOTES:Bell IDP #U02138, FIBRE_SYSTEM:CG-10:CG-2211:fs5, BUFFER:Dark-White, FIBRE:Orange, END:CG-10-1-1, START:CG-1739-1-4, FIBRE_OWNER:Group Telecom], [PAYLOAD:null, SHEATH:CG-SH3-264f, NOTES:null, FIBRE_SYSTEM:null, BUFFER:Dark-White, FIBRE:Green, END:CG-10-1-1, START:CG-1739-1-4, FIBRE_OWNER:Group Telecom], [PAYLOAD:null, SHEATH:CG-SH3-264f, NOTES:null, FIBRE_SYSTEM:null, BUFFER:Dark-White, FIBRE:Brown, END:CG-10-1-1, START:CG-1739-1-4, FIBRE_OWNER:Group Telecom], [PAYLOAD:30074, SHEATH:CG-SH3-264f, NOTES:Bell N#24043 New IDP, FIBRE_SYSTEM:CG-10:CG-712:fs8, BUFFER:Dark-White, FIBRE:Slate, END:CG-10-1-1, START:CG-1739-1-4, FIBRE_OWNER:Group Telecom], [PAYLOAD:30074, SHEATH:CG-SH3-264f, NOTES:Bell N#24043 New IDP, FIBRE_SYSTEM:CG-10:CG-712:fs8, BUFFER:Dark-White, FIBRE:White, END:CG-10-1-1, START:CG-1739-1-4, FIBRE_OWNER:Group Telecom], [PAYLOAD:null, SHEATH:CG-SH3-264f, NOTES:null, FIBRE_SYSTEM:null, BUFFER:Dark-White, FIBRE:Red, END:CG-10-1-1, START:CG-1739-1-4, FIBRE_OWNER:Group Telecom], [PAYLOAD:null, SHEATH:CG-SH3-264f, NOTES:null, FIBRE_SYSTEM:null, BUFFER:Dark-White, FIBRE:Black, END:CG-10-1-1, START:CG-1739-1-4, FIBRE_OWNER:Group Telecom], [PAYLOAD:null, SHEATH:CG-SH3-264f, NOTES:null, FIBRE_SYSTEM:null, BUFFER:Dark-White, FIBRE:Yellow, END:CG-10-1-1, START:CG-1739-1-4, FIBRE_OWNER:Group Telecom], [PAYLOAD:null, SHEATH:CG-SH3-264f, NOTES:null, FIBRE_SYSTEM:null, BUFFER:Dark-White, FIBRE:Violet, END:CG-10-1-1, START:CG-1739-1-4, FIBRE_OWNER:Group Telecom], [PAYLOAD:null, SHEATH:CG-SH3-264f, NOTES:null, FIBRE_SYSTEM:null, BUFFER:Dark-White, FIBRE:Rose, END:CG-10-1-1, START:CG-1739-1-4, FIBRE_OWNER:Group Telecom], [PAYLOAD:null, SHEATH:CG-SH3-264f, NOTES:null, FIBRE_SYSTEM:null, BUFFER:Dark-White, FIBRE:Aqua, END:CG-10-1-1, START:CG-1739-1-4, FIBRE_OWNER:Group Telecom], [PAYLOAD:null, SHEATH:CG-SH3-264f, NOTES:null, FIBRE_SYSTEM:null, BUFFER:Dark-Red, FIBRE:Blue, END:CG-10-1-1, START:CG-1739-1-4, FIBRE_OWNER:Group Telecom], [PAYLOAD:null, SHEATH:CG-SH3-264f, NOTES:null, FIBRE_SYSTEM:null, BUFFER:Dark-Red, FIBRE:Orange, END:CG-10-1-1, START:CG-1739-1-4, FIBRE_OWNER:Group Telecom], [PAYLOAD:null, SHEATH:CG-SH3-264f, NOTES:null, FIBRE_SYSTEM:null, BUFFER:Dark-Red, FIBRE:Green, END:CG-10-1-1, START:CG-1739-1-4, FIBRE_OWNER:Group Telecom], [PAYLOAD:null, SHEATH:CG-SH3-264f, NOTES:null, FIBRE_SYSTEM:null, BUFFER:Dark-Red, FIBRE:Brown, END:CG-10-1-1, START:CG-1739-1-4, FIBRE_OWNER:Group Telecom], [PAYLOAD:null, SHEATH:CG-SH3-264f, NOTES:null, FIBRE_SYSTEM:null, BUFFER:Dark-Red, FIBRE:Slate, END:CG-10-1-1, START:CG-1739-1-4, FIBRE_OWNER:Group Telecom], [PAYLOAD:null, SHEATH:CG-SH3-264f, NOTES:null, FIBRE_SYSTEM:null, BUFFER:Dark-Red, FIBRE:White, END:CG-10-1-1, START:CG-1739-1-4, FIBRE_OWNER:Group Telecom], [PAYLOAD:null, SHEATH:CG-SH3-264f, NOTES:null, FIBRE_SYSTEM:null, BUFFER:Dark-Red, FIBRE:Red, END:CG-10-1-1, START:CG-1739-1-4, FIBRE_OWNER:Group Telecom], [PAYLOAD:null, SHEATH:CG-SH3-264f, NOTES:null, FIBRE_SYSTEM:null, BUFFER:Dark-Red, FIBRE:Black, END:CG-10-1-1, START:CG-1739-1-4, FIBRE_OWNER:Group Telecom], [PAYLOAD:null, SHEATH:CG-SH3-264f, NOTES:null, FIBRE_SYSTEM:null, BUFFER:Dark-Red, FIBRE:Yellow, END:CG-10-1-1, START:CG-1739-1-4, FIBRE_OWNER:Group Telecom], [PAYLOAD:null, SHEATH:CG-SH3-264f, NOTES:null, FIBRE_SYSTEM:null, BUFFER:Dark-Red, FIBRE:Violet, END:CG-10-1-1, START:CG-1739-1-4, FIBRE_OWNER:Group Telecom], [PAYLOAD:null, SHEATH:CG-SH3-264f, NOTES:null, FIBRE_SYSTEM:null, BUFFER:Dark-Red, FIBRE:Rose, END:CG-10-1-1, START:CG-1739-1-4, FIBRE_OWNER:Group Telecom], [PAYLOAD:null, SHEATH:CG-SH3-264f, NOTES:null, FIBRE_SYSTEM:null, BUFFER:Dark-Red, FIBRE:Aqua, END:CG-10-1-1, START:CG-1739-1-4, FIBRE_OWNER:Group Telecom], [PAYLOAD:null, SHEATH:CG-SH3-264f, NOTES:null, FIBRE_SYSTEM:null, BUFFER:Dark-Black, FIBRE:Blue, END:CG-10-1-1, START:CG-1739-1-4, FIBRE_OWNER:Group Telecom], [PAYLOAD:null, SHEATH:CG-SH3-264f, NOTES:null, FIBRE_SYSTEM:null, BUFFER:Dark-Black, FIBRE:Orange, END:CG-10-1-1, START:CG-1739-1-4, FIBRE_OWNER:Group Telecom], [PAYLOAD:null, SHEATH:CG-SH3-264f, NOTES:null, FIBRE_SYSTEM:null, BUFFER:Dark-Black, FIBRE:Green, END:CG-10-1-1, START:CG-1739-1-4, FIBRE_OWNER:Group Telecom], [PAYLOAD:null, SHEATH:CG-SH3-264f, NOTES:null, FIBRE_SYSTEM:null, BUFFER:Dark-Black, FIBRE:Brown, END:CG-10-1-1, START:CG-1739-1-4, FIBRE_OWNER:Group Telecom], [PAYLOAD:null, SHEATH:CG-SH3-264f, NOTES:null, FIBRE_SYSTEM:null, BUFFER:Dark-Black, FIBRE:Slate, END:CG-10-1-1, START:CG-1739-1-4, FIBRE_OWNER:Group Telecom], [PAYLOAD:null, SHEATH:CG-SH3-264f, NOTES:null, FIBRE_SYSTEM:null, BUFFER:Dark-Black, FIBRE:White, END:CG-10-1-1, START:CG-1739-1-4, FIBRE_OWNER:Group Telecom], [PAYLOAD:35307, SHEATH:CG-SH3-264f, NOTES:Bell N#27086 New IDP, FIBRE_SYSTEM:CG-10:CG-2211:fs7, BUFFER:Dark-Black, FIBRE:Red, END:CG-10-1-1, START:CG-1739-1-4, FIBRE_OWNER:Group Telecom], [PAYLOAD:35307, SHEATH:CG-SH3-264f, NOTES:Bell N#27086 New IDP, FIBRE_SYSTEM:CG-10:CG-2211:fs7, BUFFER:Dark-Black, FIBRE:Black, END:CG-10-1-1, START:CG-1739-1-4, FIBRE_OWNER:Group Telecom], [PAYLOAD:35307, SHEATH:CG-SH3-264f, NOTES:Bell N#27086 New IDP, FIBRE_SYSTEM:CG-10:CG-2211:fs7, BUFFER:Dark-Black, FIBRE:Yellow, END:CG-10-1-1, START:CG-1739-1-4, FIBRE_OWNER:Group Telecom], [PAYLOAD:35307, SHEATH:CG-SH3-264f, NOTES:Bell N#27086 New IDP, FIBRE_SYSTEM:CG-10:CG-2211:fs7, BUFFER:Dark-Black, FIBRE:Violet, END:CG-10-1-1, START:CG-1739-1-4, FIBRE_OWNER:Group Telecom], [PAYLOAD:35307, SHEATH:CG-SH3-264f, NOTES:Bell N#27086 New IDP, FIBRE_SYSTEM:CG-10:CG-2211:fs7, BUFFER:Dark-Black, FIBRE:Rose, END:CG-10-1-1, START:CG-1739-1-4, FIBRE_OWNER:Group Telecom], [PAYLOAD:35307, SHEATH:CG-SH3-264f, NOTES:Bell N#27086 New IDP, FIBRE_SYSTEM:CG-10:CG-2211:fs7, BUFFER:Dark-Black, FIBRE:Aqua, END:CG-10-1-1, START:CG-1739-1-4, FIBRE_OWNER:Group Telecom], [PAYLOAD:null, SHEATH:CG-SH3-264f, NOTES:null, FIBRE_SYSTEM:null, BUFFER:Dark-Yellow, FIBRE:Blue, END:CG-10-1-1, START:CG-1739-1-4, FIBRE_OWNER:Group Telecom], [PAYLOAD:null, SHEATH:CG-SH3-264f, NOTES:null, FIBRE_SYSTEM:null, BUFFER:Dark-Yellow, FIBRE:Orange, END:CG-10-1-1, START:CG-1739-1-4, FIBRE_OWNER:Group Telecom], [PAYLOAD:null, SHEATH:CG-SH3-264f, NOTES:null, FIBRE_SYSTEM:null, BUFFER:Dark-Yellow, FIBRE:Green, END:CG-10-1-1, START:CG-1739-1-4, FIBRE_OWNER:Group Telecom], [PAYLOAD:null, SHEATH:CG-SH3-264f, NOTES:null, FIBRE_SYSTEM:null, BUFFER:Dark-Yellow, FIBRE:Brown, END:CG-10-1-1, START:CG-1739-1-4, FIBRE_OWNER:Group Telecom], [PAYLOAD:6307, SHEATH:CG-SH3-264f, NOTES:CG10:1586- GT/360, FIBRE_SYSTEM:CG-10:CG-1586:fs1, BUFFER:Dark-Yellow, FIBRE:Slate, END:CG-10-1-1, START:CG-1739-1-4, FIBRE_OWNER:Group Telecom], [PAYLOAD:6307, SHEATH:CG-SH3-264f, NOTES:CG10:1586- GT/360, FIBRE_SYSTEM:CG-10:CG-1586:fs1, BUFFER:Dark-Yellow, FIBRE:White, END:CG-10-1-1, START:CG-1739-1-4, FIBRE_OWNER:Group Telecom], [PAYLOAD:null, SHEATH:CG-SH3-264f, NOTES:null, FIBRE_SYSTEM:null, BUFFER:Dark-Yellow, FIBRE:Red, END:CG-10-1-1, START:CG-1739-1-4, FIBRE_OWNER:Group Telecom], [PAYLOAD:null, SHEATH:CG-SH3-264f, NOTES:null, FIBRE_SYSTEM:null, BUFFER:Dark-Yellow, FIBRE:Black, END:CG-10-1-1, START:CG-1739-1-4, FIBRE_OWNER:Group Telecom], [PAYLOAD:null, SHEATH:CG-SH3-264f, NOTES:null, FIBRE_SYSTEM:null, BUFFER:Dark-Yellow, FIBRE:Yellow, END:CG-10-1-1, START:CG-1739-1-4, FIBRE_OWNER:Group Telecom], [PAYLOAD:null, SHEATH:CG-SH3-264f, NOTES:null, FIBRE_SYSTEM:null, BUFFER:Dark-Yellow, FIBRE:Violet, END:CG-10-1-1, START:CG-1739-1-4, FIBRE_OWNER:Group Telecom], [PAYLOAD:null, SHEATH:CG-SH3-264f, NOTES:null, FIBRE_SYSTEM:null, BUFFER:Dark-Yellow, FIBRE:Rose, END:CG-10-1-1, START:CG-1739-1-4, FIBRE_OWNER:Group Telecom], [PAYLOAD:null, SHEATH:CG-SH3-264f, NOTES:null, FIBRE_SYSTEM:null, BUFFER:Dark-Yellow, FIBRE:Aqua, END:CG-10-1-1, START:CG-1739-1-4, FIBRE_OWNER:Group Telecom], [PAYLOAD:null, SHEATH:CG-SH3-264f, NOTES:null, FIBRE_SYSTEM:null, BUFFER:Dark-Violet, FIBRE:Blue, END:CG-10-1-1, START:CG-1739-1-4, FIBRE_OWNER:Group Telecom], [PAYLOAD:null, SHEATH:CG-SH3-264f, NOTES:null, FIBRE_SYSTEM:null, BUFFER:Dark-Violet, FIBRE:Orange, END:CG-10-1-1, START:CG-1739-1-4, FIBRE_OWNER:Group Telecom], [PAYLOAD:null, SHEATH:CG-SH3-264f, NOTES:null, FIBRE_SYSTEM:null, BUFFER:Dark-Violet, FIBRE:Green, END:CG-10-1-1, START:CG-1739-1-4, FIBRE_OWNER:Group Telecom], [PAYLOAD:null, SHEATH:CG-SH3-264f, NOTES:null, FIBRE_SYSTEM:null, BUFFER:Dark-Violet, FIBRE:Brown, END:CG-10-1-1, START:CG-1739-1-4, FIBRE_OWNER:Group Telecom], [PAYLOAD:null, SHEATH:CG-SH3-264f, NOTES:null, FIBRE_SYSTEM:null, BUFFER:Dark-Violet, FIBRE:Slate, END:CG-10-1-1, START:CG-1739-1-4, FIBRE_OWNER:Group Telecom], [PAYLOAD:null, SHEATH:CG-SH3-264f, NOTES:null, FIBRE_SYSTEM:null, BUFFER:Dark-Violet, FIBRE:White, END:CG-10-1-1, START:CG-1739-1-4, FIBRE_OWNER:Group Telecom], [PAYLOAD:null, SHEATH:CG-SH3-264f, NOTES:null, FIBRE_SYSTEM:null, BUFFER:Dark-Violet, FIBRE:Red, END:CG-10-1-1, START:CG-1739-1-4, FIBRE_OWNER:Group Telecom], [PAYLOAD:null, SHEATH:CG-SH3-264f, NOTES:null, FIBRE_SYSTEM:null, BUFFER:Dark-Violet, FIBRE:Black, END:CG-10-1-1, START:CG-1739-1-4, FIBRE_OWNER:Group Telecom], [PAYLOAD:null, SHEATH:CG-SH3-264f, NOTES:null, FIBRE_SYSTEM:null, BUFFER:Dark-Violet, FIBRE:Yellow, END:CG-10-1-1, START:CG-1739-1-4, FIBRE_OWNER:Group Telecom], [PAYLOAD:null, SHEATH:CG-SH3-264f, NOTES:null, FIBRE_SYSTEM:null, BUFFER:Dark-Violet, FIBRE:Violet, END:CG-10-1-1, START:CG-1739-1-4, FIBRE_OWNER:Group Telecom], [PAYLOAD:null, SHEATH:CG-SH3-264f, NOTES:null, FIBRE_SYSTEM:null, BUFFER:Dark-Violet, FIBRE:Rose, END:CG-10-1-1, START:CG-1739-1-4, FIBRE_OWNER:Group Telecom], [PAYLOAD:null, SHEATH:CG-SH3-264f, NOTES:null, FIBRE_SYSTEM:null, BUFFER:Dark-Violet, FIBRE:Aqua, END:CG-10-1-1, START:CG-1739-1-4, FIBRE_OWNER:Group Telecom]]
]]></system-out>
    <system-err><![CDATA[SLF4J: Failed to load class "org.slf4j.impl.StaticLoggerBinder".
SLF4J: Defaulting to no-operation (NOP) logger implementation
SLF4J: See http://www.slf4j.org/codes.html#StaticLoggerBinder for further details.
Sept 02, 2024 12:33:57 PM org.apache.http.client.protocol.RequestTargetAuthentication process
WARNING: NEGOTIATE authentication error: No valid credentials provided (Mechanism level: No valid credentials provided (Mechanism level: Failed to find any Kerberos tgt))
Sept 02, 2024 12:33:57 PM org.apache.http.client.protocol.RequestTargetAuthentication process
WARNING: NTLM authentication error: Credentials cannot be used for NTLM authentication: org.apache.http.auth.UsernamePasswordCredentials
]]></system-err>
  </testcase>
  <testcase name="PayloadReport_ThirdParty[Third_Party, CG-SH185-48f, 2, ./ExpectedOutput/ExpectedBody2.txt](2)" classname="api.test.ShawTests" time="31.399">
    <system-out><![CDATA[{
    "Summary": [
        [
            "Date",
            "2024-09-02 17:04:58"
        ],
        [
            "User",
            "SPATIALNETWORX\\rakk0001"
        ],
        [
            "Request URL",
            "http://10.246.4.103/spatialSTORM/spatialSUITE/v8_6_2/custom/PayloadReport?ReportType=Third_Party&Sheath=CG-SH185-48f&Segment=2"
        ],
        [
            "Request Processing time (s)",
            5.7570131999999994
        ]
    ],
    "Issues": [
        
    ],
    "Data": [
        {
            "PAYLOAD": "PIF-10938",
            "SHEATH": "CG-SH185-48f",
            "NOTES": "AT&T CO",
            "FIBRE_SYSTEM": "CG-10:EN-766:fs5",
            "BUFFER": "Blue",
            "FIBRE": "Green",
            "END": "CG-10-1-1",
            "START": "CG-10386-1-1",
            "FIBRE_OWNER": "Group Telecom"
        },
        {
            "PAYLOAD": "PIF-10938",
            "SHEATH": "CG-SH185-48f",
            "NOTES": "AT&T CO",
            "FIBRE_SYSTEM": "CG-10:EN-766:fs5",
            "BUFFER": "Blue",
            "FIBRE": "Brown",
            "END": "CG-10-1-1",
            "START": "CG-10386-1-1",
            "FIBRE_OWNER": "Group Telecom"
        },
        {
            "PAYLOAD": "PIF-11210",
            "SHEATH": "CG-SH185-48f",
            "NOTES": "UofC to Bell Nexxia",
            "FIBRE_SYSTEM": "CG-208:CG-818:fs1",
            "BUFFER": "Blue",
            "FIBRE": "Slate",
            "END": "CG-10-1-1",
            "START": "CG-10386-1-1",
            "FIBRE_OWNER": "Group Telecom"
        },
        {
            "PAYLOAD": "PIF-11210",
            "SHEATH": "CG-SH185-48f",
            "NOTES": "UofC to Bell Nexxia",
            "FIBRE_SYSTEM": "CG-208:CG-818:fs1",
            "BUFFER": "Blue",
            "FIBRE": "White",
            "END": "CG-10-1-1",
            "START": "CG-10386-1-1",
            "FIBRE_OWNER": "Group Telecom"
        },
        {
            "PAYLOAD": "PIF-10495",
            "SHEATH": "CG-SH185-48f",
            "NOTES": "ATM Backbone",
            "FIBRE_SYSTEM": "CG-1:CG-10:fs2",
            "BUFFER": "Orange",
            "FIBRE": "Slate",
            "END": "CG-10-1-1",
            "START": "CG-10386-1-1",
            "FIBRE_OWNER": "Group Telecom"
        },
        {
            "PAYLOAD": "PIF-10495",
            "SHEATH": "CG-SH185-48f",
            "NOTES": "ATM Backbone",
            "FIBRE_SYSTEM": "CG-1:CG-10:fs2",
            "BUFFER": "Orange",
            "FIBRE": "White",
            "END": "CG-10-1-1",
            "START": "CG-10386-1-1",
            "FIBRE_OWNER": "Group Telecom"
        },
        {
            "PAYLOAD": "2301",
            "SHEATH": "CG-SH185-48f",
            "NOTES": "West SHE-Dntn (GT)",
            "FIBRE_SYSTEM": "CG-1:CG-10:fs34",
            "BUFFER": "Orange",
            "FIBRE": "Red",
            "END": "CG-10-1-1",
            "START": "CG-10386-1-1",
            "FIBRE_OWNER": "Group Telecom"
        },
        {
            "PAYLOAD": "2301",
            "SHEATH": "CG-SH185-48f",
            "NOTES": "West SHE-Dntn (GT)",
            "FIBRE_SYSTEM": "CG-1:CG-10:fs34",
            "BUFFER": "Orange",
            "FIBRE": "Black",
            "END": "CG-10-1-1",
            "START": "CG-10386-1-1",
            "FIBRE_OWNER": "Group Telecom"
        },
        {
            "PAYLOAD": "CCDT-124-L1000,PIF-10014",
            "SHEATH": "CG-SH185-48f",
            "NOTES": "CG1:10 Sonet Ring",
            "FIBRE_SYSTEM": "CG-1:CG-10:fs4",
            "BUFFER": "Green",
            "FIBRE": "Blue",
            "END": "CG-10-1-1",
            "START": "CG-10386-1-1",
            "FIBRE_OWNER": "Group Telecom"
        },
        {
            "PAYLOAD": "CCDT-124-L1000,PIF-10014",
            "SHEATH": "CG-SH185-48f",
            "NOTES": "CG1:10 Sonet Ring",
            "FIBRE_SYSTEM": "CG-1:CG-10:fs4",
            "BUFFER": "Green",
            "FIBRE": "Orange",
            "END": "CG-10-1-1",
            "START": "CG-10386-1-1",
            "FIBRE_OWNER": "Group Telecom"
        },
        {
            "PAYLOAD": "PIF-10161",
            "SHEATH": "CG-SH185-48f",
            "NOTES": "Wellington Bldg",
            "FIBRE_SYSTEM": "CG-10:CG-672:fs2",
            "BUFFER": "Green",
            "FIBRE": "Yellow",
            "END": "CG-10-1-1",
            "START": "CG-10386-1-1",
            "FIBRE_OWNER": "Group Telecom"
        },
        {
            "PAYLOAD": "PIF-10161",
            "SHEATH": "CG-SH185-48f",
            "NOTES": "Wellington Bldg",
            "FIBRE_SYSTEM": "CG-10:CG-672:fs2",
            "BUFFER": "Green",
            "FIBRE": "Violet",
            "END": "CG-10-1-1",
            "START": "CG-10386-1-1",
            "FIBRE_OWNER": "Group Telecom"
        },
        {
            "PAYLOAD": "2841",
            "SHEATH": "CG-SH185-48f",
            "NOTES": "U of C (GT)",
            "FIBRE_SYSTEM": "CG-10:CG-208:fs4",
            "BUFFER": "Green",
            "FIBRE": "Rose",
            "END": "CG-10-1-1",
            "START": "CG-10386-1-1",
            "FIBRE_OWNER": "Group Telecom"
        },
        {
            "PAYLOAD": "2841",
            "SHEATH": "CG-SH185-48f",
            "NOTES": "U of C (GT)",
            "FIBRE_SYSTEM": "CG-10:CG-208:fs4",
            "BUFFER": "Green",
            "FIBRE": "Aqua",
            "END": "CG-10-1-1",
            "START": "CG-10386-1-1",
            "FIBRE_OWNER": "Group Telecom"
        },
        {
            "PAYLOAD": null,
            "SHEATH": "CG-SH185-48f",
            "NOTES": null,
            "FIBRE_SYSTEM": null,
            "BUFFER": "Brown",
            "FIBRE": "Green",
            "END": "CG-10-1-1",
            "START": "CG-10386-1-1",
            "FIBRE_OWNER": "Group Telecom"
        },
        {
            "PAYLOAD": null,
            "SHEATH": "CG-SH185-48f",
            "NOTES": null,
            "FIBRE_SYSTEM": null,
            "BUFFER": "Brown",
            "FIBRE": "Brown",
            "END": "CG-10-1-1",
            "START": "CG-10386-1-1",
            "FIBRE_OWNER": "Group Telecom"
        },
        {
            "PAYLOAD": "PIF-10195",
            "SHEATH": "CG-SH185-48f",
            "NOTES": "Sonet",
            "FIBRE_SYSTEM": "CG-2:CG-10:fs2",
            "BUFFER": "Brown",
            "FIBRE": "Red",
            "END": "CG-10-1-1",
            "START": "CG-10386-1-1",
            "FIBRE_OWNER": "Group Telecom"
        },
        {
            "PAYLOAD": "PIF-10195",
            "SHEATH": "CG-SH185-48f",
            "NOTES": "Sonet",
            "FIBRE_SYSTEM": "CG-2:CG-10:fs2",
            "BUFFER": "Brown",
            "FIBRE": "Black",
            "END": "CG-10-1-1",
            "START": "CG-10386-1-1",
            "FIBRE_OWNER": "Group Telecom"
        },
        {
            "PAYLOAD": null,
            "SHEATH": "CG-SH185-48f",
            "NOTES": "*BW-B2606A-1,CG-1:CG-10 Empty",
            "FIBRE_SYSTEM": null,
            "BUFFER": "Brown",
            "FIBRE": "Yellow",
            "END": "CG-10-1-1",
            "START": "CG-10386-1-1",
            "FIBRE_OWNER": "Group Telecom"
        },
        {
            "PAYLOAD": null,
            "SHEATH": "CG-SH185-48f",
            "NOTES": "*BW-B2606A-2,CG-1:CG-10 Empty",
            "FIBRE_SYSTEM": null,
            "BUFFER": "Brown",
            "FIBRE": "Violet",
            "END": "CG-10-1-1",
            "START": "CG-10386-1-1",
            "FIBRE_OWNER": "Group Telecom"
        }
    ]
}
Actual body: [[PAYLOAD:PIF-10938, SHEATH:CG-SH185-48f, NOTES:AT&T CO, FIBRE_SYSTEM:CG-10:EN-766:fs5, BUFFER:Blue, FIBRE:Green, END:CG-10-1-1, START:CG-10386-1-1, FIBRE_OWNER:Group Telecom], [PAYLOAD:PIF-10938, SHEATH:CG-SH185-48f, NOTES:AT&T CO, FIBRE_SYSTEM:CG-10:EN-766:fs5, BUFFER:Blue, FIBRE:Brown, END:CG-10-1-1, START:CG-10386-1-1, FIBRE_OWNER:Group Telecom], [PAYLOAD:PIF-11210, SHEATH:CG-SH185-48f, NOTES:UofC to Bell Nexxia, FIBRE_SYSTEM:CG-208:CG-818:fs1, BUFFER:Blue, FIBRE:Slate, END:CG-10-1-1, START:CG-10386-1-1, FIBRE_OWNER:Group Telecom], [PAYLOAD:PIF-11210, SHEATH:CG-SH185-48f, NOTES:UofC to Bell Nexxia, FIBRE_SYSTEM:CG-208:CG-818:fs1, BUFFER:Blue, FIBRE:White, END:CG-10-1-1, START:CG-10386-1-1, FIBRE_OWNER:Group Telecom], [PAYLOAD:PIF-10495, SHEATH:CG-SH185-48f, NOTES:ATM Backbone, FIBRE_SYSTEM:CG-1:CG-10:fs2, BUFFER:Orange, FIBRE:Slate, END:CG-10-1-1, START:CG-10386-1-1, FIBRE_OWNER:Group Telecom], [PAYLOAD:PIF-10495, SHEATH:CG-SH185-48f, NOTES:ATM Backbone, FIBRE_SYSTEM:CG-1:CG-10:fs2, BUFFER:Orange, FIBRE:White, END:CG-10-1-1, START:CG-10386-1-1, FIBRE_OWNER:Group Telecom], [PAYLOAD:2301, SHEATH:CG-SH185-48f, NOTES:West SHE-Dntn (GT), FIBRE_SYSTEM:CG-1:CG-10:fs34, BUFFER:Orange, FIBRE:Red, END:CG-10-1-1, START:CG-10386-1-1, FIBRE_OWNER:Group Telecom], [PAYLOAD:2301, SHEATH:CG-SH185-48f, NOTES:West SHE-Dntn (GT), FIBRE_SYSTEM:CG-1:CG-10:fs34, BUFFER:Orange, FIBRE:Black, END:CG-10-1-1, START:CG-10386-1-1, FIBRE_OWNER:Group Telecom], [PAYLOAD:CCDT-124-L1000,PIF-10014, SHEATH:CG-SH185-48f, NOTES:CG1:10 Sonet Ring, FIBRE_SYSTEM:CG-1:CG-10:fs4, BUFFER:Green, FIBRE:Blue, END:CG-10-1-1, START:CG-10386-1-1, FIBRE_OWNER:Group Telecom], [PAYLOAD:CCDT-124-L1000,PIF-10014, SHEATH:CG-SH185-48f, NOTES:CG1:10 Sonet Ring, FIBRE_SYSTEM:CG-1:CG-10:fs4, BUFFER:Green, FIBRE:Orange, END:CG-10-1-1, START:CG-10386-1-1, FIBRE_OWNER:Group Telecom], [PAYLOAD:PIF-10161, SHEATH:CG-SH185-48f, NOTES:Wellington Bldg, FIBRE_SYSTEM:CG-10:CG-672:fs2, BUFFER:Green, FIBRE:Yellow, END:CG-10-1-1, START:CG-10386-1-1, FIBRE_OWNER:Group Telecom], [PAYLOAD:PIF-10161, SHEATH:CG-SH185-48f, NOTES:Wellington Bldg, FIBRE_SYSTEM:CG-10:CG-672:fs2, BUFFER:Green, FIBRE:Violet, END:CG-10-1-1, START:CG-10386-1-1, FIBRE_OWNER:Group Telecom], [PAYLOAD:2841, SHEATH:CG-SH185-48f, NOTES:U of C (GT), FIBRE_SYSTEM:CG-10:CG-208:fs4, BUFFER:Green, FIBRE:Rose, END:CG-10-1-1, START:CG-10386-1-1, FIBRE_OWNER:Group Telecom], [PAYLOAD:2841, SHEATH:CG-SH185-48f, NOTES:U of C (GT), FIBRE_SYSTEM:CG-10:CG-208:fs4, BUFFER:Green, FIBRE:Aqua, END:CG-10-1-1, START:CG-10386-1-1, FIBRE_OWNER:Group Telecom], [PAYLOAD:null, SHEATH:CG-SH185-48f, NOTES:null, FIBRE_SYSTEM:null, BUFFER:Brown, FIBRE:Green, END:CG-10-1-1, START:CG-10386-1-1, FIBRE_OWNER:Group Telecom], [PAYLOAD:null, SHEATH:CG-SH185-48f, NOTES:null, FIBRE_SYSTEM:null, BUFFER:Brown, FIBRE:Brown, END:CG-10-1-1, START:CG-10386-1-1, FIBRE_OWNER:Group Telecom], [PAYLOAD:PIF-10195, SHEATH:CG-SH185-48f, NOTES:Sonet, FIBRE_SYSTEM:CG-2:CG-10:fs2, BUFFER:Brown, FIBRE:Red, END:CG-10-1-1, START:CG-10386-1-1, FIBRE_OWNER:Group Telecom], [PAYLOAD:PIF-10195, SHEATH:CG-SH185-48f, NOTES:Sonet, FIBRE_SYSTEM:CG-2:CG-10:fs2, BUFFER:Brown, FIBRE:Black, END:CG-10-1-1, START:CG-10386-1-1, FIBRE_OWNER:Group Telecom], [PAYLOAD:null, SHEATH:CG-SH185-48f, NOTES:*BW-B2606A-1,CG-1:CG-10 Empty, FIBRE_SYSTEM:null, BUFFER:Brown, FIBRE:Yellow, END:CG-10-1-1, START:CG-10386-1-1, FIBRE_OWNER:Group Telecom], [PAYLOAD:null, SHEATH:CG-SH185-48f, NOTES:*BW-B2606A-2,CG-1:CG-10 Empty, FIBRE_SYSTEM:null, BUFFER:Brown, FIBRE:Violet, END:CG-10-1-1, START:CG-10386-1-1, FIBRE_OWNER:Group Telecom]]
Expected Body: [[PAYLOAD:PIF-10938, SHEATH:CG-SH185-48f, NOTES:AT&T CO, FIBRE_SYSTEM:CG-10:EN-766:fs5, BUFFER:Blue, FIBRE:Green, END:CG-10-1-1, START:CG-10386-1-1, FIBRE_OWNER:Group Telecom], [PAYLOAD:PIF-10938, SHEATH:CG-SH185-48f, NOTES:AT&T CO, FIBRE_SYSTEM:CG-10:EN-766:fs5, BUFFER:Blue, FIBRE:Brown, END:CG-10-1-1, START:CG-10386-1-1, FIBRE_OWNER:Group Telecom], [PAYLOAD:PIF-11210, SHEATH:CG-SH185-48f, NOTES:UofC to Bell Nexxia, FIBRE_SYSTEM:CG-208:CG-818:fs1, BUFFER:Blue, FIBRE:Slate, END:CG-10-1-1, START:CG-10386-1-1, FIBRE_OWNER:Group Telecom], [PAYLOAD:PIF-11210, SHEATH:CG-SH185-48f, NOTES:UofC to Bell Nexxia, FIBRE_SYSTEM:CG-208:CG-818:fs1, BUFFER:Blue, FIBRE:White, END:CG-10-1-1, START:CG-10386-1-1, FIBRE_OWNER:Group Telecom], [PAYLOAD:PIF-10495, SHEATH:CG-SH185-48f, NOTES:ATM Backbone, FIBRE_SYSTEM:CG-1:CG-10:fs2, BUFFER:Orange, FIBRE:Slate, END:CG-10-1-1, START:CG-10386-1-1, FIBRE_OWNER:Group Telecom], [PAYLOAD:PIF-10495, SHEATH:CG-SH185-48f, NOTES:ATM Backbone, FIBRE_SYSTEM:CG-1:CG-10:fs2, BUFFER:Orange, FIBRE:White, END:CG-10-1-1, START:CG-10386-1-1, FIBRE_OWNER:Group Telecom], [PAYLOAD:2301, SHEATH:CG-SH185-48f, NOTES:West SHE-Dntn (GT), FIBRE_SYSTEM:CG-1:CG-10:fs34, BUFFER:Orange, FIBRE:Red, END:CG-10-1-1, START:CG-10386-1-1, FIBRE_OWNER:Group Telecom], [PAYLOAD:2301, SHEATH:CG-SH185-48f, NOTES:West SHE-Dntn (GT), FIBRE_SYSTEM:CG-1:CG-10:fs34, BUFFER:Orange, FIBRE:Black, END:CG-10-1-1, START:CG-10386-1-1, FIBRE_OWNER:Group Telecom], [PAYLOAD:CCDT-124-L1000,PIF-10014, SHEATH:CG-SH185-48f, NOTES:CG1:10 Sonet Ring, FIBRE_SYSTEM:CG-1:CG-10:fs4, BUFFER:Green, FIBRE:Blue, END:CG-10-1-1, START:CG-10386-1-1, FIBRE_OWNER:Group Telecom], [PAYLOAD:CCDT-124-L1000,PIF-10014, SHEATH:CG-SH185-48f, NOTES:CG1:10 Sonet Ring, FIBRE_SYSTEM:CG-1:CG-10:fs4, BUFFER:Green, FIBRE:Orange, END:CG-10-1-1, START:CG-10386-1-1, FIBRE_OWNER:Group Telecom], [PAYLOAD:PIF-10161, SHEATH:CG-SH185-48f, NOTES:Wellington Bldg, FIBRE_SYSTEM:CG-10:CG-672:fs2, BUFFER:Green, FIBRE:Yellow, END:CG-10-1-1, START:CG-10386-1-1, FIBRE_OWNER:Group Telecom], [PAYLOAD:PIF-10161, SHEATH:CG-SH185-48f, NOTES:Wellington Bldg, FIBRE_SYSTEM:CG-10:CG-672:fs2, BUFFER:Green, FIBRE:Violet, END:CG-10-1-1, START:CG-10386-1-1, FIBRE_OWNER:Group Telecom], [PAYLOAD:2841, SHEATH:CG-SH185-48f, NOTES:U of C (GT), FIBRE_SYSTEM:CG-10:CG-208:fs4, BUFFER:Green, FIBRE:Rose, END:CG-10-1-1, START:CG-10386-1-1, FIBRE_OWNER:Group Telecom], [PAYLOAD:2841, SHEATH:CG-SH185-48f, NOTES:U of C (GT), FIBRE_SYSTEM:CG-10:CG-208:fs4, BUFFER:Green, FIBRE:Aqua, END:CG-10-1-1, START:CG-10386-1-1, FIBRE_OWNER:Group Telecom], [PAYLOAD:null, SHEATH:CG-SH185-48f, NOTES:null, FIBRE_SYSTEM:null, BUFFER:Brown, FIBRE:Green, END:CG-10-1-1, START:CG-10386-1-1, FIBRE_OWNER:Group Telecom], [PAYLOAD:null, SHEATH:CG-SH185-48f, NOTES:null, FIBRE_SYSTEM:null, BUFFER:Brown, FIBRE:Brown, END:CG-10-1-1, START:CG-10386-1-1, FIBRE_OWNER:Group Telecom], [PAYLOAD:PIF-10195, SHEATH:CG-SH185-48f, NOTES:Sonet, FIBRE_SYSTEM:CG-2:CG-10:fs2, BUFFER:Brown, FIBRE:Red, END:CG-10-1-1, START:CG-10386-1-1, FIBRE_OWNER:Group Telecom], [PAYLOAD:PIF-10195, SHEATH:CG-SH185-48f, NOTES:Sonet, FIBRE_SYSTEM:CG-2:CG-10:fs2, BUFFER:Brown, FIBRE:Black, END:CG-10-1-1, START:CG-10386-1-1, FIBRE_OWNER:Group Telecom], [PAYLOAD:null, SHEATH:CG-SH185-48f, NOTES:*BW-B2606A-1,CG-1:CG-10 Empty, FIBRE_SYSTEM:null, BUFFER:Brown, FIBRE:Yellow, END:CG-10-1-1, START:CG-10386-1-1, FIBRE_OWNER:Group Telecom], [PAYLOAD:null, SHEATH:CG-SH185-48f, NOTES:*BW-B2606A-2,CG-1:CG-10 Empty, FIBRE_SYSTEM:null, BUFFER:Brown, FIBRE:Violet, END:CG-10-1-1, START:CG-10386-1-1, FIBRE_OWNER:Group Telecom]]
]]></system-out>
    <system-err><![CDATA[Sept 02, 2024 12:34:54 PM org.apache.http.client.protocol.RequestTargetAuthentication process
WARNING: NEGOTIATE authentication error: No valid credentials provided (Mechanism level: No valid credentials provided (Mechanism level: Failed to find any Kerberos tgt))
Sept 02, 2024 12:34:54 PM org.apache.http.client.protocol.RequestTargetAuthentication process
WARNING: NTLM authentication error: Credentials cannot be used for NTLM authentication: org.apache.http.auth.UsernamePasswordCredentials
]]></system-err>
  </testcase>
  <testcase name="PayloadReport_ThirdParty[PIF, , , ](3)" classname="api.test.ShawTests" time="25.607">
    <failure message="expected [] but found [null]" type="java.lang.AssertionError"><![CDATA[java.lang.AssertionError: expected [] but found [null]
	at org.testng.Assert.fail(Assert.java:111)
	at org.testng.Assert.failNotEquals(Assert.java:1578)
	at org.testng.Assert.assertEqualsImpl(Assert.java:150)
	at org.testng.Assert.assertEquals(Assert.java:132)
	at org.testng.Assert.assertEquals(Assert.java:656)
	at org.testng.Assert.assertEquals(Assert.java:666)
	at api.test.ShawTests.PayloadReport_ThirdParty(ShawTests.java:114)
	at java.base/jdk.internal.reflect.DirectMethodHandleAccessor.invoke(DirectMethodHandleAccessor.java:103)
	at java.base/java.lang.reflect.Method.invoke(Method.java:580)
	at org.testng.internal.invokers.MethodInvocationHelper.invokeMethod(MethodInvocationHelper.java:141)
	at org.testng.internal.invokers.TestInvoker.invokeMethod(TestInvoker.java:686)
	at org.testng.internal.invokers.TestInvoker.invokeTestMethod(TestInvoker.java:230)
	at org.testng.internal.invokers.MethodRunner.runInSequence(MethodRunner.java:63)
	at org.testng.internal.invokers.TestInvoker$MethodInvocationAgent.invoke(TestInvoker.java:992)
	at org.testng.internal.invokers.TestInvoker.invokeTestMethods(TestInvoker.java:203)
	at org.testng.internal.invokers.TestMethodWorker.invokeTestMethods(TestMethodWorker.java:154)
	at org.testng.internal.invokers.TestMethodWorker.run(TestMethodWorker.java:134)
	at java.base/java.util.ArrayList.forEach(ArrayList.java:1597)
	at org.testng.TestRunner.privateRun(TestRunner.java:739)
	at org.testng.TestRunner.run(TestRunner.java:614)
	at org.testng.SuiteRunner.runTest(SuiteRunner.java:421)
	at org.testng.SuiteRunner.runSequentially(SuiteRunner.java:413)
	at org.testng.SuiteRunner.privateRun(SuiteRunner.java:373)
	at org.testng.SuiteRunner.run(SuiteRunner.java:312)
	at org.testng.SuiteRunnerWorker.runSuite(SuiteRunnerWorker.java:52)
	at org.testng.SuiteRunnerWorker.run(SuiteRunnerWorker.java:95)
	at org.testng.TestNG.runSuitesSequentially(TestNG.java:1274)
	at org.testng.TestNG.runSuitesLocally(TestNG.java:1208)
	at org.testng.TestNG.runSuites(TestNG.java:1112)
	at org.testng.TestNG.run(TestNG.java:1079)
	at org.apache.maven.surefire.testng.TestNGExecutor.run(TestNGExecutor.java:308)
	at org.apache.maven.surefire.testng.TestNGXmlTestSuite.execute(TestNGXmlTestSuite.java:71)
	at org.apache.maven.surefire.testng.TestNGProvider.invoke(TestNGProvider.java:113)
	at org.apache.maven.surefire.booter.ForkedBooter.runSuitesInProcess(ForkedBooter.java:385)
	at org.apache.maven.surefire.booter.ForkedBooter.execute(ForkedBooter.java:162)
	at org.apache.maven.surefire.booter.ForkedBooter.run(ForkedBooter.java:507)
	at org.apache.maven.surefire.booter.ForkedBooter.main(ForkedBooter.java:495)
]]></failure>
    <system-out><![CDATA[{
    "Summary": [
        [
            "Date",
            "2024-09-02 17:05:24"
        ],
        [
            "User",
            "SPATIALNETWORX\\rakk0001"
        ],
        [
            "Request URL",
            "http://10.246.4.103/spatialSTORM/spatialSUITE/v8_6_2/custom/PayloadReport?ReportType=PIF&Sheath=&Segment="
        ],
        [
            "Request Processing time (s)",
            0.0080027
        ]
    ],
    "Issues": [
        {
            "Code": "009",
            "CodeMessage": "Data or input error: Could not identify exactly one resource matching the provided identifier",
            "Detail": "Could not match a Sheath to the name provided: ",
            "Severity": "ERROR",
            "StackTrace": [
                "   at CustomServicesPlugin.WorkOrderReports.PayloadReportHandlerBase.gather(IStore store) in c:\\jenkins\\TestPipelines\\Services\\5\\Shaw\\spatialstorm\\DEV\\CSharp\\CustomServicesPlugin\\WorkOrderReports\\PayloadReport.cs:line 156",
                "   at CustomServicesPlugin.WorkOrderReports.PayloadReportHandlerBase.Request(IStore store, Context context, PayloadReportRequest request) in c:\\jenkins\\TestPipelines\\Services\\5\\Shaw\\spatialstorm\\DEV\\CSharp\\CustomServicesPlugin\\WorkOrderReports\\PayloadReport.cs:line 72"
            ],
            "InnerException": null
        }
    ],
    "Data": null
}
Actual body: null
An error occurred.
]]></system-out>
    <system-err><![CDATA[Sept 02, 2024 12:35:25 PM org.apache.http.client.protocol.RequestTargetAuthentication process
WARNING: NEGOTIATE authentication error: No valid credentials provided (Mechanism level: No valid credentials provided (Mechanism level: Failed to find any Kerberos tgt))
Sept 02, 2024 12:35:25 PM org.apache.http.client.protocol.RequestTargetAuthentication process
WARNING: NTLM authentication error: Credentials cannot be used for NTLM authentication: org.apache.http.auth.UsernamePasswordCredentials
java.io.FileNotFoundException: 
	at java.base/java.io.FileInputStream.open0(Native Method)
	at java.base/java.io.FileInputStream.open(FileInputStream.java:213)
	at java.base/java.io.FileInputStream.<init>(FileInputStream.java:152)
	at java.base/java.util.Scanner.<init>(Scanner.java:662)
	at api.test.ShawTests.PayloadReport_ThirdParty(ShawTests.java:103)
	at java.base/jdk.internal.reflect.DirectMethodHandleAccessor.invoke(DirectMethodHandleAccessor.java:103)
	at java.base/java.lang.reflect.Method.invoke(Method.java:580)
	at org.testng.internal.invokers.MethodInvocationHelper.invokeMethod(MethodInvocationHelper.java:141)
	at org.testng.internal.invokers.TestInvoker.invokeMethod(TestInvoker.java:686)
	at org.testng.internal.invokers.TestInvoker.invokeTestMethod(TestInvoker.java:230)
	at org.testng.internal.invokers.MethodRunner.runInSequence(MethodRunner.java:63)
	at org.testng.internal.invokers.TestInvoker$MethodInvocationAgent.invoke(TestInvoker.java:992)
	at org.testng.internal.invokers.TestInvoker.invokeTestMethods(TestInvoker.java:203)
	at org.testng.internal.invokers.TestMethodWorker.invokeTestMethods(TestMethodWorker.java:154)
	at org.testng.internal.invokers.TestMethodWorker.run(TestMethodWorker.java:134)
	at java.base/java.util.ArrayList.forEach(ArrayList.java:1597)
	at org.testng.TestRunner.privateRun(TestRunner.java:739)
	at org.testng.TestRunner.run(TestRunner.java:614)
	at org.testng.SuiteRunner.runTest(SuiteRunner.java:421)
	at org.testng.SuiteRunner.runSequentially(SuiteRunner.java:413)
	at org.testng.SuiteRunner.privateRun(SuiteRunner.java:373)
	at org.testng.SuiteRunner.run(SuiteRunner.java:312)
	at org.testng.SuiteRunnerWorker.runSuite(SuiteRunnerWorker.java:52)
	at org.testng.SuiteRunnerWorker.run(SuiteRunnerWorker.java:95)
	at org.testng.TestNG.runSuitesSequentially(TestNG.java:1274)
	at org.testng.TestNG.runSuitesLocally(TestNG.java:1208)
	at org.testng.TestNG.runSuites(TestNG.java:1112)
	at org.testng.TestNG.run(TestNG.java:1079)
	at org.apache.maven.surefire.testng.TestNGExecutor.run(TestNGExecutor.java:308)
	at org.apache.maven.surefire.testng.TestNGXmlTestSuite.execute(TestNGXmlTestSuite.java:71)
	at org.apache.maven.surefire.testng.TestNGProvider.invoke(TestNGProvider.java:113)
	at org.apache.maven.surefire.booter.ForkedBooter.runSuitesInProcess(ForkedBooter.java:385)
	at org.apache.maven.surefire.booter.ForkedBooter.execute(ForkedBooter.java:162)
	at org.apache.maven.surefire.booter.ForkedBooter.run(ForkedBooter.java:507)
	at org.apache.maven.surefire.booter.ForkedBooter.main(ForkedBooter.java:495)
]]></system-err>
  </testcase>
</testsuite>