<?xml version="1.0" encoding="UTF-8"?>
<!-- Generated by org.testng.reporters.JUnitReportReporter -->
<testsuite hostname="SPNXIN-4CDJ924" failures="0" tests="1" name="PayloadReport" time="47.572" errors="0" timestamp="2024-07-24T18:04:38 IST" skipped="0">
  <testcase classname="PayloadReport" name="testPayloadReport" time="47.572"/>
</testsuite> <!-- PayloadReport -->
