<?xml version="1.0" encoding="UTF-8"?>
<!-- Generated by org.testng.reporters.JUnitReportReporter -->
<testsuite hostname="SPNXIN-4CDJ924" failures="0" tests="2" name="api.test.ShawTests" time="97.090" errors="0" timestamp="2024-09-03T11:05:54 IST" skipped="0">
  <testcase classname="api.test.ShawTests" name="PayloadReport" time="46.001"/>
  <testcase classname="api.test.ShawTests" name="PayloadReport" time="51.089"/>
</testsuite> <!-- api.test.ShawTests -->
